#
# A fatal error has been detected by the Java Runtime Environment:
#
#  Internal Error (javaCalls.cpp:61), pid=16070, tid=2406480752
#  guarantee(!thread->is_Compiler_thread()) failed: cannot make java calls from the compiler
#
# JRE version: 6.0_30-b12
# Java VM: Java HotSpot(TM) Server VM (20.5-b03 mixed mode linux-x86 )
# If you would like to submit a bug report, please visit:
#   http://java.sun.com/webapps/bugreport/crash.jsp
#

---------------  T H R E A D  ---------------

Current thread (0x09961c00):  JavaThread "C2 CompilerThread1" daemon [_thread_in_vm, id=16079, stack(0x8f67f000,0x8f700000)]

Stack: [0x8f67f000,0x8f700000],  sp=0x8f6fdb10,  free space=506k
Native frames: (J=compiled Java code, j=interpreted, Vv=VM code, C=native code)
V  [libjvm.so+0x7247a0]  VMError::report_and_die()+0x2b0
V  [libjvm.so+0x2f683e]  report_vm_error(char const*, int, char const*, char const*)+0x3e
V  [libjvm.so+0x3df24c]  JavaCallWrapper::JavaCallWrapper(methodHandle, Handle, JavaValue*, Thread*)+0x20c
V  [libjvm.so+0x3dfc79]  JavaCalls::call_helper(JavaValue*, methodHandle*, JavaCallArguments*, Thread*)+0x129
V  [libjvm.so+0x5e12d8]  os::os_exception_wrapper(void (*)(JavaValue*, methodHandle*, JavaCallArguments*, Thread*), JavaValue*, methodHandle*, JavaCallArguments*, Thread*)+0x18
V  [libjvm.so+0x3df7d2]  JavaCalls::call_special(JavaValue*, KlassHandle, symbolHandle, symbolHandle, JavaCallArguments*, Thread*)+0x82
V  [libjvm.so+0x34caf3]  Exceptions::new_exception(Thread*, symbolHandle, symbolHandle, JavaCallArguments*, Handle, Handle, Handle)+0x253
V  [libjvm.so+0x34cc7b]  Exceptions::new_exception(Thread*, symbolHandle, char const*, Handle, Handle, Handle, Exceptions::ExceptionMsgToUtf8Mode)+0x17b
V  [libjvm.so+0x34cd73]  Exceptions::new_exception(Thread*, symbolOopDesc*, char const*, Exceptions::ExceptionMsgToUtf8Mode)+0x63
V  [libjvm.so+0x3884af]  GenerateOopMap::verify_error(char const*, ...)+0x7f
V  [libjvm.so+0x38324b]  GenerateOopMap::merge_state_into_bb(BasicBlock*)+0x6b
V  [libjvm.so+0x383b45]  GenerateOopMap::interp_bb(BasicBlock*)+0x145
V  [libjvm.so+0x3839d6]  GenerateOopMap::interp_all()+0x46
V  [libjvm.so+0x3835b3]  GenerateOopMap::do_interpretation()+0xd3
V  [libjvm.so+0x388315]  GenerateOopMap::compute_map(Thread*)+0x225
V  [libjvm.so+0x5d73bd]  OopMapForCacheEntry::compute_map(Thread*)+0x9d
V  [libjvm.so+0x5d7cc8]  OopMapCacheEntry::fill(methodHandle, int)+0x118
V  [libjvm.so+0x5d86cb]  OopMapCache::compute_one_oop_map(methodHandle, int, InterpreterOopMap*)+0x5b
V  [libjvm.so+0x267176]  ciMethod::live_local_oops_at_bci(int)+0xd6
V  [libjvm.so+0x5f6d0d]  Parse::load_interpreter_state(Node*)+0x35d
V  [libjvm.so+0x5f82c9]  Parse::Parse(JVMState*, ciMethod*, float)+0x4a9
V  [libjvm.so+0x24426e]  ParseGenerator::generate(JVMState*)+0x7e
V  [libjvm.so+0x2b8708]  Compile::Compile(ciEnv*, C2Compiler*, ciMethod*, int, bool, bool)+0x738
V  [libjvm.so+0x243857]  C2Compiler::compile_method(ciEnv*, ciMethod*, int)+0xe7
V  [libjvm.so+0x2c254c]  CompileBroker::invoke_compiler_on_method(CompileTask*)+0x2dc
V  [libjvm.so+0x2c1dc1]  CompileBroker::compiler_thread_loop()+0x351
V  [libjvm.so+0x6e8536]  compiler_thread_entry(JavaThread*, Thread*)+0x16
V  [libjvm.so+0x6e16ff]  JavaThread::run()+0x11f
V  [libjvm.so+0x5e2b2e]  java_start(Thread*)+0x14e
C  [libpthread.so.0+0x6d31]  short+0xd1


Current CompileTask:
C2:    234   1%     java.util.concurrent.locks.ReentrantLock.lock()V @ 12 (56 bytes)


---------------  P R O C E S S  ---------------

Java Threads: ( => current thread )
  0x8f495400 JavaThread "DestroyJavaVM" [_thread_blocked, id=16071, stack(0xb695c000,0xb69ad000)]
  0x8f493c00 JavaThread "Test Thread 80" [_thread_blocked, id=16165, stack(0x8da0e000,0x8da5f000)]
  0x8f489400 JavaThread "Test Thread 73" [_thread_blocked, id=16158, stack(0x8dc45000,0x8dc96000)]
  0x8f477400 JavaThread "Test Thread 61" [_thread_blocked, id=16146, stack(0x8e011000,0x8e062000)]
  0x8f474400 JavaThread "Test Thread 59" [_thread_blocked, id=16144, stack(0x8e0b3000,0x8e104000)]
  0x8f471400 JavaThread "Test Thread 57" [_thread_blocked, id=16142, stack(0x8e155000,0x8e1a6000)]
  0x8f46e400 JavaThread "Test Thread 55" [_thread_blocked, id=16140, stack(0x8e1f7000,0x8e248000)]
  0x8f46cc00 JavaThread "Test Thread 54" [_thread_blocked, id=16139, stack(0x8e248000,0x8e299000)]
  0x8f46b400 JavaThread "Test Thread 53" [_thread_blocked, id=16138, stack(0x8e299000,0x8e2ea000)]
  0x8f469c00 JavaThread "Test Thread 52" [_thread_blocked, id=16137, stack(0x8e2ea000,0x8e33b000)]
  0x8f466c00 JavaThread "Test Thread 50" [_thread_blocked, id=16135, stack(0x8e38c000,0x8e3dd000)]
  0x8f465400 JavaThread "Test Thread 49" [_thread_blocked, id=16134, stack(0x8e3dd000,0x8e42e000)]
  0x8f463c00 JavaThread "Test Thread 48" [_thread_blocked, id=16133, stack(0x8e42e000,0x8e47f000)]
  0x8f462400 JavaThread "Test Thread 47" [_thread_blocked, id=16132, stack(0x8e47f000,0x8e4d0000)]
  0x8f460c00 JavaThread "Test Thread 46" [_thread_blocked, id=16131, stack(0x8e4d0000,0x8e521000)]
  0x8f45ac00 JavaThread "Test Thread 42" [_thread_blocked, id=16127, stack(0x8e614000,0x8e665000)]
  0x8f454c00 JavaThread "Test Thread 38" [_thread_blocked, id=16123, stack(0x8e758000,0x8e7a9000)]
  0x8f453400 JavaThread "Test Thread 37" [_thread_blocked, id=16122, stack(0x8e7a9000,0x8e7fa000)]
  0x8f451c00 JavaThread "Test Thread 36" [_thread_blocked, id=16121, stack(0x8e7fa000,0x8e84b000)]
  0x8f44ec00 JavaThread "Test Thread 34" [_thread_blocked, id=16119, stack(0x8e89c000,0x8e8ed000)]
  0x8f448c00 JavaThread "Test Thread 30" [_thread_blocked, id=16115, stack(0x8e9e0000,0x8ea31000)]
  0x8f447400 JavaThread "Test Thread 29" [_thread_blocked, id=16114, stack(0x8ea31000,0x8ea82000)]
  0x8f443000 JavaThread "Test Thread 26" [_thread_blocked, id=16111, stack(0x8eb24000,0x8eb75000)]
  0x8f441000 JavaThread "Test Thread 24" [_thread_blocked, id=16109, stack(0x8ebc6000,0x8ec17000)]
  0x8f43f800 JavaThread "Test Thread 23" [_thread_blocked, id=16108, stack(0x8ec17000,0x8ec68000)]
  0x8f433000 JavaThread "Test Thread 20" [_thread_blocked, id=16105, stack(0x8ed0a000,0x8ed5b000)]
  0x8f431800 JavaThread "Test Thread 19" [_thread_blocked, id=16104, stack(0x8ed5b000,0x8edac000)]
  0x8f430000 JavaThread "Test Thread 18" [_thread_blocked, id=16103, stack(0x8edac000,0x8edfd000)]
  0x8f7cf000 JavaThread "Test Thread 17" [_thread_in_vm, id=16102, stack(0x8edfd000,0x8ee4e000)]
  0x8f7cd800 JavaThread "Test Thread 16" [_thread_blocked, id=16101, stack(0x8ee4e000,0x8ee9f000)]
  0x8f7cc000 JavaThread "Test Thread 15" [_thread_blocked, id=16100, stack(0x8ee9f000,0x8eef0000)]
  0x8f7ca000 JavaThread "Test Thread 13" [_thread_blocked, id=16098, stack(0x8ef41000,0x8ef92000)]
  0x8f7ad800 JavaThread "Test Thread 11" [_thread_blocked, id=16096, stack(0x8efe3000,0x8f034000)]
  0x8f7ac000 JavaThread "Test Thread 10" [_thread_blocked, id=16095, stack(0x8f034000,0x8f085000)]
  0x8f7aa800 JavaThread "Test Thread 9" [_thread_blocked, id=16094, stack(0x8f085000,0x8f0d6000)]
  0x8f7a9400 JavaThread "Test Thread 8" [_thread_blocked, id=16093, stack(0x8f0d6000,0x8f127000)]
  0x8f787c00 JavaThread "Test Thread 7" [_thread_blocked, id=16092, stack(0x8f127000,0x8f178000)]
  0x8f75ac00 JavaThread "Test Thread 5" [_thread_blocked, id=16090, stack(0x8f1c9000,0x8f21a000)]
  0x8f76c800 JavaThread "Test Thread 3" [_thread_blocked, id=16088, stack(0x8f26b000,0x8f2bc000)]
  0x8f7fbc00 JavaThread "AP_WORKER4" daemon [_thread_blocked, id=16085, stack(0x8f35e000,0x8f3af000)]
  0x8f7fe400 JavaThread "AP_WORKER3" daemon [_thread_blocked, id=16084, stack(0x8f3af000,0x8f400000)]
  0x8f7bfc00 JavaThread "AP_WORKER2" daemon [_thread_blocked, id=16083, stack(0x8f50b000,0x8f55c000)]
  0x8f727400 JavaThread "AP_WORKER1" daemon [_thread_blocked, id=16082, stack(0x8f55c000,0x8f5ad000)]
  0x8f702400 JavaThread "Low Memory Detector" daemon [_thread_blocked, id=16080, stack(0x8f62e000,0x8f67f000)]
=>0x09961c00 JavaThread "C2 CompilerThread1" daemon [_thread_in_vm, id=16079, stack(0x8f67f000,0x8f700000)]
  0x0995fc00 JavaThread "C2 CompilerThread0" daemon [_thread_in_native, id=16078, stack(0x8f813000,0x8f894000)]
  0x09945800 JavaThread "Signal Dispatcher" daemon [_thread_blocked, id=16077, stack(0x8f894000,0x8f8e5000)]
  0x09937400 JavaThread "Finalizer" daemon [_thread_blocked, id=16076, stack(0x8fc16000,0x8fc67000)]
  0x09932800 JavaThread "Reference Handler" daemon [_thread_blocked, id=16075, stack(0x8fc67000,0x8fcb8000)]

Other Threads:
  0x0992e800 VMThread [stack: 0x8fcb8000,0x8fd39000] [id=16074]
  0x8f704000 WatcherThread [stack: 0x8f5ad000,0x8f62e000] [id=16081]

VM state:not at safepoint (normal execution)

VM Mutex/Monitor currently owned by a thread: None

Heap
 PSYoungGen      total 9408K, used 5245K [0xa90a0000, 0xa9b10000, 0xb37f0000)
  eden space 8128K, 61% used [0xa90a0000,0xa9579730,0xa9890000)
  from space 1280K, 21% used [0xa9890000,0xa98d6050,0xa99d0000)
  to   space 1280K, 0% used [0xa99d0000,0xa99d0000,0xa9b10000)
 PSOldGen        total 21376K, used 0K [0x941f0000, 0x956d0000, 0xa90a0000)
  object space 21376K, 0% used [0x941f0000,0x941f0000,0x956d0000)
 PSPermGen       total 16384K, used 2591K [0x901f0000, 0x911f0000, 0x941f0000)
  object space 16384K, 15% used [0x901f0000,0x90477f40,0x911f0000)

Code Cache  [0xb38bf000, 0xb3aff000, 0xb68bf000)
 total_blobs=120 nmethods=13 adapters=62 free_code_cache=50017024 largest_free_block=5952

Dynamic libraries:
08048000-08052000 r-xp 00000000 08:04 1850868    /usr/jdk/jdk1.6.0_30/bin/java
08052000-08053000 rwxp 00009000 08:04 1850868    /usr/jdk/jdk1.6.0_30/bin/java
098ab000-099a8000 rwxp 00000000 00:00 0          [heap]
8da0e000-8da11000 ---p 00000000 00:00 0 
8da11000-8da5f000 rwxp 00000000 00:00 0 
8da5f000-8da62000 ---p 00000000 00:00 0 
8da62000-8dab0000 rwxp 00000000 00:00 0 
8dab0000-8dab3000 ---p 00000000 00:00 0 
8dab3000-8db01000 rwxp 00000000 00:00 0 
8db01000-8db04000 ---p 00000000 00:00 0 
8db04000-8db52000 rwxp 00000000 00:00 0 
8db52000-8db55000 ---p 00000000 00:00 0 
8db55000-8dba3000 rwxp 00000000 00:00 0 
8dba3000-8dba6000 ---p 00000000 00:00 0 
8dba6000-8dbf4000 rwxp 00000000 00:00 0 
8dbf4000-8dbf7000 ---p 00000000 00:00 0 
8dbf7000-8dc45000 rwxp 00000000 00:00 0 
8dc45000-8dc48000 ---p 00000000 00:00 0 
8dc48000-8dc96000 rwxp 00000000 00:00 0 
8dc96000-8dc99000 ---p 00000000 00:00 0 
8dc99000-8dce7000 rwxp 00000000 00:00 0 
8dce7000-8dcea000 ---p 00000000 00:00 0 
8dcea000-8dd38000 rwxp 00000000 00:00 0 
8dd38000-8dd3b000 ---p 00000000 00:00 0 
8dd3b000-8dd89000 rwxp 00000000 00:00 0 
8dd89000-8dd8c000 ---p 00000000 00:00 0 
8dd8c000-8ddda000 rwxp 00000000 00:00 0 
8ddda000-8dddd000 ---p 00000000 00:00 0 
8dddd000-8de2b000 rwxp 00000000 00:00 0 
8de2b000-8de2e000 ---p 00000000 00:00 0 
8de2e000-8de7c000 rwxp 00000000 00:00 0 
8de7c000-8de7f000 ---p 00000000 00:00 0 
8de7f000-8decd000 rwxp 00000000 00:00 0 
8decd000-8ded0000 ---p 00000000 00:00 0 
8ded0000-8df1e000 rwxp 00000000 00:00 0 
8df1e000-8df21000 ---p 00000000 00:00 0 
8df21000-8df6f000 rwxp 00000000 00:00 0 
8df6f000-8df72000 ---p 00000000 00:00 0 
8df72000-8dfc0000 rwxp 00000000 00:00 0 
8dfc0000-8dfc3000 ---p 00000000 00:00 0 
8dfc3000-8e011000 rwxp 00000000 00:00 0 
8e011000-8e014000 ---p 00000000 00:00 0 
8e014000-8e062000 rwxp 00000000 00:00 0 
8e062000-8e065000 ---p 00000000 00:00 0 
8e065000-8e0b3000 rwxp 00000000 00:00 0 
8e0b3000-8e0b6000 ---p 00000000 00:00 0 
8e0b6000-8e104000 rwxp 00000000 00:00 0 
8e104000-8e107000 ---p 00000000 00:00 0 
8e107000-8e155000 rwxp 00000000 00:00 0 
8e155000-8e158000 ---p 00000000 00:00 0 
8e158000-8e1a6000 rwxp 00000000 00:00 0 
8e1a6000-8e1a9000 ---p 00000000 00:00 0 
8e1a9000-8e1f7000 rwxp 00000000 00:00 0 
8e1f7000-8e1fa000 ---p 00000000 00:00 0 
8e1fa000-8e248000 rwxp 00000000 00:00 0 
8e248000-8e24b000 ---p 00000000 00:00 0 
8e24b000-8e299000 rwxp 00000000 00:00 0 
8e299000-8e29c000 ---p 00000000 00:00 0 
8e29c000-8e2ea000 rwxp 00000000 00:00 0 
8e2ea000-8e2ed000 ---p 00000000 00:00 0 
8e2ed000-8e33b000 rwxp 00000000 00:00 0 
8e33b000-8e33e000 ---p 00000000 00:00 0 
8e33e000-8e38c000 rwxp 00000000 00:00 0 
8e38c000-8e38f000 ---p 00000000 00:00 0 
8e38f000-8e3dd000 rwxp 00000000 00:00 0 
8e3dd000-8e3e0000 ---p 00000000 00:00 0 
8e3e0000-8e42e000 rwxp 00000000 00:00 0 
8e42e000-8e431000 ---p 00000000 00:00 0 
8e431000-8e47f000 rwxp 00000000 00:00 0 
8e47f000-8e482000 ---p 00000000 00:00 0 
8e482000-8e4d0000 rwxp 00000000 00:00 0 
8e4d0000-8e4d3000 ---p 00000000 00:00 0 
8e4d3000-8e521000 rwxp 00000000 00:00 0 
8e521000-8e524000 ---p 00000000 00:00 0 
8e524000-8e572000 rwxp 00000000 00:00 0 
8e572000-8e575000 ---p 00000000 00:00 0 
8e575000-8e5c3000 rwxp 00000000 00:00 0 
8e5c3000-8e5c6000 ---p 00000000 00:00 0 
8e5c6000-8e614000 rwxp 00000000 00:00 0 
8e614000-8e617000 ---p 00000000 00:00 0 
8e617000-8e665000 rwxp 00000000 00:00 0 
8e665000-8e668000 ---p 00000000 00:00 0 
8e668000-8e6b6000 rwxp 00000000 00:00 0 
8e6b6000-8e6b9000 ---p 00000000 00:00 0 
8e6b9000-8e707000 rwxp 00000000 00:00 0 
8e707000-8e70a000 ---p 00000000 00:00 0 
8e70a000-8e758000 rwxp 00000000 00:00 0 
8e758000-8e75b000 ---p 00000000 00:00 0 
8e75b000-8e7a9000 rwxp 00000000 00:00 0 
8e7a9000-8e7ac000 ---p 00000000 00:00 0 
8e7ac000-8e7fa000 rwxp 00000000 00:00 0 
8e7fa000-8e7fd000 ---p 00000000 00:00 0 
8e7fd000-8e84b000 rwxp 00000000 00:00 0 
8e84b000-8e84e000 ---p 00000000 00:00 0 
8e84e000-8e89c000 rwxp 00000000 00:00 0 
8e89c000-8e89f000 ---p 00000000 00:00 0 
8e89f000-8e8ed000 rwxp 00000000 00:00 0 
8e8ed000-8e8f0000 ---p 00000000 00:00 0 
8e8f0000-8e93e000 rwxp 00000000 00:00 0 
8e93e000-8e941000 ---p 00000000 00:00 0 
8e941000-8e98f000 rwxp 00000000 00:00 0 
8e98f000-8e992000 ---p 00000000 00:00 0 
8e992000-8e9e0000 rwxp 00000000 00:00 0 
8e9e0000-8e9e3000 ---p 00000000 00:00 0 
8e9e3000-8ea31000 rwxp 00000000 00:00 0 
8ea31000-8ea34000 ---p 00000000 00:00 0 
8ea34000-8ea82000 rwxp 00000000 00:00 0 
8ea82000-8ea85000 ---p 00000000 00:00 0 
8ea85000-8ead3000 rwxp 00000000 00:00 0 
8ead3000-8ead6000 ---p 00000000 00:00 0 
8ead6000-8eb24000 rwxp 00000000 00:00 0 
8eb24000-8eb27000 ---p 00000000 00:00 0 
8eb27000-8eb75000 rwxp 00000000 00:00 0 
8eb75000-8eb78000 ---p 00000000 00:00 0 
8eb78000-8ebc6000 rwxp 00000000 00:00 0 
8ebc6000-8ebc9000 ---p 00000000 00:00 0 
8ebc9000-8ec17000 rwxp 00000000 00:00 0 
8ec17000-8ec1a000 ---p 00000000 00:00 0 
8ec1a000-8ec68000 rwxp 00000000 00:00 0 
8ec68000-8ec6b000 ---p 00000000 00:00 0 
8ec6b000-8ecb9000 rwxp 00000000 00:00 0 
8ecb9000-8ecbc000 ---p 00000000 00:00 0 
8ecbc000-8ed0a000 rwxp 00000000 00:00 0 
8ed0a000-8ed0d000 ---p 00000000 00:00 0 
8ed0d000-8ed5b000 rwxp 00000000 00:00 0 
8ed5b000-8ed5e000 ---p 00000000 00:00 0 
8ed5e000-8edac000 rwxp 00000000 00:00 0 
8edac000-8edaf000 ---p 00000000 00:00 0 
8edaf000-8edfd000 rwxp 00000000 00:00 0 
8edfd000-8ee00000 ---p 00000000 00:00 0 
8ee00000-8ee4e000 rwxp 00000000 00:00 0 
8ee4e000-8ee51000 ---p 00000000 00:00 0 
8ee51000-8ee9f000 rwxp 00000000 00:00 0 
8ee9f000-8eea2000 ---p 00000000 00:00 0 
8eea2000-8eef0000 rwxp 00000000 00:00 0 
8eef0000-8eef3000 ---p 00000000 00:00 0 
8eef3000-8ef41000 rwxp 00000000 00:00 0 
8ef41000-8ef44000 ---p 00000000 00:00 0 
8ef44000-8ef92000 rwxp 00000000 00:00 0 
8ef92000-8ef95000 ---p 00000000 00:00 0 
8ef95000-8efe3000 rwxp 00000000 00:00 0 
8efe3000-8efe6000 ---p 00000000 00:00 0 
8efe6000-8f034000 rwxp 00000000 00:00 0 
8f034000-8f037000 ---p 00000000 00:00 0 
8f037000-8f085000 rwxp 00000000 00:00 0 
8f085000-8f088000 ---p 00000000 00:00 0 
8f088000-8f0d6000 rwxp 00000000 00:00 0 
8f0d6000-8f0d9000 ---p 00000000 00:00 0 
8f0d9000-8f127000 rwxp 00000000 00:00 0 
8f127000-8f12a000 ---p 00000000 00:00 0 
8f12a000-8f178000 rwxp 00000000 00:00 0 
8f178000-8f17b000 ---p 00000000 00:00 0 
8f17b000-8f1c9000 rwxp 00000000 00:00 0 
8f1c9000-8f1cc000 ---p 00000000 00:00 0 
8f1cc000-8f21a000 rwxp 00000000 00:00 0 
8f21a000-8f21d000 ---p 00000000 00:00 0 
8f21d000-8f26b000 rwxp 00000000 00:00 0 
8f26b000-8f26e000 ---p 00000000 00:00 0 
8f26e000-8f2bc000 rwxp 00000000 00:00 0 
8f2bc000-8f2bf000 ---p 00000000 00:00 0 
8f2bf000-8f30d000 rwxp 00000000 00:00 0 
8f30d000-8f310000 ---p 00000000 00:00 0 
8f310000-8f35e000 rwxp 00000000 00:00 0 
8f35e000-8f361000 ---p 00000000 00:00 0 
8f361000-8f3af000 rwxp 00000000 00:00 0 
8f3af000-8f3b2000 ---p 00000000 00:00 0 
8f3b2000-8f400000 rwxp 00000000 00:00 0 
8f400000-8f4b5000 rwxp 00000000 00:00 0 
8f4b5000-8f500000 ---p 00000000 00:00 0 
8f50b000-8f50e000 ---p 00000000 00:00 0 
8f50e000-8f55c000 rwxp 00000000 00:00 0 
8f55c000-8f55f000 ---p 00000000 00:00 0 
8f55f000-8f5ad000 rwxp 00000000 00:00 0 
8f5ad000-8f5ae000 ---p 00000000 00:00 0 
8f5ae000-8f62e000 rwxp 00000000 00:00 0 
8f62e000-8f631000 ---p 00000000 00:00 0 
8f631000-8f67f000 rwxp 00000000 00:00 0 
8f67f000-8f682000 ---p 00000000 00:00 0 
8f682000-8f700000 rwxp 00000000 00:00 0 
8f700000-8f800000 rwxp 00000000 00:00 0 
8f813000-8f816000 ---p 00000000 00:00 0 
8f816000-8f894000 rwxp 00000000 00:00 0 
8f894000-8f897000 ---p 00000000 00:00 0 
8f897000-8f8e5000 rwxp 00000000 00:00 0 
8f8e5000-8fa16000 r-xp 00188000 08:04 1839527    /usr/lib/locale/locale-archive
8fa16000-8fc16000 r-xp 00000000 08:04 1839527    /usr/lib/locale/locale-archive
8fc16000-8fc19000 ---p 00000000 00:00 0 
8fc19000-8fc67000 rwxp 00000000 00:00 0 
8fc67000-8fc6a000 ---p 00000000 00:00 0 
8fc6a000-8fcb8000 rwxp 00000000 00:00 0 
8fcb8000-8fcb9000 ---p 00000000 00:00 0 
8fcb9000-8fd6d000 rwxp 00000000 00:00 0 
8fd6d000-8ff0a000 r-xs 030b8000 08:04 1979638    /usr/jdk/jdk1.6.0_30/jre/lib/rt.jar
8ff0a000-8ff0b000 ---p 00000000 00:00 0 
8ff0b000-8ff8b000 rwxp 00000000 00:00 0 
8ff8b000-8ff8c000 ---p 00000000 00:00 0 
8ff8c000-90014000 rwxp 00000000 00:00 0 
90014000-9002c000 rwxp 00000000 00:00 0 
9002c000-90037000 rwxp 00000000 00:00 0 
90037000-900d4000 rwxp 00000000 00:00 0 
900d4000-900dc000 rwxp 00000000 00:00 0 
900dc000-900f4000 rwxp 00000000 00:00 0 
900f4000-900ff000 rwxp 00000000 00:00 0 
900ff000-9019b000 rwxp 00000000 00:00 0 
9019b000-901a1000 rwxp 00000000 00:00 0 
901a1000-901ef000 rwxp 00000000 00:00 0 
901ef000-911f0000 rwxp 00000000 00:00 0 
911f0000-941f0000 rwxp 00000000 00:00 0 
941f0000-956d0000 rwxp 00000000 00:00 0 
956d0000-a90a0000 rwxp 00000000 00:00 0 
a90a0000-a9b10000 rwxp 00000000 00:00 0 
a9b10000-b37f0000 rwxp 00000000 00:00 0 
b37ff000-b3808000 rwxp 00000000 00:00 0 
b3808000-b38bf000 rwxp 00000000 00:00 0 
b38bf000-b3aff000 rwxp 00000000 00:00 0 
b3aff000-b68bf000 rwxp 00000000 00:00 0 
b68bf000-b68ce000 r-xp 00000000 08:04 1979561    /usr/jdk/jdk1.6.0_30/jre/lib/i386/libzip.so
b68ce000-b68d0000 rwxp 0000e000 08:04 1979561    /usr/jdk/jdk1.6.0_30/jre/lib/i386/libzip.so
b68d0000-b68db000 r-xp 00000000 08:04 816126     /lib/i386-linux-gnu/libnss_files-2.13.so
b68db000-b68dc000 r-xp 0000a000 08:04 816126     /lib/i386-linux-gnu/libnss_files-2.13.so
b68dc000-b68dd000 rwxp 0000b000 08:04 816126     /lib/i386-linux-gnu/libnss_files-2.13.so
b68dd000-b68e7000 r-xp 00000000 08:04 816113     /lib/i386-linux-gnu/libnss_nis-2.13.so
b68e7000-b68e8000 r-xp 00009000 08:04 816113     /lib/i386-linux-gnu/libnss_nis-2.13.so
b68e8000-b68e9000 rwxp 0000a000 08:04 816113     /lib/i386-linux-gnu/libnss_nis-2.13.so
b68ee000-b68f0000 r-xs 00005000 08:04 683949     /home/arsread/workspace/deferredmethods/build/deferred_test.jar
b68f0000-b68f2000 r-xs 0000a000 08:04 690060     /home/arsread/workspace/deferredmethods/lib/asm-4.0.jar
b68f2000-b68f7000 r-xs 0004a000 08:04 691588     /home/arsread/workspace/disl/lib/asm-debug-all-4.0.jar
b68f7000-b68ff000 rwxs 00000000 08:04 537410     /tmp/hsperfdata_arsread/16070
b68ff000-b6914000 r-xp 00000000 08:04 816110     /lib/i386-linux-gnu/libnsl-2.13.so
b6914000-b6915000 r-xp 00015000 08:04 816110     /lib/i386-linux-gnu/libnsl-2.13.so
b6915000-b6916000 rwxp 00016000 08:04 816110     /lib/i386-linux-gnu/libnsl-2.13.so
b6916000-b6918000 rwxp 00000000 00:00 0 
b6918000-b691a000 r-xs 0000e000 08:04 683863     /home/arsread/workspace/deferredmethods/build/deferred.jar
b691a000-b6922000 r-xp 00000000 08:04 816114     /lib/i386-linux-gnu/libnss_compat-2.13.so
b6922000-b6923000 r-xp 00007000 08:04 816114     /lib/i386-linux-gnu/libnss_compat-2.13.so
b6923000-b6924000 rwxp 00008000 08:04 816114     /lib/i386-linux-gnu/libnss_compat-2.13.so
b6924000-b692d000 r-xp 00000000 08:04 1979548    /usr/jdk/jdk1.6.0_30/jre/lib/i386/libinstrument.so
b692d000-b692e000 rwxp 00008000 08:04 1979548    /usr/jdk/jdk1.6.0_30/jre/lib/i386/libinstrument.so
b692e000-b6951000 r-xp 00000000 08:04 1979547    /usr/jdk/jdk1.6.0_30/jre/lib/i386/libjava.so
b6951000-b6953000 rwxp 00023000 08:04 1979547    /usr/jdk/jdk1.6.0_30/jre/lib/i386/libjava.so
b6953000-b695a000 r-xp 00000000 08:04 794712     /lib/i386-linux-gnu/librt-2.13.so
b695a000-b695b000 r-xp 00006000 08:04 794712     /lib/i386-linux-gnu/librt-2.13.so
b695b000-b695c000 rwxp 00007000 08:04 794712     /lib/i386-linux-gnu/librt-2.13.so
b695c000-b695f000 ---p 00000000 00:00 0 
b695f000-b69ad000 rwxp 00000000 00:00 0 
b69ad000-b69d5000 r-xp 00000000 08:04 816123     /lib/i386-linux-gnu/libm-2.13.so
b69d5000-b69d6000 r-xp 00028000 08:04 816123     /lib/i386-linux-gnu/libm-2.13.so
b69d6000-b69d7000 rwxp 00029000 08:04 816123     /lib/i386-linux-gnu/libm-2.13.so
b69d7000-b7189000 r-xp 00000000 08:04 1979600    /usr/jdk/jdk1.6.0_30/jre/lib/i386/server/libjvm.so
b7189000-b71dd000 rwxp 007b1000 08:04 1979600    /usr/jdk/jdk1.6.0_30/jre/lib/i386/server/libjvm.so
b71dd000-b75fc000 rwxp 00000000 00:00 0 
b75fc000-b7778000 r-xp 00000000 08:04 794710     /lib/i386-linux-gnu/libc-2.13.so
b7778000-b777a000 r-xp 0017c000 08:04 794710     /lib/i386-linux-gnu/libc-2.13.so
b777a000-b777b000 rwxp 0017e000 08:04 794710     /lib/i386-linux-gnu/libc-2.13.so
b777b000-b777e000 rwxp 00000000 00:00 0 
b777e000-b7781000 r-xp 00000000 08:04 816121     /lib/i386-linux-gnu/libdl-2.13.so
b7781000-b7782000 r-xp 00002000 08:04 816121     /lib/i386-linux-gnu/libdl-2.13.so
b7782000-b7783000 rwxp 00003000 08:04 816121     /lib/i386-linux-gnu/libdl-2.13.so
b7783000-b778a000 r-xp 00000000 08:04 1979545    /usr/jdk/jdk1.6.0_30/jre/lib/i386/jli/libjli.so
b778a000-b778c000 rwxp 00006000 08:04 1979545    /usr/jdk/jdk1.6.0_30/jre/lib/i386/jli/libjli.so
b778c000-b778d000 rwxp 00000000 00:00 0 
b778d000-b77a4000 r-xp 00000000 08:04 816119     /lib/i386-linux-gnu/libpthread-2.13.so
b77a4000-b77a5000 r-xp 00016000 08:04 816119     /lib/i386-linux-gnu/libpthread-2.13.so
b77a5000-b77a6000 rwxp 00017000 08:04 816119     /lib/i386-linux-gnu/libpthread-2.13.so
b77a6000-b77a8000 rwxp 00000000 00:00 0 
b77a8000-b77a9000 r-xs 00001000 08:04 684143     /home/arsread/workspace/deferredmethods/build/sync_instr.jar
b77a9000-b77aa000 r-xp 0174a000 08:04 1839527    /usr/lib/locale/locale-archive
b77aa000-b77ab000 r-xs 00000000 08:04 683865     /home/arsread/workspace/deferredmethods/build/boot_interface.jar
b77ab000-b77ac000 r-xs 00001000 08:04 683581     /home/arsread/workspace/deferredmethods/build/deferred_thread.jar
b77ac000-b77ad000 r-xs 00001000 08:04 683629     /home/arsread/workspace/deferredmethods/build/deferred_lock.jar
b77ad000-b77ae000 r-xp 00000000 08:04 690063     /home/arsread/workspace/deferredmethods/lib/liboverAgent.so
b77ae000-b77af000 r-xp 00001000 08:04 690063     /home/arsread/workspace/deferredmethods/lib/liboverAgent.so
b77af000-b77b0000 rwxp 00002000 08:04 690063     /home/arsread/workspace/deferredmethods/lib/liboverAgent.so
b77b0000-b77b1000 rwxp 00000000 00:00 0 
b77b1000-b77b2000 r-xp 00000000 00:00 0 
b77b2000-b77bd000 r-xp 00000000 08:04 1979550    /usr/jdk/jdk1.6.0_30/jre/lib/i386/libverify.so
b77bd000-b77be000 rwxp 0000b000 08:04 1979550    /usr/jdk/jdk1.6.0_30/jre/lib/i386/libverify.so
b77be000-b77c0000 rwxp 00000000 00:00 0 
b77c0000-b77c1000 r-xp 00000000 00:00 0          [vdso]
b77c1000-b77df000 r-xp 00000000 08:04 816124     /lib/i386-linux-gnu/ld-2.13.so
b77df000-b77e0000 r-xp 0001d000 08:04 816124     /lib/i386-linux-gnu/ld-2.13.so
b77e0000-b77e1000 rwxp 0001e000 08:04 816124     /lib/i386-linux-gnu/ld-2.13.so
bff1b000-bff3c000 rwxp 00000000 00:00 0          [stack]

VM Arguments:
jvm_args: -agentpath:/home/arsread/workspace/deferredmethods/lib/liboverAgent.so -javaagent:/home/arsread/workspace/deferredmethods/build/sync_instr.jar -Xbootclasspath/p:/home/arsread/workspace/deferredmethods/build/deferred_lock.jar:/home/arsread/workspace/deferredmethods/build/deferred_thread.jar:/home/arsread/workspace/deferredmethods/build/boot_interface.jar 
java_command: newTest.RetTest2
Launcher Type: SUN_STANDARD

Environment Variables:
JAVA_HOME=/usr/jdk/jdk1.6.0_30
CLASSPATH=.:/usr/jdk/jdk1.6.0_30/lib/dt.jar:/usr/jdk/jdk1.6.0_30/lib/tools.jar:/usr/jdk/jUnit/junit-4.11-SNAPSHOT-20120416-1530.jar:/home/arsread/.vim/autoload
PATH=/usr/jdk/jdk1.6.0_30/bin:/usr/lib/lightdm/lightdm:/usr/local/sbin:/usr/local/bin:/usr/sbin:/usr/bin:/sbin:/bin:/usr/games
USERNAME=arsread
LD_LIBRARY_PATH=/usr/jdk/jdk1.6.0_30/jre/lib/i386/server:/usr/jdk/jdk1.6.0_30/jre/lib/i386:/usr/jdk/jdk1.6.0_30/jre/../lib/i386
SHELL=/bin/bash
DISPLAY=:0

Signal Handlers:
SIGSEGV: [libjvm.so+0x725400], sa_mask[0]=0x7ffbfeff, sa_flags=0x10000004
SIGBUS: [libjvm.so+0x725400], sa_mask[0]=0x7ffbfeff, sa_flags=0x10000004
SIGFPE: [libjvm.so+0x5dff40], sa_mask[0]=0x7ffbfeff, sa_flags=0x10000004
SIGPIPE: [libjvm.so+0x5dff40], sa_mask[0]=0x7ffbfeff, sa_flags=0x10000004
SIGXFSZ: [libjvm.so+0x5dff40], sa_mask[0]=0x7ffbfeff, sa_flags=0x10000004
SIGILL: [libjvm.so+0x5dff40], sa_mask[0]=0x7ffbfeff, sa_flags=0x10000004
SIGUSR1: SIG_DFL, sa_mask[0]=0x00000000, sa_flags=0x00000000
SIGUSR2: [libjvm.so+0x5e31a0], sa_mask[0]=0x00000000, sa_flags=0x10000004
SIGHUP: [libjvm.so+0x5e2d80], sa_mask[0]=0x7ffbfeff, sa_flags=0x10000004
SIGINT: [libjvm.so+0x5e2d80], sa_mask[0]=0x7ffbfeff, sa_flags=0x10000004
SIGTERM: [libjvm.so+0x5e2d80], sa_mask[0]=0x7ffbfeff, sa_flags=0x10000004
SIGQUIT: [libjvm.so+0x5e2d80], sa_mask[0]=0x7ffbfeff, sa_flags=0x10000004


---------------  S Y S T E M  ---------------

OS:wheezy/sid

uname:Linux 3.0.0-32-generic #51-Ubuntu SMP Thu Mar 21 15:51:26 UTC 2013 i686
libc:glibc 2.13 NPTL 2.13 
rlimit: STACK 8192k, CORE 0k, NPROC 15915, NOFILE 4096, AS infinity
load average:1.09 0.84 0.77

/proc/meminfo:
MemTotal:        2051200 kB
MemFree:          235576 kB
Buffers:           55388 kB
Cached:          1000304 kB
SwapCached:         2608 kB
Active:          1035816 kB
Inactive:         693816 kB
Active(anon):     649212 kB
Inactive(anon):   325088 kB
Active(file):     386604 kB
Inactive(file):   368728 kB
Unevictable:          16 kB
Mlocked:              16 kB
HighTotal:       1176944 kB
HighFree:          26968 kB
LowTotal:         874256 kB
LowFree:          208608 kB
SwapTotal:       1952764 kB
SwapFree:        1903964 kB
Dirty:              1036 kB
Writeback:             0 kB
AnonPages:        672376 kB
Mapped:           141276 kB
Shmem:            300360 kB
Slab:              44400 kB
SReclaimable:      30280 kB
SUnreclaim:        14120 kB
KernelStack:        4112 kB
PageTables:         8488 kB
NFS_Unstable:          0 kB
Bounce:                0 kB
WritebackTmp:          0 kB
CommitLimit:     2978364 kB
Committed_AS:    3398612 kB
VmallocTotal:     122880 kB
VmallocUsed:       27384 kB
VmallocChunk:      84920 kB
HardwareCorrupted:     0 kB
AnonHugePages:         0 kB
HugePages_Total:       0
HugePages_Free:        0
HugePages_Rsvd:        0
HugePages_Surp:        0
Hugepagesize:       4096 kB
DirectMap4k:       16376 kB
DirectMap4M:      892928 kB


CPU:total 2 (2 cores per cpu, 1 threads per core) family 6 model 23 stepping 10, cmov, cx8, fxsr, mmx, sse, sse2, sse3, ssse3, sse4.1

/proc/cpuinfo:
processor	: 0
vendor_id	: GenuineIntel
cpu family	: 6
model		: 23
model name	: Intel(R) Core(TM)2 Duo CPU     E7500  @ 2.93GHz
stepping	: 10
cpu MHz		: 2933.000
cache size	: 3072 KB
physical id	: 0
siblings	: 2
core id		: 0
cpu cores	: 2
apicid		: 0
initial apicid	: 0
fdiv_bug	: no
hlt_bug		: no
f00f_bug	: no
coma_bug	: no
fpu		: yes
fpu_exception	: yes
cpuid level	: 13
wp		: yes
flags		: fpu vme de pse tsc msr pae mce cx8 apic mtrr pge mca cmov pat pse36 clflush dts acpi mmx fxsr sse sse2 ss ht tm pbe nx lm constant_tsc arch_perfmon pebs bts aperfmperf pni dtes64 monitor ds_cpl vmx est tm2 ssse3 cx16 xtpr pdcm sse4_1 xsave lahf_lm dtherm tpr_shadow vnmi flexpriority
bogomips	: 5851.42
clflush size	: 64
cache_alignment	: 64
address sizes	: 36 bits physical, 48 bits virtual
power management:

processor	: 1
vendor_id	: GenuineIntel
cpu family	: 6
model		: 23
model name	: Intel(R) Core(TM)2 Duo CPU     E7500  @ 2.93GHz
stepping	: 10
cpu MHz		: 2933.000
cache size	: 3072 KB
physical id	: 0
siblings	: 2
core id		: 1
cpu cores	: 2
apicid		: 1
initial apicid	: 1
fdiv_bug	: no
hlt_bug		: no
f00f_bug	: no
coma_bug	: no
fpu		: yes
fpu_exception	: yes
cpuid level	: 13
wp		: yes
flags		: fpu vme de pse tsc msr pae mce cx8 apic mtrr pge mca cmov pat pse36 clflush dts acpi mmx fxsr sse sse2 ss ht tm pbe nx lm constant_tsc arch_perfmon pebs bts aperfmperf pni dtes64 monitor ds_cpl vmx est tm2 ssse3 cx16 xtpr pdcm sse4_1 xsave lahf_lm dtherm tpr_shadow vnmi flexpriority
bogomips	: 5851.24
clflush size	: 64
cache_alignment	: 64
address sizes	: 36 bits physical, 48 bits virtual
power management:



Memory: 4k page, physical 2051200k(235720k free), swap 1952764k(1903964k free)

vm_info: Java HotSpot(TM) Server VM (20.5-b03) for linux-x86 JRE (1.6.0_30-b12), built on Nov 10 2011 01:04:19 by "java_re" with gcc 3.2.1-7a (J2SE release)

time: Thu May 16 16:04:49 2013
elapsed time: 0 seconds

