#
# A fatal error has been detected by the Java Runtime Environment:
#
#  SIGSEGV (0xb) at pc=0xb6bfd820, pid=13195, tid=2408070000
#
# JRE version: 6.0_30-b12
# Java VM: Java HotSpot(TM) Server VM (20.5-b03 mixed mode linux-x86 )
# Problematic frame:
# V  [libjvm.so+0x249820]  SafePointNode::Value(PhaseTransform*) const+0x20
#
# If you would like to submit a bug report, please visit:
#   http://java.sun.com/webapps/bugreport/crash.jsp
#

---------------  T H R E A D  ---------------

Current thread (0x08247c00):  JavaThread "C2 CompilerThread0" daemon [_thread_in_native, id=13203, stack(0x8f803000,0x8f884000)]

siginfo:si_signo=SIGSEGV: si_errno=0, si_code=1 (SEGV_MAPERR), si_addr=0x0000001c

Registers:
EAX=0x8f88215c, EBX=0xb71b5d08, ECX=0x8f882140, EDX=0x084dd2c0
ESP=0x8f8810cc, EBP=0x8f8810d8, ESI=0x00000000, EDI=0x084dd2c0
EIP=0xb6bfd820, EFLAGS=0x00210286, CR2=0x0000001c

Top of Stack: (sp=0x8f8810cc)
0x8f8810cc:   b71b5d08 8f88215c 084dd2c0 8f881128
0x8f8810dc:   b6fcd993 084dd2c0 8f882140 8f882140
0x8f8810ec:   8f882140 8f882144 b71b5d08 084dd2c0
0x8f8810fc:   b6fcc366 082de084 000002b9 08259470
0x8f88110c:   b71b5d08 082e2108 000002b8 8f8823d8
0x8f88111c:   b71b5d08 8f882140 084dd2c0 8f881168
0x8f88112c:   b6fcd4e2 8f882140 084dd2c0 00000001
0x8f88113c:   00000001 8f882140 082de3c8 8f88242c 

Instructions: (pc=0xb6bfd820)
0xb6bfd800:   55 89 e5 57 56 8b 7d 08 53 e8 00 00 00 00 5b 81
0xb6bfd810:   c3 fa 84 5b 00 8b 47 04 8b 30 8b 45 0c 83 c0 1c
0xb6bfd820:   8b 4e 1c 8b 50 08 8b 83 90 0f 00 00 8b 00 39 04
0xb6bfd830:   8a 74 0c 39 fe 74 08 8b 83 20 1e 00 00 8b 00 5b 

Register to memory mapping:

EAX=0x8f88215c is pointing into the stack for thread: 0x08247c00
EBX=0xb71b5d08: <offset 0x801d08> in /usr/jdk/jdk1.6.0_30/jre/lib/i386/server/libjvm.so at 0xb69b4000
ECX=0x8f882140 is pointing into the stack for thread: 0x08247c00
EDX=0x084dd2c0 is an unknown value
ESP=0x8f8810cc is pointing into the stack for thread: 0x08247c00
EBP=0x8f8810d8 is pointing into the stack for thread: 0x08247c00
ESI=0x00000000 is an unknown value
EDI=0x084dd2c0 is an unknown value


Stack: [0x8f803000,0x8f884000],  sp=0x8f8810cc,  free space=504k
Native frames: (J=compiled Java code, j=interpreted, Vv=VM code, C=native code)
V  [libjvm.so+0x249820]  SafePointNode::Value(PhaseTransform*) const+0x20
V  [libjvm.so+0x619993]  PhaseIterGVN::transform_old(Node*)+0x113
V  [libjvm.so+0x6194e2]  PhaseIterGVN::optimize()+0x102
V  [libjvm.so+0x2bb780]  Compile::Optimize()+0xe0
V  [libjvm.so+0x2b8872]  Compile::Compile(ciEnv*, C2Compiler*, ciMethod*, int, bool, bool)+0x8a2
V  [libjvm.so+0x243857]  C2Compiler::compile_method(ciEnv*, ciMethod*, int)+0xe7
V  [libjvm.so+0x2c254c]  CompileBroker::invoke_compiler_on_method(CompileTask*)+0x2dc
V  [libjvm.so+0x2c1dc1]  CompileBroker::compiler_thread_loop()+0x351
V  [libjvm.so+0x6e8536]  compiler_thread_entry(JavaThread*, Thread*)+0x16
V  [libjvm.so+0x6e16ff]  JavaThread::run()+0x11f
V  [libjvm.so+0x5e2b2e]  java_start(Thread*)+0x14e
C  [libpthread.so.0+0x6d31]  short+0xd1


Current CompileTask:
C2:   1657  81      java.util.concurrent.locks.ReentrantLock.lock()V (56 bytes)


---------------  P R O C E S S  ---------------

Java Threads: ( => current thread )
  0x8f501400 JavaThread "AP_WORKER4" daemon [_thread_blocked, id=13210, stack(0x8f45e000,0x8f4af000)]
  0x0829e000 JavaThread "AP_WORKER3" daemon [_thread_blocked, id=13209, stack(0x8f4af000,0x8f500000)]
  0x0829c400 JavaThread "AP_WORKER2" daemon [_thread_blocked, id=13208, stack(0x8f60e000,0x8f65f000)]
  0x0829ac00 JavaThread "AP_WORKER1" daemon [_thread_blocked, id=13207, stack(0x8f65f000,0x8f6b0000)]
  0x08255400 JavaThread "Low Memory Detector" daemon [_thread_blocked, id=13205, stack(0x8f731000,0x8f782000)]
  0x0824a400 JavaThread "C2 CompilerThread1" daemon [_thread_blocked, id=13204, stack(0x8f782000,0x8f803000)]
=>0x08247c00 JavaThread "C2 CompilerThread0" daemon [_thread_in_native, id=13203, stack(0x8f803000,0x8f884000)]
  0x08246000 JavaThread "Signal Dispatcher" daemon [_thread_blocked, id=13202, stack(0x8f884000,0x8f8d5000)]
  0x08237c00 JavaThread "Finalizer" daemon [_thread_blocked, id=13201, stack(0x8fc06000,0x8fc57000)]
  0x08233000 JavaThread "Reference Handler" daemon [_thread_blocked, id=13200, stack(0x8fc57000,0x8fca8000)]
  0x081b2c00 JavaThread "main" [_thread_in_native, id=13196, stack(0xb6939000,0xb698a000)]

Other Threads:
  0x0822f400 VMThread [stack: 0x8fca8000,0x8fd29000] [id=13199]
  0x08257000 WatcherThread [stack: 0x8f6b0000,0x8f731000] [id=13206]

VM state:not at safepoint (normal execution)

VM Mutex/Monitor currently owned by a thread: None

Heap
 PSYoungGen      total 9408K, used 4190K [0xa9090000, 0xa9b00000, 0xb37e0000)
  eden space 8128K, 49% used [0xa9090000,0xa9477b60,0xa9880000)
  from space 1280K, 15% used [0xa99c0000,0xa99f0040,0xa9b00000)
  to   space 1280K, 0% used [0xa9880000,0xa9880000,0xa99c0000)
 PSOldGen        total 21376K, used 0K [0x941e0000, 0x956c0000, 0xa9090000)
  object space 21376K, 0% used [0x941e0000,0x941e0000,0x956c0000)
 PSPermGen       total 16384K, used 2463K [0x901e0000, 0x911e0000, 0x941e0000)
  object space 16384K, 15% used [0x901e0000,0x90447f48,0x911e0000)

Code Cache  [0xb38a8000, 0xb3ae8000, 0xb68a8000)
 total_blobs=196 nmethods=89 adapters=62 free_code_cache=49886592 largest_free_block=14592

Dynamic libraries:
08048000-08052000 r-xp 00000000 08:04 1850868    /usr/jdk/jdk1.6.0_30/bin/java
08052000-08053000 rwxp 00009000 08:04 1850868    /usr/jdk/jdk1.6.0_30/bin/java
081ac000-08538000 rwxp 00000000 00:00 0          [heap]
8f300000-8f321000 rwxp 00000000 00:00 0 
8f321000-8f400000 ---p 00000000 00:00 0 
8f45e000-8f461000 ---p 00000000 00:00 0 
8f461000-8f4af000 rwxp 00000000 00:00 0 
8f4af000-8f4b2000 ---p 00000000 00:00 0 
8f4b2000-8f500000 rwxp 00000000 00:00 0 
8f500000-8f600000 rwxp 00000000 00:00 0 
8f60e000-8f611000 ---p 00000000 00:00 0 
8f611000-8f65f000 rwxp 00000000 00:00 0 
8f65f000-8f662000 ---p 00000000 00:00 0 
8f662000-8f6b0000 rwxp 00000000 00:00 0 
8f6b0000-8f6b1000 ---p 00000000 00:00 0 
8f6b1000-8f731000 rwxp 00000000 00:00 0 
8f731000-8f734000 ---p 00000000 00:00 0 
8f734000-8f782000 rwxp 00000000 00:00 0 
8f782000-8f785000 ---p 00000000 00:00 0 
8f785000-8f803000 rwxp 00000000 00:00 0 
8f803000-8f806000 ---p 00000000 00:00 0 
8f806000-8f884000 rwxp 00000000 00:00 0 
8f884000-8f887000 ---p 00000000 00:00 0 
8f887000-8f8d5000 rwxp 00000000 00:00 0 
8f8d5000-8fa06000 r-xp 00188000 08:04 1839527    /usr/lib/locale/locale-archive
8fa06000-8fc06000 r-xp 00000000 08:04 1839527    /usr/lib/locale/locale-archive
8fc06000-8fc09000 ---p 00000000 00:00 0 
8fc09000-8fc57000 rwxp 00000000 00:00 0 
8fc57000-8fc5a000 ---p 00000000 00:00 0 
8fc5a000-8fca8000 rwxp 00000000 00:00 0 
8fca8000-8fca9000 ---p 00000000 00:00 0 
8fca9000-8fd5d000 rwxp 00000000 00:00 0 
8fd5d000-8fefa000 r-xs 030b8000 08:04 1979638    /usr/jdk/jdk1.6.0_30/jre/lib/rt.jar
8fefa000-8fefb000 ---p 00000000 00:00 0 
8fefb000-8ff7b000 rwxp 00000000 00:00 0 
8ff7b000-8ff7c000 ---p 00000000 00:00 0 
8ff7c000-90004000 rwxp 00000000 00:00 0 
90004000-9001c000 rwxp 00000000 00:00 0 
9001c000-90027000 rwxp 00000000 00:00 0 
90027000-900c4000 rwxp 00000000 00:00 0 
900c4000-900cc000 rwxp 00000000 00:00 0 
900cc000-900e4000 rwxp 00000000 00:00 0 
900e4000-900ef000 rwxp 00000000 00:00 0 
900ef000-9018b000 rwxp 00000000 00:00 0 
9018b000-90191000 rwxp 00000000 00:00 0 
90191000-901df000 rwxp 00000000 00:00 0 
901df000-911e0000 rwxp 00000000 00:00 0 
911e0000-941e0000 rwxp 00000000 00:00 0 
941e0000-956c0000 rwxp 00000000 00:00 0 
956c0000-a9090000 rwxp 00000000 00:00 0 
a9090000-a9b00000 rwxp 00000000 00:00 0 
a9b00000-b37e0000 rwxp 00000000 00:00 0 
b37e8000-b37f1000 rwxp 00000000 00:00 0 
b37f1000-b38a8000 rwxp 00000000 00:00 0 
b38a8000-b3ae8000 rwxp 00000000 00:00 0 
b3ae8000-b68a8000 rwxp 00000000 00:00 0 
b68a8000-b68b7000 r-xp 00000000 08:04 1979561    /usr/jdk/jdk1.6.0_30/jre/lib/i386/libzip.so
b68b7000-b68b9000 rwxp 0000e000 08:04 1979561    /usr/jdk/jdk1.6.0_30/jre/lib/i386/libzip.so
b68b9000-b68c4000 r-xp 00000000 08:04 816126     /lib/i386-linux-gnu/libnss_files-2.13.so
b68c4000-b68c5000 r-xp 0000a000 08:04 816126     /lib/i386-linux-gnu/libnss_files-2.13.so
b68c5000-b68c6000 rwxp 0000b000 08:04 816126     /lib/i386-linux-gnu/libnss_files-2.13.so
b68c6000-b68d0000 r-xp 00000000 08:04 816113     /lib/i386-linux-gnu/libnss_nis-2.13.so
b68d0000-b68d1000 r-xp 00009000 08:04 816113     /lib/i386-linux-gnu/libnss_nis-2.13.so
b68d1000-b68d2000 rwxp 0000a000 08:04 816113     /lib/i386-linux-gnu/libnss_nis-2.13.so
b68d2000-b68da000 r-xp 00000000 08:04 816114     /lib/i386-linux-gnu/libnss_compat-2.13.so
b68da000-b68db000 r-xp 00007000 08:04 816114     /lib/i386-linux-gnu/libnss_compat-2.13.so
b68db000-b68dc000 rwxp 00008000 08:04 816114     /lib/i386-linux-gnu/libnss_compat-2.13.so
b68dc000-b68f1000 r-xp 00000000 08:04 816110     /lib/i386-linux-gnu/libnsl-2.13.so
b68f1000-b68f2000 r-xp 00015000 08:04 816110     /lib/i386-linux-gnu/libnsl-2.13.so
b68f2000-b68f3000 rwxp 00016000 08:04 816110     /lib/i386-linux-gnu/libnsl-2.13.so
b68f3000-b68f5000 rwxp 00000000 00:00 0 
b68f8000-b68fa000 r-xs 00004000 08:04 683947     /home/arsread/workspace/deferredmethods/build/deferred_test.jar
b68fa000-b68fc000 r-xs 0000a000 08:04 690060     /home/arsread/workspace/deferredmethods/lib/asm-4.0.jar
b68fc000-b6901000 r-xs 0004a000 08:04 691588     /home/arsread/workspace/disl/lib/asm-debug-all-4.0.jar
b6901000-b6903000 r-xs 0000e000 08:04 683865     /home/arsread/workspace/deferredmethods/build/deferred.jar
b6903000-b690b000 rwxs 00000000 08:04 537338     /tmp/hsperfdata_arsread/13195
b690b000-b692e000 r-xp 00000000 08:04 1979547    /usr/jdk/jdk1.6.0_30/jre/lib/i386/libjava.so
b692e000-b6930000 rwxp 00023000 08:04 1979547    /usr/jdk/jdk1.6.0_30/jre/lib/i386/libjava.so
b6930000-b6937000 r-xp 00000000 08:04 794712     /lib/i386-linux-gnu/librt-2.13.so
b6937000-b6938000 r-xp 00006000 08:04 794712     /lib/i386-linux-gnu/librt-2.13.so
b6938000-b6939000 rwxp 00007000 08:04 794712     /lib/i386-linux-gnu/librt-2.13.so
b6939000-b693c000 ---p 00000000 00:00 0 
b693c000-b698a000 rwxp 00000000 00:00 0 
b698a000-b69b2000 r-xp 00000000 08:04 816123     /lib/i386-linux-gnu/libm-2.13.so
b69b2000-b69b3000 r-xp 00028000 08:04 816123     /lib/i386-linux-gnu/libm-2.13.so
b69b3000-b69b4000 rwxp 00029000 08:04 816123     /lib/i386-linux-gnu/libm-2.13.so
b69b4000-b7166000 r-xp 00000000 08:04 1979600    /usr/jdk/jdk1.6.0_30/jre/lib/i386/server/libjvm.so
b7166000-b71ba000 rwxp 007b1000 08:04 1979600    /usr/jdk/jdk1.6.0_30/jre/lib/i386/server/libjvm.so
b71ba000-b75d9000 rwxp 00000000 00:00 0 
b75d9000-b7755000 r-xp 00000000 08:04 794710     /lib/i386-linux-gnu/libc-2.13.so
b7755000-b7757000 r-xp 0017c000 08:04 794710     /lib/i386-linux-gnu/libc-2.13.so
b7757000-b7758000 rwxp 0017e000 08:04 794710     /lib/i386-linux-gnu/libc-2.13.so
b7758000-b775b000 rwxp 00000000 00:00 0 
b775b000-b775e000 r-xp 00000000 08:04 816121     /lib/i386-linux-gnu/libdl-2.13.so
b775e000-b775f000 r-xp 00002000 08:04 816121     /lib/i386-linux-gnu/libdl-2.13.so
b775f000-b7760000 rwxp 00003000 08:04 816121     /lib/i386-linux-gnu/libdl-2.13.so
b7760000-b7767000 r-xp 00000000 08:04 1979545    /usr/jdk/jdk1.6.0_30/jre/lib/i386/jli/libjli.so
b7767000-b7769000 rwxp 00006000 08:04 1979545    /usr/jdk/jdk1.6.0_30/jre/lib/i386/jli/libjli.so
b7769000-b776a000 rwxp 00000000 00:00 0 
b776a000-b7781000 r-xp 00000000 08:04 816119     /lib/i386-linux-gnu/libpthread-2.13.so
b7781000-b7782000 r-xp 00016000 08:04 816119     /lib/i386-linux-gnu/libpthread-2.13.so
b7782000-b7783000 rwxp 00017000 08:04 816119     /lib/i386-linux-gnu/libpthread-2.13.so
b7783000-b7785000 rwxp 00000000 00:00 0 
b7786000-b7787000 r-xp 0174a000 08:04 1839527    /usr/lib/locale/locale-archive
b7787000-b7788000 r-xs 00000000 08:04 683867     /home/arsread/workspace/deferredmethods/build/boot_interface.jar
b7788000-b7789000 r-xs 00001000 08:04 683583     /home/arsread/workspace/deferredmethods/build/deferred_thread.jar
b7789000-b778a000 r-xs 00001000 08:04 683639     /home/arsread/workspace/deferredmethods/build/deferred_lock.jar
b778a000-b778b000 r-xp 00000000 08:04 690063     /home/arsread/workspace/deferredmethods/lib/liboverAgent.so
b778b000-b778c000 r-xp 00001000 08:04 690063     /home/arsread/workspace/deferredmethods/lib/liboverAgent.so
b778c000-b778d000 rwxp 00002000 08:04 690063     /home/arsread/workspace/deferredmethods/lib/liboverAgent.so
b778d000-b778e000 rwxp 00000000 00:00 0 
b778e000-b778f000 r-xp 00000000 00:00 0 
b778f000-b779a000 r-xp 00000000 08:04 1979550    /usr/jdk/jdk1.6.0_30/jre/lib/i386/libverify.so
b779a000-b779b000 rwxp 0000b000 08:04 1979550    /usr/jdk/jdk1.6.0_30/jre/lib/i386/libverify.so
b779b000-b779d000 rwxp 00000000 00:00 0 
b779d000-b779e000 r-xp 00000000 00:00 0          [vdso]
b779e000-b77bc000 r-xp 00000000 08:04 816124     /lib/i386-linux-gnu/ld-2.13.so
b77bc000-b77bd000 r-xp 0001d000 08:04 816124     /lib/i386-linux-gnu/ld-2.13.so
b77bd000-b77be000 rwxp 0001e000 08:04 816124     /lib/i386-linux-gnu/ld-2.13.so
bfae2000-bfb03000 rwxp 00000000 00:00 0          [stack]

VM Arguments:
jvm_args: -agentpath:/home/arsread/workspace/deferredmethods/lib/liboverAgent.so -Xbootclasspath/p:/home/arsread/workspace/deferredmethods/build/deferred_lock.jar:/home/arsread/workspace/deferredmethods/build/deferred_thread.jar:/home/arsread/workspace/deferredmethods/build/boot_interface.jar 
java_command: newTest.RetTest
Launcher Type: SUN_STANDARD

Environment Variables:
JAVA_HOME=/usr/jdk/jdk1.6.0_30
CLASSPATH=.:/usr/jdk/jdk1.6.0_30/lib/dt.jar:/usr/jdk/jdk1.6.0_30/lib/tools.jar:/usr/jdk/jUnit/junit-4.11-SNAPSHOT-20120416-1530.jar:/home/arsread/.vim/autoload
PATH=/usr/jdk/jdk1.6.0_30/bin:/usr/lib/lightdm/lightdm:/usr/local/sbin:/usr/local/bin:/usr/sbin:/usr/bin:/sbin:/bin:/usr/games
USERNAME=arsread
LD_LIBRARY_PATH=/usr/jdk/jdk1.6.0_30/jre/lib/i386/server:/usr/jdk/jdk1.6.0_30/jre/lib/i386:/usr/jdk/jdk1.6.0_30/jre/../lib/i386
SHELL=/bin/bash
DISPLAY=:0

Signal Handlers:
SIGSEGV: [libjvm.so+0x725400], sa_mask[0]=0x7ffbfeff, sa_flags=0x10000004
SIGBUS: [libjvm.so+0x725400], sa_mask[0]=0x7ffbfeff, sa_flags=0x10000004
SIGFPE: [libjvm.so+0x5dff40], sa_mask[0]=0x7ffbfeff, sa_flags=0x10000004
SIGPIPE: [libjvm.so+0x5dff40], sa_mask[0]=0x7ffbfeff, sa_flags=0x10000004
SIGXFSZ: [libjvm.so+0x5dff40], sa_mask[0]=0x7ffbfeff, sa_flags=0x10000004
SIGILL: [libjvm.so+0x5dff40], sa_mask[0]=0x7ffbfeff, sa_flags=0x10000004
SIGUSR1: SIG_DFL, sa_mask[0]=0x00000000, sa_flags=0x00000000
SIGUSR2: [libjvm.so+0x5e31a0], sa_mask[0]=0x00000000, sa_flags=0x10000004
SIGHUP: [libjvm.so+0x5e2d80], sa_mask[0]=0x7ffbfeff, sa_flags=0x10000004
SIGINT: [libjvm.so+0x5e2d80], sa_mask[0]=0x7ffbfeff, sa_flags=0x10000004
SIGTERM: [libjvm.so+0x5e2d80], sa_mask[0]=0x7ffbfeff, sa_flags=0x10000004
SIGQUIT: [libjvm.so+0x5e2d80], sa_mask[0]=0x7ffbfeff, sa_flags=0x10000004


---------------  S Y S T E M  ---------------

OS:wheezy/sid

uname:Linux 3.0.0-32-generic #51-Ubuntu SMP Thu Mar 21 15:51:26 UTC 2013 i686
libc:glibc 2.13 NPTL 2.13 
rlimit: STACK 8192k, CORE 0k, NPROC 15915, NOFILE 4096, AS infinity
load average:0.65 0.62 0.67

/proc/meminfo:
MemTotal:        2051200 kB
MemFree:          213320 kB
Buffers:           79084 kB
Cached:          1036296 kB
SwapCached:         5196 kB
Active:          1063172 kB
Inactive:         690028 kB
Active(anon):     658900 kB
Inactive(anon):   268344 kB
Active(file):     404272 kB
Inactive(file):   421684 kB
Unevictable:          16 kB
Mlocked:              16 kB
HighTotal:       1176944 kB
HighFree:          20272 kB
LowTotal:         874256 kB
LowFree:          193048 kB
SwapTotal:       1952764 kB
SwapFree:        1907540 kB
Dirty:               432 kB
Writeback:             0 kB
AnonPages:        633380 kB
Mapped:           140448 kB
Shmem:            289416 kB
Slab:              43940 kB
SReclaimable:      30040 kB
SUnreclaim:        13900 kB
KernelStack:        3568 kB
PageTables:         8328 kB
NFS_Unstable:          0 kB
Bounce:                0 kB
WritebackTmp:          0 kB
CommitLimit:     2978364 kB
Committed_AS:    3288988 kB
VmallocTotal:     122880 kB
VmallocUsed:       27384 kB
VmallocChunk:      91996 kB
HardwareCorrupted:     0 kB
AnonHugePages:         0 kB
HugePages_Total:       0
HugePages_Free:        0
HugePages_Rsvd:        0
HugePages_Surp:        0
Hugepagesize:       4096 kB
DirectMap4k:       16376 kB
DirectMap4M:      892928 kB


CPU:total 2 (2 cores per cpu, 1 threads per core) family 6 model 23 stepping 10, cmov, cx8, fxsr, mmx, sse, sse2, sse3, ssse3, sse4.1

/proc/cpuinfo:
processor	: 0
vendor_id	: GenuineIntel
cpu family	: 6
model		: 23
model name	: Intel(R) Core(TM)2 Duo CPU     E7500  @ 2.93GHz
stepping	: 10
cpu MHz		: 2933.000
cache size	: 3072 KB
physical id	: 0
siblings	: 2
core id		: 0
cpu cores	: 2
apicid		: 0
initial apicid	: 0
fdiv_bug	: no
hlt_bug		: no
f00f_bug	: no
coma_bug	: no
fpu		: yes
fpu_exception	: yes
cpuid level	: 13
wp		: yes
flags		: fpu vme de pse tsc msr pae mce cx8 apic mtrr pge mca cmov pat pse36 clflush dts acpi mmx fxsr sse sse2 ss ht tm pbe nx lm constant_tsc arch_perfmon pebs bts aperfmperf pni dtes64 monitor ds_cpl vmx est tm2 ssse3 cx16 xtpr pdcm sse4_1 xsave lahf_lm dtherm tpr_shadow vnmi flexpriority
bogomips	: 5851.42
clflush size	: 64
cache_alignment	: 64
address sizes	: 36 bits physical, 48 bits virtual
power management:

processor	: 1
vendor_id	: GenuineIntel
cpu family	: 6
model		: 23
model name	: Intel(R) Core(TM)2 Duo CPU     E7500  @ 2.93GHz
stepping	: 10
cpu MHz		: 2933.000
cache size	: 3072 KB
physical id	: 0
siblings	: 2
core id		: 1
cpu cores	: 2
apicid		: 1
initial apicid	: 1
fdiv_bug	: no
hlt_bug		: no
f00f_bug	: no
coma_bug	: no
fpu		: yes
fpu_exception	: yes
cpuid level	: 13
wp		: yes
flags		: fpu vme de pse tsc msr pae mce cx8 apic mtrr pge mca cmov pat pse36 clflush dts acpi mmx fxsr sse sse2 ss ht tm pbe nx lm constant_tsc arch_perfmon pebs bts aperfmperf pni dtes64 monitor ds_cpl vmx est tm2 ssse3 cx16 xtpr pdcm sse4_1 xsave lahf_lm dtherm tpr_shadow vnmi flexpriority
bogomips	: 5851.24
clflush size	: 64
cache_alignment	: 64
address sizes	: 36 bits physical, 48 bits virtual
power management:



Memory: 4k page, physical 2051200k(213320k free), swap 1952764k(1907540k free)

vm_info: Java HotSpot(TM) Server VM (20.5-b03) for linux-x86 JRE (1.6.0_30-b12), built on Nov 10 2011 01:04:19 by "java_re" with gcc 3.2.1-7a (J2SE release)

time: Thu May 16 14:52:27 2013
elapsed time: 1 seconds

