#
# A fatal error has been detected by the Java Runtime Environment:
#
#  SIGSEGV (0xb) at pc=0x01160040, pid=19909, tid=2419096432
#
# JRE version: 7.0_03-b04
# Java VM: Java HotSpot(TM) Server VM (22.1-b02 mixed mode linux-x86 )
# Problematic frame:
# V  [libjvm.so+0x396040]  GraphKit::null_check_common(Node*, BasicType, bool, Node**)+0x640
#
# Failed to write core dump. Core dumps have been disabled. To enable core dumping, try "ulimit -c unlimited" before starting Java again
#
# If you would like to submit a bug report, please visit:
#   http://bugreport.sun.com/bugreport/crash.jsp
#

---------------  T H R E A D  ---------------

Current thread (0x084c0000):  JavaThread "C2 CompilerThread1" daemon [_thread_in_native, id=19918, stack(0x90287000,0x90308000)]

siginfo:si_signo=SIGSEGV: si_errno=0, si_code=1 (SEGV_MAPERR), si_addr=0x0000001c

Registers:
EAX=0x90306748, EBX=0x015734a4, ECX=0x00000000, EDX=0x903065ec
ESP=0x90306200, EBP=0x90306238, ESI=0x00000007, EDI=0x00000003
EIP=0x01160040, EFLAGS=0x00210246, CR2=0x0000001c

Top of Stack: (sp=0x90306200)
0x90306200:   00000000 00000034 0000000d 015734a4
0x90306210:   08515220 08513b50 90306248 0100d5bc
0x90306220:   08515220 08513b50 000000b4 015734a4
0x90306230:   00000007 00000003 90306288 0139f8e9
0x90306240:   903065ec 00000000 0000000c 00000000
0x90306250:   00000000 9030627b 08515120 90920a98
0x90306260:   00000000 010100b8 08515220 012ae3fe
0x90306270:   9090efa8 90936310 019372d4 015734a4 

Instructions: (pc=0x01160040)
0x01160020:   89 06 89 f1 e9 60 fa ff ff 8d b4 26 00 00 00 00
0x01160030:   c7 45 10 0c 00 00 00 8b 55 08 8b 4d 0c 8b 42 10
0x01160040:   8b 51 1c 8b 40 24 8b 3c 90 8b 47 08 83 e8 0b 83
0x01160050:   f8 03 77 29 83 ec 0c 8b 07 57 ff 50 38 83 c4 10 

Register to memory mapping:

EAX=0x90306748 is pointing into the stack for thread: 0x084c0000
EBX=0x015734a4: <offset 0x7a94a4> in /usr/jdk/jdk1.7.0_03/jre/lib/i386/server/libjvm.so at 0x00dca000
ECX=0x00000000 is an unknown value
EDX=0x903065ec is pointing into the stack for thread: 0x084c0000
ESP=0x90306200 is pointing into the stack for thread: 0x084c0000
EBP=0x90306238 is pointing into the stack for thread: 0x084c0000
ESI=0x00000007 is an unknown value
EDI=0x00000003 is an unknown value


Stack: [0x90287000,0x90308000],  sp=0x90306200,  free space=508k
Native frames: (J=compiled Java code, j=interpreted, Vv=VM code, C=native code)
V  [libjvm.so+0x396040]  GraphKit::null_check_common(Node*, BasicType, bool, Node**)+0x640
V  [libjvm.so+0x5d58e9]  Parse::do_field_access(bool, bool)+0x189
V  [libjvm.so+0x5d38bd]  Parse::do_one_bytecode()+0x398d
V  [libjvm.so+0x5c44a2]  Parse::do_one_block()+0x1c2
V  [libjvm.so+0x5c6cd5]  Parse::do_all_blocks()+0x135
V  [libjvm.so+0x5c95a6]  Parse::Parse(JVMState*, ciMethod*, float)+0x1396
V  [libjvm.so+0x20e4ed]  ParseGenerator::generate(JVMState*)+0x6d
V  [libjvm.so+0x28f888]  Compile::Compile(ciEnv*, C2Compiler*, ciMethod*, int, bool, bool)+0xaa8
V  [libjvm.so+0x20ce06]  C2Compiler::compile_method(ciEnv*, ciMethod*, int)+0x176
V  [libjvm.so+0x294bc4]  CompileBroker::invoke_compiler_on_method(CompileTask*)+0x304
V  [libjvm.so+0x2954e7]  CompileBroker::compiler_thread_loop()+0x417
V  [libjvm.so+0x69fa38]  compiler_thread_entry(JavaThread*, Thread*)+0x18
V  [libjvm.so+0x6a6268]  JavaThread::run()+0x178
V  [libjvm.so+0x5a8781]  java_start(Thread*)+0x111
C  [libpthread.so.0+0x6d31]  start_thread+0xd1


Current CompileTask:
C2: 143144    8             java.util.concurrent.locks.ReentrantLock::lock (56 bytes)


---------------  P R O C E S S  ---------------

Java Threads: ( => current thread )
  0x0853c800 JavaThread "TP_WORKER21" [_thread_blocked, id=19987, stack(0x8f46b000,0x8f4bc000)]
  0x0853b000 JavaThread "TP_WORKER20" [_thread_blocked, id=19986, stack(0x8f4bc000,0x8f50d000)]
  0x08533800 JavaThread "TP_WORKER19" [_thread_blocked, id=19984, stack(0x8f50d000,0x8f55e000)]
  0x08532000 JavaThread "TP_WORKER18" [_thread_blocked, id=19983, stack(0x8f55e000,0x8f5af000)]
  0x0852d400 JavaThread "TP_WORKER17" [_thread_blocked, id=19982, stack(0x8f5af000,0x8f600000)]
  0x084f5c00 JavaThread "TP_WORKER16" [_thread_blocked, id=19980, stack(0x8f600000,0x8f651000)]
  0x084f4400 JavaThread "TP_WORKER15" [_thread_blocked, id=19962, stack(0x8f651000,0x8f6a2000)]
  0x084f2800 JavaThread "TP_WORKER14" [_thread_blocked, id=19960, stack(0x8f6a2000,0x8f6f3000)]
  0x084f0c00 JavaThread "TP_WORKER13" [_thread_blocked, id=19956, stack(0x8f6f3000,0x8f744000)]
  0x084ef000 JavaThread "TP_WORKER12" [_thread_blocked, id=19955, stack(0x8f744000,0x8f795000)]
  0x08400800 JavaThread "TP_WORKER11" [_thread_blocked, id=19954, stack(0x8f795000,0x8f7e6000)]
  0x083ff000 JavaThread "TP_WORKER10" [_thread_blocked, id=19953, stack(0x8f7e6000,0x8f837000)]
  0x083fd400 JavaThread "TP_WORKER9" [_thread_blocked, id=19951, stack(0x8f837000,0x8f888000)]
  0x083fb800 JavaThread "TP_WORKER8" [_thread_blocked, id=19950, stack(0x8f888000,0x8f8d9000)]
  0x083fa400 JavaThread "TP_WORKER7" [_thread_blocked, id=19949, stack(0x8f8d9000,0x8f92a000)]
  0x08525800 JavaThread "TP_WORKER6" [_thread_blocked, id=19948, stack(0x8f92a000,0x8f97b000)]
  0x08523c00 JavaThread "TP_WORKER5" [_thread_blocked, id=19947, stack(0x8f97b000,0x8f9cc000)]
  0x08522400 JavaThread "TP_WORKER4" [_thread_blocked, id=19946, stack(0x8f9cc000,0x8fa1d000)]
  0x08520c00 JavaThread "TP_WORKER3" [_thread_blocked, id=19945, stack(0x8fa1d000,0x8fa6e000)]
  0x0852a800 JavaThread "TP_WORKER2" [_thread_blocked, id=19944, stack(0x8fa6e000,0x8fabf000)]
  0x90986800 JavaThread "DestroyJavaVM" [_thread_blocked, id=19910, stack(0xb76ce000,0xb771f000)]
  0x90984c00 JavaThread "Monitor-0" [_thread_blocked, id=19942, stack(0x8fabf000,0x8fb10000)]
  0x90982c00 JavaThread "Decrease-9" [_thread_blocked, id=19941, stack(0x8fb10000,0x8fb61000)]
  0x90981400 JavaThread "Decrease-8" [_thread_blocked, id=19940, stack(0x8fb61000,0x8fbb2000)]
  0x9097fc00 JavaThread "Decrease-7" [_thread_blocked, id=19939, stack(0x8fbb2000,0x8fc03000)]
  0x9097e400 JavaThread "Decrease-6" [_thread_blocked, id=19938, stack(0x8fc03000,0x8fc54000)]
  0x9097cc00 JavaThread "Decrease-5" [_thread_blocked, id=19937, stack(0x8fc54000,0x8fca5000)]
  0x9097b400 JavaThread "Decrease-4" [_thread_blocked, id=19936, stack(0x8fca5000,0x8fcf6000)]
  0x90979800 JavaThread "Decrease-3" [_thread_blocked, id=19935, stack(0x8fcf6000,0x8fd47000)]
  0x90978000 JavaThread "Decrease-2" [_thread_blocked, id=19934, stack(0x8fd47000,0x8fd98000)]
  0x90976800 JavaThread "Decrease-1" [_thread_blocked, id=19933, stack(0x8fd98000,0x8fde9000)]
  0x90975400 JavaThread "Decrease-0" [_thread_blocked, id=19932, stack(0x8fde9000,0x8fe3a000)]
  0x90973400 JavaThread "Increase-9" [_thread_blocked, id=19931, stack(0x8fe3a000,0x8fe8b000)]
  0x90971c00 JavaThread "Increase-8" [_thread_blocked, id=19930, stack(0x8fe8b000,0x8fedc000)]
  0x90970400 JavaThread "Increase-7" [_thread_blocked, id=19929, stack(0x8fedc000,0x8ff2d000)]
  0x9096ec00 JavaThread "Increase-6" [_thread_blocked, id=19928, stack(0x8ff2d000,0x8ff7e000)]
  0x9096d400 JavaThread "Increase-5" [_thread_blocked, id=19927, stack(0x8ff7e000,0x8ffcf000)]
  0x9096b800 JavaThread "Increase-4" [_thread_blocked, id=19926, stack(0x8ffcf000,0x90020000)]
  0x9096a000 JavaThread "Increase-3" [_thread_blocked, id=19925, stack(0x90020000,0x90071000)]
  0x90969000 JavaThread "Increase-2" [_thread_blocked, id=19924, stack(0x90071000,0x900c2000)]
  0x0851cc00 JavaThread "Increase-1" [_thread_blocked, id=19923, stack(0x900c2000,0x90113000)]
  0x0851f000 JavaThread "Increase-0" [_thread_blocked, id=19922, stack(0x90113000,0x90164000)]
  0x084e1400 JavaThread "TP_WORKER1" daemon [_thread_blocked, id=19921, stack(0x90164000,0x901b5000)]
  0x084c2000 JavaThread "Service Thread" daemon [_thread_blocked, id=19919, stack(0x90236000,0x90287000)]
=>0x084c0000 JavaThread "C2 CompilerThread1" daemon [_thread_in_native, id=19918, stack(0x90287000,0x90308000)]
  0x084be800 JavaThread "C2 CompilerThread0" daemon [_thread_blocked, id=19917, stack(0x90308000,0x90389000)]
  0x0849cc00 JavaThread "Signal Dispatcher" daemon [_thread_blocked, id=19916, stack(0x90389000,0x903da000)]
  0x08462400 JavaThread "Finalizer" daemon [_thread_blocked, id=19915, stack(0x908af000,0x90900000)]
  0x08460800 JavaThread "Reference Handler" daemon [_thread_blocked, id=19914, stack(0x90a3e000,0x90a8f000)]

Other Threads:
  0x0845ac00 VMThread [stack: 0x90a8f000,0x90b10000] [id=19913]
  0x084c3c00 WatcherThread [stack: 0x901b5000,0x90236000] [id=19920]

VM state:not at safepoint (normal execution)

VM Mutex/Monitor currently owned by a thread: None

Heap
 PSYoungGen      total 9408K, used 6043K [0xa9eb0000, 0xaa920000, 0xb4600000)
  eden space 8128K, 74% used [0xa9eb0000,0xaa496cb8,0xaa6a0000)
  from space 1280K, 0% used [0xaa7e0000,0xaa7e0000,0xaa920000)
  to   space 1280K, 0% used [0xaa6a0000,0xaa6a0000,0xaa7e0000)
 PSOldGen        total 21376K, used 0K [0x95000000, 0x964e0000, 0xa9eb0000)
  object space 21376K, 0% used [0x95000000,0x95000000,0x964e0000)
 PSPermGen       total 16384K, used 2166K [0x91000000, 0x92000000, 0x95000000)
  object space 16384K, 13% used [0x91000000,0x9121db08,0x92000000)

Code Cache  [0xb46c6000, 0xb4906000, 0xb76c6000)
 total_blobs=118 nmethods=6 adapters=66 free_code_cache=48854Kb largest_free_block=50007872

Dynamic libraries:
00110000-00133000 r-xp 00000000 08:04 1846346    /usr/jdk/jdk1.7.0_03/jre/lib/i386/libjava.so
00133000-00134000 rw-p 00023000 08:04 1846346    /usr/jdk/jdk1.7.0_03/jre/lib/i386/libjava.so
00134000-00135000 r-xp 00000000 08:04 690063     /home/arsread/workspace/deferredmethods/lib/liboverAgent.so
00135000-00136000 r--p 00001000 08:04 690063     /home/arsread/workspace/deferredmethods/lib/liboverAgent.so
00136000-00137000 rw-p 00002000 08:04 690063     /home/arsread/workspace/deferredmethods/lib/liboverAgent.so
00137000-0013f000 r-xp 00000000 08:04 816114     /lib/i386-linux-gnu/libnss_compat-2.13.so
0013f000-00140000 r--p 00007000 08:04 816114     /lib/i386-linux-gnu/libnss_compat-2.13.so
00140000-00141000 rw-p 00008000 08:04 816114     /lib/i386-linux-gnu/libnss_compat-2.13.so
00141000-00156000 r-xp 00000000 08:04 816110     /lib/i386-linux-gnu/libnsl-2.13.so
00156000-00157000 r--p 00015000 08:04 816110     /lib/i386-linux-gnu/libnsl-2.13.so
00157000-00158000 rw-p 00016000 08:04 816110     /lib/i386-linux-gnu/libnsl-2.13.so
00158000-0015a000 rw-p 00000000 00:00 0 
0015a000-00164000 r-xp 00000000 08:04 816113     /lib/i386-linux-gnu/libnss_nis-2.13.so
00164000-00165000 r--p 00009000 08:04 816113     /lib/i386-linux-gnu/libnss_nis-2.13.so
00165000-00166000 rw-p 0000a000 08:04 816113     /lib/i386-linux-gnu/libnss_nis-2.13.so
0036f000-00382000 r-xp 00000000 08:04 1846344    /usr/jdk/jdk1.7.0_03/jre/lib/i386/jli/libjli.so
00382000-00383000 rw-p 00012000 08:04 1846344    /usr/jdk/jdk1.7.0_03/jre/lib/i386/jli/libjli.so
00431000-0044f000 r-xp 00000000 08:04 816124     /lib/i386-linux-gnu/ld-2.13.so
0044f000-00450000 r--p 0001d000 08:04 816124     /lib/i386-linux-gnu/ld-2.13.so
00450000-00451000 rw-p 0001e000 08:04 816124     /lib/i386-linux-gnu/ld-2.13.so
0051f000-00536000 r-xp 00000000 08:04 816119     /lib/i386-linux-gnu/libpthread-2.13.so
00536000-00537000 r--p 00016000 08:04 816119     /lib/i386-linux-gnu/libpthread-2.13.so
00537000-00538000 rw-p 00017000 08:04 816119     /lib/i386-linux-gnu/libpthread-2.13.so
00538000-0053a000 rw-p 00000000 00:00 0 
005e4000-005f0000 r-xp 00000000 08:04 1846349    /usr/jdk/jdk1.7.0_03/jre/lib/i386/libverify.so
005f0000-005f1000 rw-p 0000c000 08:04 1846349    /usr/jdk/jdk1.7.0_03/jre/lib/i386/libverify.so
00685000-00801000 r-xp 00000000 08:04 794710     /lib/i386-linux-gnu/libc-2.13.so
00801000-00803000 r--p 0017c000 08:04 794710     /lib/i386-linux-gnu/libc-2.13.so
00803000-00804000 rw-p 0017e000 08:04 794710     /lib/i386-linux-gnu/libc-2.13.so
00804000-00807000 rw-p 00000000 00:00 0 
008ad000-008d5000 r-xp 00000000 08:04 816123     /lib/i386-linux-gnu/libm-2.13.so
008d5000-008d6000 r--p 00028000 08:04 816123     /lib/i386-linux-gnu/libm-2.13.so
008d6000-008d7000 rw-p 00029000 08:04 816123     /lib/i386-linux-gnu/libm-2.13.so
00970000-00979000 r-xp 00000000 08:04 1846347    /usr/jdk/jdk1.7.0_03/jre/lib/i386/libinstrument.so
00979000-0097a000 rw-p 00008000 08:04 1846347    /usr/jdk/jdk1.7.0_03/jre/lib/i386/libinstrument.so
00aa0000-00aab000 r-xp 00000000 08:04 816126     /lib/i386-linux-gnu/libnss_files-2.13.so
00aab000-00aac000 r--p 0000a000 08:04 816126     /lib/i386-linux-gnu/libnss_files-2.13.so
00aac000-00aad000 rw-p 0000b000 08:04 816126     /lib/i386-linux-gnu/libnss_files-2.13.so
00cb0000-00cb3000 r-xp 00000000 08:04 816121     /lib/i386-linux-gnu/libdl-2.13.so
00cb3000-00cb4000 r--p 00002000 08:04 816121     /lib/i386-linux-gnu/libdl-2.13.so
00cb4000-00cb5000 rw-p 00003000 08:04 816121     /lib/i386-linux-gnu/libdl-2.13.so
00cfc000-00d03000 r-xp 00000000 08:04 794712     /lib/i386-linux-gnu/librt-2.13.so
00d03000-00d04000 r--p 00006000 08:04 794712     /lib/i386-linux-gnu/librt-2.13.so
00d04000-00d05000 rw-p 00007000 08:04 794712     /lib/i386-linux-gnu/librt-2.13.so
00d87000-00d9e000 r-xp 00000000 08:04 1846363    /usr/jdk/jdk1.7.0_03/jre/lib/i386/libzip.so
00d9e000-00d9f000 rw-p 00017000 08:04 1846363    /usr/jdk/jdk1.7.0_03/jre/lib/i386/libzip.so
00dc9000-00dca000 r-xp 00000000 00:00 0          [vdso]
00dca000-01538000 r-xp 00000000 08:04 1967468    /usr/jdk/jdk1.7.0_03/jre/lib/i386/server/libjvm.so
01538000-01587000 rw-p 0076d000 08:04 1967468    /usr/jdk/jdk1.7.0_03/jre/lib/i386/server/libjvm.so
01587000-019a6000 rw-p 00000000 00:00 0 
08048000-08049000 r-xp 00000000 08:04 1846227    /usr/jdk/jdk1.7.0_03/bin/java
08049000-0804a000 rw-p 00000000 08:04 1846227    /usr/jdk/jdk1.7.0_03/bin/java
083ae000-08621000 rw-p 00000000 00:00 0          [heap]
8f46b000-8f46e000 ---p 00000000 00:00 0 
8f46e000-8f4bc000 rw-p 00000000 00:00 0 
8f4bc000-8f4bf000 ---p 00000000 00:00 0 
8f4bf000-8f50d000 rw-p 00000000 00:00 0 
8f50d000-8f510000 ---p 00000000 00:00 0 
8f510000-8f55e000 rw-p 00000000 00:00 0 
8f55e000-8f561000 ---p 00000000 00:00 0 
8f561000-8f5af000 rw-p 00000000 00:00 0 
8f5af000-8f5b2000 ---p 00000000 00:00 0 
8f5b2000-8f600000 rw-p 00000000 00:00 0 
8f600000-8f603000 ---p 00000000 00:00 0 
8f603000-8f651000 rw-p 00000000 00:00 0 
8f651000-8f654000 ---p 00000000 00:00 0 
8f654000-8f6a2000 rw-p 00000000 00:00 0 
8f6a2000-8f6a5000 ---p 00000000 00:00 0 
8f6a5000-8f6f3000 rw-p 00000000 00:00 0 
8f6f3000-8f6f6000 ---p 00000000 00:00 0 
8f6f6000-8f744000 rw-p 00000000 00:00 0 
8f744000-8f747000 ---p 00000000 00:00 0 
8f747000-8f795000 rw-p 00000000 00:00 0 
8f795000-8f798000 ---p 00000000 00:00 0 
8f798000-8f7e6000 rw-p 00000000 00:00 0 
8f7e6000-8f7e9000 ---p 00000000 00:00 0 
8f7e9000-8f837000 rw-p 00000000 00:00 0 
8f837000-8f83a000 ---p 00000000 00:00 0 
8f83a000-8f888000 rw-p 00000000 00:00 0 
8f888000-8f88b000 ---p 00000000 00:00 0 
8f88b000-8f8d9000 rw-p 00000000 00:00 0 
8f8d9000-8f8dc000 ---p 00000000 00:00 0 
8f8dc000-8f92a000 rw-p 00000000 00:00 0 
8f92a000-8f92d000 ---p 00000000 00:00 0 
8f92d000-8f97b000 rw-p 00000000 00:00 0 
8f97b000-8f97e000 ---p 00000000 00:00 0 
8f97e000-8f9cc000 rw-p 00000000 00:00 0 
8f9cc000-8f9cf000 ---p 00000000 00:00 0 
8f9cf000-8fa1d000 rw-p 00000000 00:00 0 
8fa1d000-8fa20000 ---p 00000000 00:00 0 
8fa20000-8fa6e000 rw-p 00000000 00:00 0 
8fa6e000-8fa71000 ---p 00000000 00:00 0 
8fa71000-8fabf000 rw-p 00000000 00:00 0 
8fabf000-8fac2000 ---p 00000000 00:00 0 
8fac2000-8fb10000 rw-p 00000000 00:00 0 
8fb10000-8fb13000 ---p 00000000 00:00 0 
8fb13000-8fb61000 rw-p 00000000 00:00 0 
8fb61000-8fb64000 ---p 00000000 00:00 0 
8fb64000-8fbb2000 rw-p 00000000 00:00 0 
8fbb2000-8fbb5000 ---p 00000000 00:00 0 
8fbb5000-8fc03000 rw-p 00000000 00:00 0 
8fc03000-8fc06000 ---p 00000000 00:00 0 
8fc06000-8fc54000 rw-p 00000000 00:00 0 
8fc54000-8fc57000 ---p 00000000 00:00 0 
8fc57000-8fca5000 rw-p 00000000 00:00 0 
8fca5000-8fca8000 ---p 00000000 00:00 0 
8fca8000-8fcf6000 rw-p 00000000 00:00 0 
8fcf6000-8fcf9000 ---p 00000000 00:00 0 
8fcf9000-8fd47000 rw-p 00000000 00:00 0 
8fd47000-8fd4a000 ---p 00000000 00:00 0 
8fd4a000-8fd98000 rw-p 00000000 00:00 0 
8fd98000-8fd9b000 ---p 00000000 00:00 0 
8fd9b000-8fde9000 rw-p 00000000 00:00 0 
8fde9000-8fdec000 ---p 00000000 00:00 0 
8fdec000-8fe3a000 rw-p 00000000 00:00 0 
8fe3a000-8fe3d000 ---p 00000000 00:00 0 
8fe3d000-8fe8b000 rw-p 00000000 00:00 0 
8fe8b000-8fe8e000 ---p 00000000 00:00 0 
8fe8e000-8fedc000 rw-p 00000000 00:00 0 
8fedc000-8fedf000 ---p 00000000 00:00 0 
8fedf000-8ff2d000 rw-p 00000000 00:00 0 
8ff2d000-8ff30000 ---p 00000000 00:00 0 
8ff30000-8ff7e000 rw-p 00000000 00:00 0 
8ff7e000-8ff81000 ---p 00000000 00:00 0 
8ff81000-8ffcf000 rw-p 00000000 00:00 0 
8ffcf000-8ffd2000 ---p 00000000 00:00 0 
8ffd2000-90020000 rw-p 00000000 00:00 0 
90020000-90023000 ---p 00000000 00:00 0 
90023000-90071000 rw-p 00000000 00:00 0 
90071000-90074000 ---p 00000000 00:00 0 
90074000-900c2000 rw-p 00000000 00:00 0 
900c2000-900c5000 ---p 00000000 00:00 0 
900c5000-90113000 rw-p 00000000 00:00 0 
90113000-90116000 ---p 00000000 00:00 0 
90116000-90164000 rw-p 00000000 00:00 0 
90164000-90167000 ---p 00000000 00:00 0 
90167000-901b5000 rw-p 00000000 00:00 0 
901b5000-901b6000 ---p 00000000 00:00 0 
901b6000-90236000 rw-p 00000000 00:00 0 
90236000-90239000 ---p 00000000 00:00 0 
90239000-90287000 rw-p 00000000 00:00 0 
90287000-9028a000 ---p 00000000 00:00 0 
9028a000-90308000 rw-p 00000000 00:00 0 
90308000-9030b000 ---p 00000000 00:00 0 
9030b000-90389000 rw-p 00000000 00:00 0 
90389000-9038c000 ---p 00000000 00:00 0 
9038c000-903da000 rw-p 00000000 00:00 0 
903da000-9050b000 r--p 00188000 08:04 1839527    /usr/lib/locale/locale-archive
9050b000-906af000 r--p 0571f000 08:04 1839527    /usr/lib/locale/locale-archive
906af000-908af000 r--p 00000000 08:04 1839527    /usr/lib/locale/locale-archive
908af000-908b2000 ---p 00000000 00:00 0 
908b2000-90900000 rw-p 00000000 00:00 0 
90900000-90987000 rw-p 00000000 00:00 0 
90987000-90a00000 ---p 00000000 00:00 0 
90a3e000-90a41000 ---p 00000000 00:00 0 
90a41000-90a8f000 rw-p 00000000 00:00 0 
90a8f000-90a90000 ---p 00000000 00:00 0 
90a90000-90b5b000 rw-p 00000000 00:00 0 
90b5b000-90d1a000 r--s 03a09000 08:04 1846403    /usr/jdk/jdk1.7.0_03/jre/lib/rt.jar
90d1a000-90d1b000 ---p 00000000 00:00 0 
90d1b000-90d9b000 rw-p 00000000 00:00 0 
90d9b000-90d9c000 ---p 00000000 00:00 0 
90d9c000-90e24000 rw-p 00000000 00:00 0 
90e24000-90e3c000 rw-p 00000000 00:00 0 
90e3c000-90e47000 rw-p 00000000 00:00 0 
90e47000-90ee4000 rw-p 00000000 00:00 0 
90ee4000-90eec000 rw-p 00000000 00:00 0 
90eec000-90f04000 rw-p 00000000 00:00 0 
90f04000-90f0f000 rw-p 00000000 00:00 0 
90f0f000-90fab000 rw-p 00000000 00:00 0 
90fab000-90fb1000 rw-p 00000000 00:00 0 
90fb1000-90fff000 rw-p 00000000 00:00 0 
90fff000-92000000 rw-p 00000000 00:00 0 
92000000-95000000 rw-p 00000000 00:00 0 
95000000-964e0000 rw-p 00000000 00:00 0 
964e0000-a9eb0000 rw-p 00000000 00:00 0 
a9eb0000-aa920000 rw-p 00000000 00:00 0 
aa920000-b4600000 rw-p 00000000 00:00 0 
b4606000-b460f000 rw-p 00000000 00:00 0 
b460f000-b46c6000 rw-p 00000000 00:00 0 
b46c6000-b4906000 rwxp 00000000 00:00 0 
b4906000-b76c6000 rw-p 00000000 00:00 0 
b76c6000-b76ce000 rw-s 00000000 08:04 683423     /tmp/hsperfdata_arsread/19909
b76ce000-b76d1000 ---p 00000000 00:00 0 
b76d1000-b7721000 rw-p 00000000 00:00 0 
b772a000-b772c000 r--s 00000000 08:04 428937     /home/arsread/workspace/SyncInstrument/testInstr.jar
b772c000-b772d000 r--s 00002000 08:04 684129     /home/arsread/workspace/deferredmethods/build/deferred_test.jar
b772d000-b772f000 r--s 0000a000 08:04 690060     /home/arsread/workspace/deferredmethods/lib/asm-4.0.jar
b772f000-b7731000 r--s 0000c000 08:04 683941     /home/arsread/workspace/deferredmethods/build/deferred.jar
b7731000-b7732000 r--p 0174a000 08:04 1839527    /usr/lib/locale/locale-archive
b7732000-b7733000 r--s 00000000 08:04 683949     /home/arsread/workspace/deferredmethods/build/boot_interface.jar
b7733000-b7734000 r--s 00001000 08:04 683715     /home/arsread/workspace/deferredmethods/build/deferred_thread.jar
b7734000-b7735000 r--s 00001000 08:04 683767     /home/arsread/workspace/deferredmethods/build/deferred_lock.jar
b7735000-b7736000 rw-p 00000000 00:00 0 
b7736000-b7737000 r--p 00000000 00:00 0 
b7737000-b7739000 rw-p 00000000 00:00 0 
bfb59000-bfb7a000 rw-p 00000000 00:00 0          [stack]

VM Arguments:
jvm_args: -agentpath:/home/arsread/workspace/deferredmethods/lib/liboverAgent.so -javaagent:/home/arsread/workspace/SyncInstrument/testInstr.jar -Xbootclasspath/p:/home/arsread/workspace/deferredmethods/build/deferred_lock.jar:/home/arsread/workspace/deferredmethods/build/deferred_thread.jar:/home/arsread/workspace/deferredmethods/build/boot_interface.jar 
java_command: newTest.LockTest
Launcher Type: SUN_STANDARD

Environment Variables:
JAVA_HOME=/usr/jdk/jdk1.7.0_03
CLASSPATH=.:/usr/jdk/jdk1.7.0_03/lib/dt.jar:/usr/jdk/jdk1.7.0_03/lib/tools.jar:/usr/jdk/jUnit/junit-4.11-SNAPSHOT-20120416-1530.jar:/home/arsread/.vim/autoload
PATH=/usr/jdk/jdk1.7.0_03/bin:/usr/lib/lightdm/lightdm:/usr/local/sbin:/usr/local/bin:/usr/sbin:/usr/bin:/sbin:/bin:/usr/games
USERNAME=arsread
SHELL=/bin/bash
DISPLAY=:0

Signal Handlers:
SIGSEGV: [libjvm.so+0x6e2860], sa_mask[0]=0x7ffbfeff, sa_flags=0x10000004
SIGBUS: [libjvm.so+0x6e2860], sa_mask[0]=0x7ffbfeff, sa_flags=0x10000004
SIGFPE: [libjvm.so+0x5a3810], sa_mask[0]=0x7ffbfeff, sa_flags=0x10000004
SIGPIPE: [libjvm.so+0x5a3810], sa_mask[0]=0x7ffbfeff, sa_flags=0x10000004
SIGXFSZ: [libjvm.so+0x5a3810], sa_mask[0]=0x7ffbfeff, sa_flags=0x10000004
SIGILL: [libjvm.so+0x5a3810], sa_mask[0]=0x7ffbfeff, sa_flags=0x10000004
SIGUSR1: SIG_DFL, sa_mask[0]=0x00000000, sa_flags=0x00000000
SIGUSR2: [libjvm.so+0x5a3110], sa_mask[0]=0x00000000, sa_flags=0x10000004
SIGHUP: [libjvm.so+0x5a56e0], sa_mask[0]=0x7ffbfeff, sa_flags=0x10000004
SIGINT: [libjvm.so+0x5a56e0], sa_mask[0]=0x7ffbfeff, sa_flags=0x10000004
SIGTERM: [libjvm.so+0x5a56e0], sa_mask[0]=0x7ffbfeff, sa_flags=0x10000004
SIGQUIT: [libjvm.so+0x5a56e0], sa_mask[0]=0x7ffbfeff, sa_flags=0x10000004


---------------  S Y S T E M  ---------------

OS:wheezy/sid

uname:Linux 3.0.0-32-generic #51-Ubuntu SMP Thu Mar 21 15:51:26 UTC 2013 i686
libc:glibc 2.13 NPTL 2.13 
rlimit: STACK 8192k, CORE 0k, NPROC 15915, NOFILE 4096, AS infinity
load average:1.05 1.05 1.05

/proc/meminfo:
MemTotal:        2051200 kB
MemFree:          309896 kB
Buffers:          145156 kB
Cached:           628712 kB
SwapCached:         5780 kB
Active:          1028024 kB
Inactive:         604928 kB
Active(anon):     761084 kB
Inactive(anon):   402820 kB
Active(file):     266940 kB
Inactive(file):   202108 kB
Unevictable:          16 kB
Mlocked:              16 kB
HighTotal:       1176944 kB
HighFree:          64496 kB
LowTotal:         874256 kB
LowFree:          245400 kB
SwapTotal:       1952764 kB
SwapFree:        1863148 kB
Dirty:               576 kB
Writeback:             0 kB
AnonPages:        856464 kB
Mapped:           111828 kB
Shmem:            304820 kB
Slab:              65860 kB
SReclaimable:      50416 kB
SUnreclaim:        15444 kB
KernelStack:        3784 kB
PageTables:         8776 kB
NFS_Unstable:          0 kB
Bounce:                0 kB
WritebackTmp:          0 kB
CommitLimit:     2978364 kB
Committed_AS:    3608508 kB
VmallocTotal:     122880 kB
VmallocUsed:       27508 kB
VmallocChunk:      43464 kB
HardwareCorrupted:     0 kB
AnonHugePages:         0 kB
HugePages_Total:       0
HugePages_Free:        0
HugePages_Rsvd:        0
HugePages_Surp:        0
Hugepagesize:       4096 kB
DirectMap4k:       16376 kB
DirectMap4M:      892928 kB


CPU:total 2 (2 cores per cpu, 1 threads per core) family 6 model 23 stepping 10, cmov, cx8, fxsr, mmx, sse, sse2, sse3, ssse3, sse4.1

/proc/cpuinfo:
processor	: 0
vendor_id	: GenuineIntel
cpu family	: 6
model		: 23
model name	: Intel(R) Core(TM)2 Duo CPU     E7500  @ 2.93GHz
stepping	: 10
cpu MHz		: 1600.000
cache size	: 3072 KB
physical id	: 0
siblings	: 2
core id		: 0
cpu cores	: 2
apicid		: 0
initial apicid	: 0
fdiv_bug	: no
hlt_bug		: no
f00f_bug	: no
coma_bug	: no
fpu		: yes
fpu_exception	: yes
cpuid level	: 13
wp		: yes
flags		: fpu vme de pse tsc msr pae mce cx8 apic mtrr pge mca cmov pat pse36 clflush dts acpi mmx fxsr sse sse2 ss ht tm pbe nx lm constant_tsc arch_perfmon pebs bts aperfmperf pni dtes64 monitor ds_cpl vmx est tm2 ssse3 cx16 xtpr pdcm sse4_1 xsave lahf_lm dtherm tpr_shadow vnmi flexpriority
bogomips	: 5851.38
clflush size	: 64
cache_alignment	: 64
address sizes	: 36 bits physical, 48 bits virtual
power management:

processor	: 1
vendor_id	: GenuineIntel
cpu family	: 6
model		: 23
model name	: Intel(R) Core(TM)2 Duo CPU     E7500  @ 2.93GHz
stepping	: 10
cpu MHz		: 2933.000
cache size	: 3072 KB
physical id	: 0
siblings	: 2
core id		: 1
cpu cores	: 2
apicid		: 1
initial apicid	: 1
fdiv_bug	: no
hlt_bug		: no
f00f_bug	: no
coma_bug	: no
fpu		: yes
fpu_exception	: yes
cpuid level	: 13
wp		: yes
flags		: fpu vme de pse tsc msr pae mce cx8 apic mtrr pge mca cmov pat pse36 clflush dts acpi mmx fxsr sse sse2 ss ht tm pbe nx lm constant_tsc arch_perfmon pebs bts aperfmperf pni dtes64 monitor ds_cpl vmx est tm2 ssse3 cx16 xtpr pdcm sse4_1 xsave lahf_lm dtherm tpr_shadow vnmi flexpriority
bogomips	: 5851.25
clflush size	: 64
cache_alignment	: 64
address sizes	: 36 bits physical, 48 bits virtual
power management:



Memory: 4k page, physical 2051200k(309896k free), swap 1952764k(1863148k free)

vm_info: Java HotSpot(TM) Server VM (22.1-b02) for linux-x86 JRE (1.7.0_03-b04), built on Jan 20 2012 10:08:12 by "java_re" with gcc 4.3.0 20080428 (Red Hat 4.3.0-8)

time: Wed Apr 24 19:04:40 2013
elapsed time: 143 seconds

