#
# A fatal error has been detected by the Java Runtime Environment:
#
#  SIGSEGV (0xb) at pc=0xb6d2f210, pid=16315, tid=779090800
#
# JRE version: 6.0_30-b12
# Java VM: Java HotSpot(TM) Server VM (20.5-b03 mixed mode linux-x86 )
# Problematic frame:
# V  [libjvm.so+0x394210]  GraphKit::null_check_common(Node*, BasicType, bool, Node**)+0xb20
#
# If you would like to submit a bug report, please visit:
#   http://java.sun.com/webapps/bugreport/crash.jsp
#

---------------  T H R E A D  ---------------

Current thread (0x08c9fc00):  JavaThread "C2 CompilerThread1" daemon [_thread_in_native, id=16324, stack(0x2e67f000,0x2e700000)]

siginfo:si_signo=SIGSEGV: si_errno=0, si_code=1 (SEGV_MAPERR), si_addr=0x0000001c

Registers:
EAX=0x2e6fe670, EBX=0xb719cd08, ECX=0x2e6fe440, EDX=0x08dd547c
ESP=0x2e6fdbd0, EBP=0x2e6fdc68, ESI=0x00000000, EDI=0x2e6fe440
EIP=0xb6d2f210, EFLAGS=0x00210246, CR2=0x0000001c

Top of Stack: (sp=0x2e6fdbd0)
0x2e6fdbd0:   2e6fef50 08d4f1e8 2f937828 08ca05a8
0x2e6fdbe0:   08ca05c0 08ca05c4 00000001 00000000
0x2e6fdbf0:   00000034 0000000d 00000000 08d50888
0x2e6fdc00:   08c9fc00 00000000 00000219 2e6fdc10
0x2e6fdc10:   b718fa08 00000001 2e6fdc58 b6d31a61
0x2e6fdc20:   08c9fc00 08dd544c 2e6fdc58 b6c10b3f
0x2e6fdc30:   08dd544c 08d4f188 00000000 0019cd08
0x2e6fdc40:   2e6fe4bc 08d50888 2e6fdc78 b6c10be3 

Instructions: (pc=0xb6d2f210)
0xb6d2f1f0:   83 7d 10 0c 74 11 83 7d 10 0d 0f 85 52 f5 ff ff
0xb6d2f200:   c7 45 10 0c 00 00 00 8b 7d 08 8b 75 0c 8b 47 10
0xb6d2f210:   8b 4e 1c 83 c0 1c 8b 40 08 8b 34 88 89 f7 8b 46
0xb6d2f220:   08 83 e8 0b 83 f8 04 19 d2 21 d7 74 14 83 ec 0c 

Register to memory mapping:

EAX=0x2e6fe670 is pointing into the stack for thread: 0x08c9fc00
EBX=0xb719cd08: <offset 0x801d08> in /usr/jdk/jdk1.6.0_30/jre/lib/i386/server/libjvm.so at 0xb699b000
ECX=0x2e6fe440 is pointing into the stack for thread: 0x08c9fc00
EDX=0x08dd547c is an unknown value
ESP=0x2e6fdbd0 is pointing into the stack for thread: 0x08c9fc00
EBP=0x2e6fdc68 is pointing into the stack for thread: 0x08c9fc00
ESI=0x00000000 is an unknown value
EDI=0x2e6fe440 is pointing into the stack for thread: 0x08c9fc00


Stack: [0x2e67f000,0x2e700000],  sp=0x2e6fdbd0,  free space=506k
Native frames: (J=compiled Java code, j=interpreted, Vv=VM code, C=native code)
V  [libjvm.so+0x394210]  GraphKit::null_check_common(Node*, BasicType, bool, Node**)+0xb20
V  [libjvm.so+0x60b981]  Parse::do_field_access(bool, bool)+0xe1
V  [libjvm.so+0x60b1ab]  Parse::do_one_bytecode()+0x795b
V  [libjvm.so+0x5fad7e]  Parse::do_one_block()+0x1ae
V  [libjvm.so+0x5f8814]  Parse::do_all_blocks()+0x154
V  [libjvm.so+0x5f8382]  Parse::Parse(JVMState*, ciMethod*, float)+0x562
V  [libjvm.so+0x24426e]  ParseGenerator::generate(JVMState*)+0x7e
V  [libjvm.so+0x2b8708]  Compile::Compile(ciEnv*, C2Compiler*, ciMethod*, int, bool, bool)+0x738
V  [libjvm.so+0x243857]  C2Compiler::compile_method(ciEnv*, ciMethod*, int)+0xe7
V  [libjvm.so+0x2c254c]  CompileBroker::invoke_compiler_on_method(CompileTask*)+0x2dc
V  [libjvm.so+0x2c1dc1]  CompileBroker::compiler_thread_loop()+0x351
V  [libjvm.so+0x6e8536]  compiler_thread_entry(JavaThread*, Thread*)+0x16
V  [libjvm.so+0x6e16ff]  JavaThread::run()+0x11f
V  [libjvm.so+0x5e2b2e]  java_start(Thread*)+0x14e
C  [libpthread.so.0+0x6d31]  short+0xd1


Current CompileTask:
C2:    247   9      java.util.concurrent.locks.ReentrantLock.lock()V (56 bytes)


---------------  P R O C E S S  ---------------

Java Threads: ( => current thread )
  0x2e500400 JavaThread "DestroyJavaVM" [_thread_blocked, id=16316, stack(0xb6920000,0xb6971000)]
  0x2e7ef800 JavaThread "Test Thread 50" [_thread_blocked, id=16380, stack(0x2d43b000,0x2d48c000)]
  0x2e7ee000 JavaThread "Test Thread 49" [_thread_blocked, id=16379, stack(0x2d48c000,0x2d4dd000)]
  0x2e7ec800 JavaThread "Test Thread 48" [_thread_blocked, id=16378, stack(0x2d4dd000,0x2d52e000)]
  0x2e7e7400 JavaThread "Test Thread 44" [_thread_blocked, id=16374, stack(0x2d621000,0x2d672000)]
  0x2e7e4400 JavaThread "Test Thread 42" [_thread_blocked, id=16372, stack(0x2d6c3000,0x2d714000)]
  0x2e7e2c00 JavaThread "Test Thread 41" [_thread_blocked, id=16371, stack(0x2d714000,0x2d765000)]
  0x2e7e0000 JavaThread "Test Thread 39" [_thread_blocked, id=16369, stack(0x2d7b6000,0x2d807000)]
  0x2e7da000 JavaThread "Test Thread 35" [_thread_blocked, id=16365, stack(0x2d8fa000,0x2d94b000)]
  0x2e7d8800 JavaThread "Test Thread 34" [_thread_in_native, id=16364, stack(0x2d94b000,0x2d99c000)]
  0x2e7d5800 JavaThread "Test Thread 32" [_thread_blocked, id=16362, stack(0x2d9ed000,0x2da3e000)]
  0x2e7d4000 JavaThread "Test Thread 31" [_thread_in_vm, id=16361, stack(0x2da3e000,0x2da8f000)]
  0x2e7cdc00 JavaThread "Test Thread 26" [_thread_blocked, id=16356, stack(0x2dbd3000,0x2dc24000)]
  0x2e7cac00 JavaThread "Test Thread 24" [_thread_blocked, id=16354, stack(0x2dc75000,0x2dcc6000)]
  0x2e7c9400 JavaThread "Test Thread 23" [_thread_blocked, id=16353, stack(0x2dcc6000,0x2dd17000)]
  0x2e7c7c00 JavaThread "Test Thread 22" [_thread_in_native, id=16352, stack(0x2dd17000,0x2dd68000)]
  0x2e7c6400 JavaThread "Test Thread 21" [_thread_blocked, id=16351, stack(0x2dd68000,0x2ddb9000)]
  0x2e7c4c00 JavaThread "Test Thread 20" [_thread_blocked, id=16350, stack(0x2ddb9000,0x2de0a000)]
  0x2e7c3400 JavaThread "Test Thread 19" [_thread_blocked, id=16349, stack(0x2de0a000,0x2de5b000)]
  0x2e7c1c00 JavaThread "Test Thread 18" [_thread_blocked, id=16348, stack(0x2de5b000,0x2deac000)]
  0x2e7c0400 JavaThread "Test Thread 17" [_thread_blocked, id=16347, stack(0x2deac000,0x2defd000)]
  0x2e7bec00 JavaThread "Test Thread 16" [_thread_blocked, id=16346, stack(0x2defd000,0x2df4e000)]
  0x2e7bbc00 JavaThread "Test Thread 14" [_thread_blocked, id=16344, stack(0x2df9f000,0x2dff0000)]
  0x2e7ba400 JavaThread "Test Thread 13" [_thread_blocked, id=16343, stack(0x2dff0000,0x2e041000)]
  0x2e7b1400 JavaThread "Test Thread 7" [_thread_blocked, id=16337, stack(0x2e1d6000,0x2e227000)]
  0x2e7ab800 JavaThread "Test Thread 3" [_thread_in_native, id=16333, stack(0x2e31a000,0x2e36b000)]
  0x2e7a8000 JavaThread "Test Thread 1" [_thread_blocked, id=16331, stack(0x2e3bc000,0x2e40d000)]
  0x2e76b000 JavaThread "AP_WORKER4" daemon [_thread_blocked, id=16330, stack(0x2e40d000,0x2e45e000)]
  0x2e735800 JavaThread "AP_WORKER3" daemon [_thread_blocked, id=16329, stack(0x2e45e000,0x2e4af000)]
  0x2e73f000 JavaThread "AP_WORKER2" daemon [_thread_blocked, id=16328, stack(0x2e4af000,0x2e500000)]
  0x2e725800 JavaThread "AP_WORKER1" daemon [_thread_blocked, id=16327, stack(0x2e62e000,0x2e67f000)]
  0x08ca1c00 JavaThread "Low Memory Detector" daemon [_thread_blocked, id=16325, stack(0x2e88a000,0x2e8db000)]
=>0x08c9fc00 JavaThread "C2 CompilerThread1" daemon [_thread_in_native, id=16324, stack(0x2e67f000,0x2e700000)]
  0x08c9dc00 JavaThread "C2 CompilerThread0" daemon [_thread_blocked, id=16323, stack(0x2e8db000,0x2e95c000)]
  0x08c83800 JavaThread "Signal Dispatcher" daemon [_thread_blocked, id=16322, stack(0x2e95c000,0x2e9ad000)]
  0x08c72000 JavaThread "Finalizer" daemon [_thread_blocked, id=16321, stack(0x2ecde000,0x2ed2f000)]
  0x08c70800 JavaThread "Reference Handler" daemon [_thread_blocked, id=16320, stack(0x2ed2f000,0x2ed80000)]

Other Threads:
  0x08c6cc00 VMThread [stack: 0x2ed80000,0x2ee01000] [id=16319]
  0x2e702800 WatcherThread [stack: 0x2e809000,0x2e88a000] [id=16326]

VM state:not at safepoint (normal execution)

VM Mutex/Monitor currently owned by a thread: None

Heap
 PSYoungGen      total 9408K, used 6355K [0x88d20000, 0x89790000, 0xb37c0000)
  eden space 8128K, 74% used [0x88d20000,0x8930abe0,0x89510000)
  from space 1280K, 23% used [0x89510000,0x8955a050,0x89650000)
  to   space 1280K, 0% used [0x89650000,0x89650000,0x89790000)
 PSOldGen        total 21376K, used 0K [0x337c0000, 0x34ca0000, 0x88d20000)
  object space 21376K, 0% used [0x337c0000,0x337c0000,0x34ca0000)
 PSPermGen       total 16384K, used 2594K [0x2f7c0000, 0x307c0000, 0x337c0000)
  object space 16384K, 15% used [0x2f7c0000,0x2fa48ae0,0x307c0000)

Code Cache  [0xb3883000, 0xb3ac3000, 0xb6883000)
 total_blobs=123 nmethods=16 adapters=62 free_code_cache=50013760 largest_free_block=13504

Dynamic libraries:
08048000-08052000 r-xp 00000000 08:04 1850868    /usr/jdk/jdk1.6.0_30/bin/java
08052000-08053000 rwxp 00009000 08:04 1850868    /usr/jdk/jdk1.6.0_30/bin/java
08be9000-08e0f000 rwxp 00000000 00:00 0          [heap]
2d43b000-2d43e000 ---p 00000000 00:00 0 
2d43e000-2d48c000 rwxp 00000000 00:00 0 
2d48c000-2d48f000 ---p 00000000 00:00 0 
2d48f000-2d4dd000 rwxp 00000000 00:00 0 
2d4dd000-2d4e0000 ---p 00000000 00:00 0 
2d4e0000-2d52e000 rwxp 00000000 00:00 0 
2d52e000-2d531000 ---p 00000000 00:00 0 
2d531000-2d57f000 rwxp 00000000 00:00 0 
2d57f000-2d582000 ---p 00000000 00:00 0 
2d582000-2d5d0000 rwxp 00000000 00:00 0 
2d5d0000-2d5d3000 ---p 00000000 00:00 0 
2d5d3000-2d621000 rwxp 00000000 00:00 0 
2d621000-2d624000 ---p 00000000 00:00 0 
2d624000-2d672000 rwxp 00000000 00:00 0 
2d672000-2d675000 ---p 00000000 00:00 0 
2d675000-2d6c3000 rwxp 00000000 00:00 0 
2d6c3000-2d6c6000 ---p 00000000 00:00 0 
2d6c6000-2d714000 rwxp 00000000 00:00 0 
2d714000-2d717000 ---p 00000000 00:00 0 
2d717000-2d765000 rwxp 00000000 00:00 0 
2d765000-2d768000 ---p 00000000 00:00 0 
2d768000-2d7b6000 rwxp 00000000 00:00 0 
2d7b6000-2d7b9000 ---p 00000000 00:00 0 
2d7b9000-2d807000 rwxp 00000000 00:00 0 
2d807000-2d80a000 ---p 00000000 00:00 0 
2d80a000-2d858000 rwxp 00000000 00:00 0 
2d858000-2d85b000 ---p 00000000 00:00 0 
2d85b000-2d8a9000 rwxp 00000000 00:00 0 
2d8a9000-2d8ac000 ---p 00000000 00:00 0 
2d8ac000-2d8fa000 rwxp 00000000 00:00 0 
2d8fa000-2d8fd000 ---p 00000000 00:00 0 
2d8fd000-2d94b000 rwxp 00000000 00:00 0 
2d94b000-2d94e000 ---p 00000000 00:00 0 
2d94e000-2d99c000 rwxp 00000000 00:00 0 
2d99c000-2d99f000 ---p 00000000 00:00 0 
2d99f000-2d9ed000 rwxp 00000000 00:00 0 
2d9ed000-2d9f0000 ---p 00000000 00:00 0 
2d9f0000-2da3e000 rwxp 00000000 00:00 0 
2da3e000-2da41000 ---p 00000000 00:00 0 
2da41000-2da8f000 rwxp 00000000 00:00 0 
2da8f000-2da92000 ---p 00000000 00:00 0 
2da92000-2dae0000 rwxp 00000000 00:00 0 
2dae0000-2dae3000 ---p 00000000 00:00 0 
2dae3000-2db31000 rwxp 00000000 00:00 0 
2db31000-2db34000 ---p 00000000 00:00 0 
2db34000-2db82000 rwxp 00000000 00:00 0 
2db82000-2db85000 ---p 00000000 00:00 0 
2db85000-2dbd3000 rwxp 00000000 00:00 0 
2dbd3000-2dbd6000 ---p 00000000 00:00 0 
2dbd6000-2dc24000 rwxp 00000000 00:00 0 
2dc24000-2dc27000 ---p 00000000 00:00 0 
2dc27000-2dc75000 rwxp 00000000 00:00 0 
2dc75000-2dc78000 ---p 00000000 00:00 0 
2dc78000-2dcc6000 rwxp 00000000 00:00 0 
2dcc6000-2dcc9000 ---p 00000000 00:00 0 
2dcc9000-2dd17000 rwxp 00000000 00:00 0 
2dd17000-2dd1a000 ---p 00000000 00:00 0 
2dd1a000-2dd68000 rwxp 00000000 00:00 0 
2dd68000-2dd6b000 ---p 00000000 00:00 0 
2dd6b000-2ddb9000 rwxp 00000000 00:00 0 
2ddb9000-2ddbc000 ---p 00000000 00:00 0 
2ddbc000-2de0a000 rwxp 00000000 00:00 0 
2de0a000-2de0d000 ---p 00000000 00:00 0 
2de0d000-2de5b000 rwxp 00000000 00:00 0 
2de5b000-2de5e000 ---p 00000000 00:00 0 
2de5e000-2deac000 rwxp 00000000 00:00 0 
2deac000-2deaf000 ---p 00000000 00:00 0 
2deaf000-2defd000 rwxp 00000000 00:00 0 
2defd000-2df00000 ---p 00000000 00:00 0 
2df00000-2df4e000 rwxp 00000000 00:00 0 
2df4e000-2df51000 ---p 00000000 00:00 0 
2df51000-2df9f000 rwxp 00000000 00:00 0 
2df9f000-2dfa2000 ---p 00000000 00:00 0 
2dfa2000-2dff0000 rwxp 00000000 00:00 0 
2dff0000-2dff3000 ---p 00000000 00:00 0 
2dff3000-2e041000 rwxp 00000000 00:00 0 
2e041000-2e044000 ---p 00000000 00:00 0 
2e044000-2e092000 rwxp 00000000 00:00 0 
2e092000-2e095000 ---p 00000000 00:00 0 
2e095000-2e0e3000 rwxp 00000000 00:00 0 
2e0e3000-2e0e6000 ---p 00000000 00:00 0 
2e0e6000-2e134000 rwxp 00000000 00:00 0 
2e134000-2e137000 ---p 00000000 00:00 0 
2e137000-2e185000 rwxp 00000000 00:00 0 
2e185000-2e188000 ---p 00000000 00:00 0 
2e188000-2e1d6000 rwxp 00000000 00:00 0 
2e1d6000-2e1d9000 ---p 00000000 00:00 0 
2e1d9000-2e227000 rwxp 00000000 00:00 0 
2e227000-2e22a000 ---p 00000000 00:00 0 
2e22a000-2e278000 rwxp 00000000 00:00 0 
2e278000-2e27b000 ---p 00000000 00:00 0 
2e27b000-2e2c9000 rwxp 00000000 00:00 0 
2e2c9000-2e2cc000 ---p 00000000 00:00 0 
2e2cc000-2e31a000 rwxp 00000000 00:00 0 
2e31a000-2e31d000 ---p 00000000 00:00 0 
2e31d000-2e36b000 rwxp 00000000 00:00 0 
2e36b000-2e36e000 ---p 00000000 00:00 0 
2e36e000-2e3bc000 rwxp 00000000 00:00 0 
2e3bc000-2e3bf000 ---p 00000000 00:00 0 
2e3bf000-2e40d000 rwxp 00000000 00:00 0 
2e40d000-2e410000 ---p 00000000 00:00 0 
2e410000-2e45e000 rwxp 00000000 00:00 0 
2e45e000-2e461000 ---p 00000000 00:00 0 
2e461000-2e4af000 rwxp 00000000 00:00 0 
2e4af000-2e4b2000 ---p 00000000 00:00 0 
2e4b2000-2e500000 rwxp 00000000 00:00 0 
2e500000-2e553000 rwxp 00000000 00:00 0 
2e553000-2e600000 ---p 00000000 00:00 0 
2e62e000-2e631000 ---p 00000000 00:00 0 
2e631000-2e67f000 rwxp 00000000 00:00 0 
2e67f000-2e682000 ---p 00000000 00:00 0 
2e682000-2e700000 rwxp 00000000 00:00 0 
2e700000-2e800000 rwxp 00000000 00:00 0 
2e809000-2e80a000 ---p 00000000 00:00 0 
2e80a000-2e88a000 rwxp 00000000 00:00 0 
2e88a000-2e88d000 ---p 00000000 00:00 0 
2e88d000-2e8db000 rwxp 00000000 00:00 0 
2e8db000-2e8de000 ---p 00000000 00:00 0 
2e8de000-2e95c000 rwxp 00000000 00:00 0 
2e95c000-2e95f000 ---p 00000000 00:00 0 
2e95f000-2e9ad000 rwxp 00000000 00:00 0 
2e9ad000-2eade000 r-xp 00188000 08:04 1839527    /usr/lib/locale/locale-archive
2eade000-2ecde000 r-xp 00000000 08:04 1839527    /usr/lib/locale/locale-archive
2ecde000-2ece1000 ---p 00000000 00:00 0 
2ece1000-2ed2f000 rwxp 00000000 00:00 0 
2ed2f000-2ed32000 ---p 00000000 00:00 0 
2ed32000-2ed80000 rwxp 00000000 00:00 0 
2ed80000-2ed81000 ---p 00000000 00:00 0 
2ed81000-2ee35000 rwxp 00000000 00:00 0 
2ee35000-2efd2000 r-xs 030b8000 08:04 1979638    /usr/jdk/jdk1.6.0_30/jre/lib/rt.jar
2efd2000-2efd3000 ---p 00000000 00:00 0 
2efd3000-2f053000 rwxp 00000000 00:00 0 
2f053000-2f054000 ---p 00000000 00:00 0 
2f054000-2f0dc000 rwxp 00000000 00:00 0 
2f0dc000-2f0f4000 rwxp 00000000 00:00 0 
2f0f4000-2f0ff000 rwxp 00000000 00:00 0 
2f0ff000-2f39f000 rwxp 00000000 00:00 0 
2f39f000-2f3a7000 rwxp 00000000 00:00 0 
2f3a7000-2f3bf000 rwxp 00000000 00:00 0 
2f3bf000-2f3ca000 rwxp 00000000 00:00 0 
2f3ca000-2f669000 rwxp 00000000 00:00 0 
2f669000-2f66f000 rwxp 00000000 00:00 0 
2f66f000-2f7bf000 rwxp 00000000 00:00 0 
2f7bf000-307c0000 rwxp 00000000 00:00 0 
307c0000-337c0000 rwxp 00000000 00:00 0 
337c0000-34ca0000 rwxp 00000000 00:00 0 
34ca0000-88d20000 rwxp 00000000 00:00 0 
88d20000-89790000 rwxp 00000000 00:00 0 
89790000-b37c0000 rwxp 00000000 00:00 0 
b37c3000-b37cc000 rwxp 00000000 00:00 0 
b37cc000-b3883000 rwxp 00000000 00:00 0 
b3883000-b3ac3000 rwxp 00000000 00:00 0 
b3ac3000-b6883000 rwxp 00000000 00:00 0 
b6883000-b6892000 r-xp 00000000 08:04 1979561    /usr/jdk/jdk1.6.0_30/jre/lib/i386/libzip.so
b6892000-b6894000 rwxp 0000e000 08:04 1979561    /usr/jdk/jdk1.6.0_30/jre/lib/i386/libzip.so
b6894000-b689f000 r-xp 00000000 08:04 816126     /lib/i386-linux-gnu/libnss_files-2.13.so
b689f000-b68a0000 r-xp 0000a000 08:04 816126     /lib/i386-linux-gnu/libnss_files-2.13.so
b68a0000-b68a1000 rwxp 0000b000 08:04 816126     /lib/i386-linux-gnu/libnss_files-2.13.so
b68a1000-b68ab000 r-xp 00000000 08:04 816113     /lib/i386-linux-gnu/libnss_nis-2.13.so
b68ab000-b68ac000 r-xp 00009000 08:04 816113     /lib/i386-linux-gnu/libnss_nis-2.13.so
b68ac000-b68ad000 rwxp 0000a000 08:04 816113     /lib/i386-linux-gnu/libnss_nis-2.13.so
b68b2000-b68b4000 r-xs 00005000 08:04 683949     /home/arsread/workspace/deferredmethods/build/deferred_test.jar
b68b4000-b68b6000 r-xs 0000a000 08:04 690060     /home/arsread/workspace/deferredmethods/lib/asm-4.0.jar
b68b6000-b68bb000 r-xs 0004a000 08:04 691588     /home/arsread/workspace/disl/lib/asm-debug-all-4.0.jar
b68bb000-b68c3000 rwxs 00000000 08:04 537397     /tmp/hsperfdata_arsread/16315
b68c3000-b68d8000 r-xp 00000000 08:04 816110     /lib/i386-linux-gnu/libnsl-2.13.so
b68d8000-b68d9000 r-xp 00015000 08:04 816110     /lib/i386-linux-gnu/libnsl-2.13.so
b68d9000-b68da000 rwxp 00016000 08:04 816110     /lib/i386-linux-gnu/libnsl-2.13.so
b68da000-b68dc000 rwxp 00000000 00:00 0 
b68dc000-b68de000 r-xs 0000e000 08:04 683863     /home/arsread/workspace/deferredmethods/build/deferred.jar
b68de000-b68e6000 r-xp 00000000 08:04 816114     /lib/i386-linux-gnu/libnss_compat-2.13.so
b68e6000-b68e7000 r-xp 00007000 08:04 816114     /lib/i386-linux-gnu/libnss_compat-2.13.so
b68e7000-b68e8000 rwxp 00008000 08:04 816114     /lib/i386-linux-gnu/libnss_compat-2.13.so
b68e8000-b68f1000 r-xp 00000000 08:04 1979548    /usr/jdk/jdk1.6.0_30/jre/lib/i386/libinstrument.so
b68f1000-b68f2000 rwxp 00008000 08:04 1979548    /usr/jdk/jdk1.6.0_30/jre/lib/i386/libinstrument.so
b68f2000-b6915000 r-xp 00000000 08:04 1979547    /usr/jdk/jdk1.6.0_30/jre/lib/i386/libjava.so
b6915000-b6917000 rwxp 00023000 08:04 1979547    /usr/jdk/jdk1.6.0_30/jre/lib/i386/libjava.so
b6917000-b691e000 r-xp 00000000 08:04 794712     /lib/i386-linux-gnu/librt-2.13.so
b691e000-b691f000 r-xp 00006000 08:04 794712     /lib/i386-linux-gnu/librt-2.13.so
b691f000-b6920000 rwxp 00007000 08:04 794712     /lib/i386-linux-gnu/librt-2.13.so
b6920000-b6923000 ---p 00000000 00:00 0 
b6923000-b6971000 rwxp 00000000 00:00 0 
b6971000-b6999000 r-xp 00000000 08:04 816123     /lib/i386-linux-gnu/libm-2.13.so
b6999000-b699a000 r-xp 00028000 08:04 816123     /lib/i386-linux-gnu/libm-2.13.so
b699a000-b699b000 rwxp 00029000 08:04 816123     /lib/i386-linux-gnu/libm-2.13.so
b699b000-b714d000 r-xp 00000000 08:04 1979600    /usr/jdk/jdk1.6.0_30/jre/lib/i386/server/libjvm.so
b714d000-b71a1000 rwxp 007b1000 08:04 1979600    /usr/jdk/jdk1.6.0_30/jre/lib/i386/server/libjvm.so
b71a1000-b75c0000 rwxp 00000000 00:00 0 
b75c0000-b773c000 r-xp 00000000 08:04 794710     /lib/i386-linux-gnu/libc-2.13.so
b773c000-b773e000 r-xp 0017c000 08:04 794710     /lib/i386-linux-gnu/libc-2.13.so
b773e000-b773f000 rwxp 0017e000 08:04 794710     /lib/i386-linux-gnu/libc-2.13.so
b773f000-b7742000 rwxp 00000000 00:00 0 
b7742000-b7745000 r-xp 00000000 08:04 816121     /lib/i386-linux-gnu/libdl-2.13.so
b7745000-b7746000 r-xp 00002000 08:04 816121     /lib/i386-linux-gnu/libdl-2.13.so
b7746000-b7747000 rwxp 00003000 08:04 816121     /lib/i386-linux-gnu/libdl-2.13.so
b7747000-b774e000 r-xp 00000000 08:04 1979545    /usr/jdk/jdk1.6.0_30/jre/lib/i386/jli/libjli.so
b774e000-b7750000 rwxp 00006000 08:04 1979545    /usr/jdk/jdk1.6.0_30/jre/lib/i386/jli/libjli.so
b7750000-b7751000 rwxp 00000000 00:00 0 
b7751000-b7768000 r-xp 00000000 08:04 816119     /lib/i386-linux-gnu/libpthread-2.13.so
b7768000-b7769000 r-xp 00016000 08:04 816119     /lib/i386-linux-gnu/libpthread-2.13.so
b7769000-b776a000 rwxp 00017000 08:04 816119     /lib/i386-linux-gnu/libpthread-2.13.so
b776a000-b776c000 rwxp 00000000 00:00 0 
b776c000-b776d000 r-xs 00001000 08:04 684143     /home/arsread/workspace/deferredmethods/build/sync_instr.jar
b776d000-b776e000 r-xp 0174a000 08:04 1839527    /usr/lib/locale/locale-archive
b776e000-b776f000 r-xs 00000000 08:04 683865     /home/arsread/workspace/deferredmethods/build/boot_interface.jar
b776f000-b7770000 r-xs 00001000 08:04 683581     /home/arsread/workspace/deferredmethods/build/deferred_thread.jar
b7770000-b7771000 r-xs 00001000 08:04 683629     /home/arsread/workspace/deferredmethods/build/deferred_lock.jar
b7771000-b7772000 r-xp 00000000 08:04 690063     /home/arsread/workspace/deferredmethods/lib/liboverAgent.so
b7772000-b7773000 r-xp 00001000 08:04 690063     /home/arsread/workspace/deferredmethods/lib/liboverAgent.so
b7773000-b7774000 rwxp 00002000 08:04 690063     /home/arsread/workspace/deferredmethods/lib/liboverAgent.so
b7774000-b7775000 rwxp 00000000 00:00 0 
b7775000-b7776000 r-xp 00000000 00:00 0 
b7776000-b7781000 r-xp 00000000 08:04 1979550    /usr/jdk/jdk1.6.0_30/jre/lib/i386/libverify.so
b7781000-b7782000 rwxp 0000b000 08:04 1979550    /usr/jdk/jdk1.6.0_30/jre/lib/i386/libverify.so
b7782000-b7784000 rwxp 00000000 00:00 0 
b7784000-b7785000 r-xp 00000000 00:00 0          [vdso]
b7785000-b77a3000 r-xp 00000000 08:04 816124     /lib/i386-linux-gnu/ld-2.13.so
b77a3000-b77a4000 r-xp 0001d000 08:04 816124     /lib/i386-linux-gnu/ld-2.13.so
b77a4000-b77a5000 rwxp 0001e000 08:04 816124     /lib/i386-linux-gnu/ld-2.13.so
bf921000-bf942000 rwxp 00000000 00:00 0          [stack]

VM Arguments:
jvm_args: -Xmx2G -agentpath:/home/arsread/workspace/deferredmethods/lib/liboverAgent.so -javaagent:/home/arsread/workspace/deferredmethods/build/sync_instr.jar -Xbootclasspath/p:/home/arsread/workspace/deferredmethods/build/deferred_lock.jar:/home/arsread/workspace/deferredmethods/build/deferred_thread.jar:/home/arsread/workspace/deferredmethods/build/boot_interface.jar 
java_command: newTest.RetTest2
Launcher Type: SUN_STANDARD

Environment Variables:
JAVA_HOME=/usr/jdk/jdk1.6.0_30
CLASSPATH=.:/usr/jdk/jdk1.6.0_30/lib/dt.jar:/usr/jdk/jdk1.6.0_30/lib/tools.jar:/usr/jdk/jUnit/junit-4.11-SNAPSHOT-20120416-1530.jar:/home/arsread/.vim/autoload
PATH=/usr/jdk/jdk1.6.0_30/bin:/usr/lib/lightdm/lightdm:/usr/local/sbin:/usr/local/bin:/usr/sbin:/usr/bin:/sbin:/bin:/usr/games
USERNAME=arsread
LD_LIBRARY_PATH=/usr/jdk/jdk1.6.0_30/jre/lib/i386/server:/usr/jdk/jdk1.6.0_30/jre/lib/i386:/usr/jdk/jdk1.6.0_30/jre/../lib/i386
SHELL=/bin/bash
DISPLAY=:0

Signal Handlers:
SIGSEGV: [libjvm.so+0x725400], sa_mask[0]=0x7ffbfeff, sa_flags=0x10000004
SIGBUS: [libjvm.so+0x725400], sa_mask[0]=0x7ffbfeff, sa_flags=0x10000004
SIGFPE: [libjvm.so+0x5dff40], sa_mask[0]=0x7ffbfeff, sa_flags=0x10000004
SIGPIPE: [libjvm.so+0x5dff40], sa_mask[0]=0x7ffbfeff, sa_flags=0x10000004
SIGXFSZ: [libjvm.so+0x5dff40], sa_mask[0]=0x7ffbfeff, sa_flags=0x10000004
SIGILL: [libjvm.so+0x5dff40], sa_mask[0]=0x7ffbfeff, sa_flags=0x10000004
SIGUSR1: SIG_DFL, sa_mask[0]=0x00000000, sa_flags=0x00000000
SIGUSR2: [libjvm.so+0x5e31a0], sa_mask[0]=0x00000000, sa_flags=0x10000004
SIGHUP: [libjvm.so+0x5e2d80], sa_mask[0]=0x7ffbfeff, sa_flags=0x10000004
SIGINT: [libjvm.so+0x5e2d80], sa_mask[0]=0x7ffbfeff, sa_flags=0x10000004
SIGTERM: [libjvm.so+0x5e2d80], sa_mask[0]=0x7ffbfeff, sa_flags=0x10000004
SIGQUIT: [libjvm.so+0x5e2d80], sa_mask[0]=0x7ffbfeff, sa_flags=0x10000004


---------------  S Y S T E M  ---------------

OS:wheezy/sid

uname:Linux 3.0.0-32-generic #51-Ubuntu SMP Thu Mar 21 15:51:26 UTC 2013 i686
libc:glibc 2.13 NPTL 2.13 
rlimit: STACK 8192k, CORE 0k, NPROC 15915, NOFILE 4096, AS infinity
load average:0.68 0.77 0.75

/proc/meminfo:
MemTotal:        2051200 kB
MemFree:          236056 kB
Buffers:           55456 kB
Cached:           998536 kB
SwapCached:         2608 kB
Active:          1037292 kB
Inactive:         692040 kB
Active(anon):     650648 kB
Inactive(anon):   323220 kB
Active(file):     386644 kB
Inactive(file):   368820 kB
Unevictable:          16 kB
Mlocked:              16 kB
HighTotal:       1176944 kB
HighFree:          25232 kB
LowTotal:         874256 kB
LowFree:          210824 kB
SwapTotal:       1952764 kB
SwapFree:        1903964 kB
Dirty:               852 kB
Writeback:             0 kB
AnonPages:        673808 kB
Mapped:           141352 kB
Shmem:            298528 kB
Slab:              44320 kB
SReclaimable:      30296 kB
SUnreclaim:        14024 kB
KernelStack:        3824 kB
PageTables:         8512 kB
NFS_Unstable:          0 kB
Bounce:                0 kB
WritebackTmp:          0 kB
CommitLimit:     2978364 kB
Committed_AS:    3388812 kB
VmallocTotal:     122880 kB
VmallocUsed:       27396 kB
VmallocChunk:      84776 kB
HardwareCorrupted:     0 kB
AnonHugePages:         0 kB
HugePages_Total:       0
HugePages_Free:        0
HugePages_Rsvd:        0
HugePages_Surp:        0
Hugepagesize:       4096 kB
DirectMap4k:       16376 kB
DirectMap4M:      892928 kB


CPU:total 2 (2 cores per cpu, 1 threads per core) family 6 model 23 stepping 10, cmov, cx8, fxsr, mmx, sse, sse2, sse3, ssse3, sse4.1

/proc/cpuinfo:
processor	: 0
vendor_id	: GenuineIntel
cpu family	: 6
model		: 23
model name	: Intel(R) Core(TM)2 Duo CPU     E7500  @ 2.93GHz
stepping	: 10
cpu MHz		: 2933.000
cache size	: 3072 KB
physical id	: 0
siblings	: 2
core id		: 0
cpu cores	: 2
apicid		: 0
initial apicid	: 0
fdiv_bug	: no
hlt_bug		: no
f00f_bug	: no
coma_bug	: no
fpu		: yes
fpu_exception	: yes
cpuid level	: 13
wp		: yes
flags		: fpu vme de pse tsc msr pae mce cx8 apic mtrr pge mca cmov pat pse36 clflush dts acpi mmx fxsr sse sse2 ss ht tm pbe nx lm constant_tsc arch_perfmon pebs bts aperfmperf pni dtes64 monitor ds_cpl vmx est tm2 ssse3 cx16 xtpr pdcm sse4_1 xsave lahf_lm dtherm tpr_shadow vnmi flexpriority
bogomips	: 5851.42
clflush size	: 64
cache_alignment	: 64
address sizes	: 36 bits physical, 48 bits virtual
power management:

processor	: 1
vendor_id	: GenuineIntel
cpu family	: 6
model		: 23
model name	: Intel(R) Core(TM)2 Duo CPU     E7500  @ 2.93GHz
stepping	: 10
cpu MHz		: 2933.000
cache size	: 3072 KB
physical id	: 0
siblings	: 2
core id		: 1
cpu cores	: 2
apicid		: 1
initial apicid	: 1
fdiv_bug	: no
hlt_bug		: no
f00f_bug	: no
coma_bug	: no
fpu		: yes
fpu_exception	: yes
cpuid level	: 13
wp		: yes
flags		: fpu vme de pse tsc msr pae mce cx8 apic mtrr pge mca cmov pat pse36 clflush dts acpi mmx fxsr sse sse2 ss ht tm pbe nx lm constant_tsc arch_perfmon pebs bts aperfmperf pni dtes64 monitor ds_cpl vmx est tm2 ssse3 cx16 xtpr pdcm sse4_1 xsave lahf_lm dtherm tpr_shadow vnmi flexpriority
bogomips	: 5851.24
clflush size	: 64
cache_alignment	: 64
address sizes	: 36 bits physical, 48 bits virtual
power management:



Memory: 4k page, physical 2051200k(236056k free), swap 1952764k(1903964k free)

vm_info: Java HotSpot(TM) Server VM (20.5-b03) for linux-x86 JRE (1.6.0_30-b12), built on Nov 10 2011 01:04:19 by "java_re" with gcc 3.2.1-7a (J2SE release)

time: Thu May 16 16:05:28 2013
elapsed time: 0 seconds

