#
# A fatal error has been detected by the Java Runtime Environment:
#
#  SIGSEGV (0xb) at pc=0xb6cef520, pid=13475, tid=3062618944
#
# JRE version: 6.0_37-b06
# Java VM: Java HotSpot(TM) Server VM (20.12-b01 mixed mode linux-x86 )
# Problematic frame:
# V  [libjvm.so+0x405520]  unsigned+0xe0
#
# If you would like to submit a bug report, please visit:
#   http://java.sun.com/webapps/bugreport/crash.jsp
#

---------------  T H R E A D  ---------------

Current thread (0xb6705c00):  JavaThread "main" [_thread_in_vm, id=13476, stack(0xb686d000,0xb68be000)]

siginfo:si_signo=SIGSEGV: si_errno=0, si_code=1 (SEGV_MAPERR), si_addr=0x00000000

Registers:
EAX=0x00000000, EBX=0xb70eecc8, ECX=0xa8f83558, EDX=0xb6705c00
ESP=0xb68bd090, EBP=0xb68bd118, ESI=0xb68bd0a0, EDI=0xa8f83558
EIP=0xb6cef520, EFLAGS=0x00210286, CR2=0x00000000

Top of Stack: (sp=0xb68bd090)
0xb68bd090:   00000010 b6833000 b68bd0d0 b6705c00
0xb68bd0a0:   0992efaa 00000000 b76b8a20 b7584445
0xb68bd0b0:   b76b8a20 b771eff4 b6702550 00000005
0xb68bd0c0:   0000000e b770c28b b6702708 00000000
0xb68bd0d0:   b6705c00 b6706424 000001f9 b706a0e0
0xb68bd0e0:   b6705c00 0000000a 00000001 b76ea000
0xb68bd0f0:   b6705c00 0000200c b76b98b8 b757989c
0xb68bd100:   b76b8a20 b76ea264 0000000f b76ebff4 

Instructions: (pc=0xb6cef520)
0xb6cef500:   b8 c7 45 bc 00 00 00 00 8b 78 04 85 ff 0f 85 41
0xb6cef510:   01 00 00 8b 45 10 8d 75 88 c7 45 a8 0e 00 00 00
0xb6cef520:   8b 08 8d 7d a8 8b 41 08 8b 51 0c 83 c2 28 66 8b
0xb6cef530:   40 2a 51 25 ff ff 00 00 8b 04 82 50 8b 45 84 50 

Register to memory mapping:

EAX=0x00000000 is an unknown value
EBX=0xb70eecc8: <offset 0x804cc8> in /usr/jdk1.6.0_37/jre/lib/i386/server/libjvm.so at 0xb68ea000
ECX=0xa8f83558 is an oop
java.lang.ExceptionInInitializerError 
 - klass: 'java/lang/ExceptionInInitializerError'
EDX=0xb6705c00 is a thread
ESP=0xb68bd090 is pointing into the stack for thread: 0xb6705c00
EBP=0xb68bd118 is pointing into the stack for thread: 0xb6705c00
ESI=0xb68bd0a0 is pointing into the stack for thread: 0xb6705c00
EDI=0xa8f83558 is an oop
java.lang.ExceptionInInitializerError 
 - klass: 'java/lang/ExceptionInInitializerError'


Stack: [0xb686d000,0xb68be000],  sp=0xb68bd090,  free space=320k
Native frames: (J=compiled Java code, j=interpreted, Vv=VM code, C=native code)
V  [libjvm.so+0x405520]  unsigned+0xe0
C  [liboverAgent.so+0xbfa]  JNIEnv_::CallStaticVoidMethod(_jclass*, _jmethodID*, ...)+0x2a
V  [libjvm.so+0x6e4bb1]  JavaThread::exit(bool, JavaThread::ExitType)+0x8c1
V  [libjvm.so+0x415a0e]  unsigned+0xae
C  [java+0x1bb9]  JavaMain+0x2e9
C  [libpthread.so.0+0x6d4c]  short+0xcc


---------------  P R O C E S S  ---------------

Java Threads: ( => current thread )
  0xb67d8c00 JavaThread "TP_WORKER4" daemon [_thread_blocked, id=13490, stack(0x8eeba000,0x8ef0b000)]
  0xb67d7400 JavaThread "TP_WORKER3" daemon [_thread_blocked, id=13489, stack(0x8ef0b000,0x8ef5c000)]
  0xb67d5c00 JavaThread "TP_WORKER2" daemon [_thread_blocked, id=13488, stack(0x8ef5c000,0x8efad000)]
  0xb67d4800 JavaThread "TP_WORKER1" daemon [_thread_blocked, id=13487, stack(0x8efad000,0x8effe000)]
  0xb679ac00 JavaThread "Low Memory Detector" daemon [_thread_blocked, id=13485, stack(0x8f07f000,0x8f0d0000)]
  0xb6799000 JavaThread "C2 CompilerThread1" daemon [_thread_blocked, id=13484, stack(0x8f0d0000,0x8f151000)]
  0xb6796c00 JavaThread "C2 CompilerThread0" daemon [_thread_blocked, id=13483, stack(0x8f151000,0x8f1d2000)]
  0xb6795400 JavaThread "Signal Dispatcher" daemon [_thread_blocked, id=13482, stack(0x8f1d2000,0x8f223000)]
  0xb6787000 JavaThread "Finalizer" daemon [_thread_blocked, id=13481, stack(0x8f5c7000,0x8f618000)]
  0xb6785800 JavaThread "Reference Handler" daemon [_thread_blocked, id=13480, stack(0x8f618000,0x8f669000)]
=>0xb6705c00 JavaThread "main" [_thread_in_vm, id=13476, stack(0xb686d000,0xb68be000)]

Other Threads:
  0xb6781c00 VMThread [stack: 0x8f94b000,0x8f9cc000] [id=13479]
  0xb679c400 WatcherThread [stack: 0x8effe000,0x8f07f000] [id=13486]

VM state:not at safepoint (normal execution)

VM Mutex/Monitor currently owned by a thread: None

Heap
 PSYoungGen      total 9408K, used 1702K [0xa8e10000, 0xa9880000, 0xb3610000)
  eden space 8128K, 18% used [0xa8e10000,0xa8f8b828,0xa9600000)
  from space 1280K, 14% used [0xa9600000,0xa962e030,0xa9740000)
  to   space 1280K, 0% used [0xa9740000,0xa9740000,0xa9880000)
 PSOldGen        total 21504K, used 0K [0x93e10000, 0x95310000, 0xa8e10000)
  object space 21504K, 0% used [0x93e10000,0x93e10000,0x95310000)
 PSPermGen       total 16384K, used 2305K [0x8fe10000, 0x90e10000, 0x93e10000)
  object space 16384K, 14% used [0x8fe10000,0x90050660,0x90e10000)

Code Cache  [0xb36d6000, 0xb3916000, 0xb66d6000)
 total_blobs=125 nmethods=18 adapters=62 free_code_cache=50015744 largest_free_block=11328

Dynamic libraries:
08048000-08052000 r-xp 00000000 08:03 2419455    /usr/jdk1.6.0_37/bin/java
08052000-08053000 rwxp 00009000 08:03 2419455    /usr/jdk1.6.0_37/bin/java
09434000-094ff000 rwxp 00000000 00:00 0          [heap]
8ed00000-8edfc000 rwxp 00000000 00:00 0 
8edfc000-8ee00000 ---p 00000000 00:00 0 
8eeba000-8eebd000 ---p 00000000 00:00 0 
8eebd000-8ef0b000 rwxp 00000000 00:00 0 
8ef0b000-8ef0e000 ---p 00000000 00:00 0 
8ef0e000-8ef5c000 rwxp 00000000 00:00 0 
8ef5c000-8ef5f000 ---p 00000000 00:00 0 
8ef5f000-8efad000 rwxp 00000000 00:00 0 
8efad000-8efb0000 ---p 00000000 00:00 0 
8efb0000-8effe000 rwxp 00000000 00:00 0 
8effe000-8efff000 ---p 00000000 00:00 0 
8efff000-8f07f000 rwxp 00000000 00:00 0 
8f07f000-8f082000 ---p 00000000 00:00 0 
8f082000-8f0d0000 rwxp 00000000 00:00 0 
8f0d0000-8f0d3000 ---p 00000000 00:00 0 
8f0d3000-8f151000 rwxp 00000000 00:00 0 
8f151000-8f154000 ---p 00000000 00:00 0 
8f154000-8f1d2000 rwxp 00000000 00:00 0 
8f1d2000-8f1d5000 ---p 00000000 00:00 0 
8f1d5000-8f223000 rwxp 00000000 00:00 0 
8f223000-8f3c7000 r-xp 03f51000 08:03 1499137    /usr/lib/locale/locale-archive
8f3c7000-8f5c7000 r-xp 00000000 08:03 1499137    /usr/lib/locale/locale-archive
8f5c7000-8f5ca000 ---p 00000000 00:00 0 
8f5ca000-8f618000 rwxp 00000000 00:00 0 
8f618000-8f61b000 ---p 00000000 00:00 0 
8f61b000-8f669000 rwxp 00000000 00:00 0 
8f669000-8f800000 r-xs 03080000 08:03 2370489    /usr/jdk1.6.0_37/jre/lib/rt.jar
8f800000-8f821000 rwxp 00000000 00:00 0 
8f821000-8f900000 ---p 00000000 00:00 0 
8f94b000-8f94c000 ---p 00000000 00:00 0 
8f94c000-8fa00000 rwxp 00000000 00:00 0 
8fa00000-8fa21000 rwxp 00000000 00:00 0 
8fa21000-8fb00000 ---p 00000000 00:00 0 
8fb29000-8fb2a000 ---p 00000000 00:00 0 
8fb2a000-8fbaa000 rwxp 00000000 00:00 0 
8fbaa000-8fbab000 ---p 00000000 00:00 0 
8fbab000-8fc33000 rwxp 00000000 00:00 0 
8fc33000-8fc4b000 rwxp 00000000 00:00 0 
8fc4b000-8fc56000 rwxp 00000000 00:00 0 
8fc56000-8fcf3000 rwxp 00000000 00:00 0 
8fcf3000-8fcfb000 rwxp 00000000 00:00 0 
8fcfb000-8fd13000 rwxp 00000000 00:00 0 
8fd13000-8fd1e000 rwxp 00000000 00:00 0 
8fd1e000-8fdbb000 rwxp 00000000 00:00 0 
8fdbb000-8fdc1000 rwxp 00000000 00:00 0 
8fdc1000-8fe0f000 rwxp 00000000 00:00 0 
8fe0f000-90e10000 rwxp 00000000 00:00 0 
90e10000-93e10000 rwxp 00000000 00:00 0 
93e10000-95310000 rwxp 00000000 00:00 0 
95310000-a8e10000 rwxp 00000000 00:00 0 
a8e10000-a9880000 rwxp 00000000 00:00 0 
a9880000-b3610000 rwxp 00000000 00:00 0 
b3616000-b361f000 rwxp 00000000 00:00 0 
b361f000-b36d6000 rwxp 00000000 00:00 0 
b36d6000-b3916000 rwxp 00000000 00:00 0 
b3916000-b66d6000 rwxp 00000000 00:00 0 
b66d6000-b66e5000 r-xp 00000000 08:03 2370410    /usr/jdk1.6.0_37/jre/lib/i386/libzip.so
b66e5000-b66e7000 rwxp 0000e000 08:03 2370410    /usr/jdk1.6.0_37/jre/lib/i386/libzip.so
b66e7000-b66f2000 r-xp 00000000 08:03 49942      /lib/i386-linux-gnu/libnss_files-2.15.so
b66f2000-b66f3000 r-xp 0000a000 08:03 49942      /lib/i386-linux-gnu/libnss_files-2.15.so
b66f3000-b66f4000 rwxp 0000b000 08:03 49942      /lib/i386-linux-gnu/libnss_files-2.15.so
b66f4000-b66fe000 r-xp 00000000 08:03 49950      /lib/i386-linux-gnu/libnss_nis-2.15.so
b66fe000-b66ff000 r-xp 00009000 08:03 49950      /lib/i386-linux-gnu/libnss_nis-2.15.so
b66ff000-b6700000 rwxp 0000a000 08:03 49950      /lib/i386-linux-gnu/libnss_nis-2.15.so
b6700000-b67fb000 rwxp 00000000 00:00 0 
b67fb000-b6800000 ---p 00000000 00:00 0 
b6806000-b680d000 r-xp 00000000 08:03 49938      /lib/i386-linux-gnu/libnss_compat-2.15.so
b680d000-b680e000 r-xp 00006000 08:03 49938      /lib/i386-linux-gnu/libnss_compat-2.15.so
b680e000-b680f000 rwxp 00007000 08:03 49938      /lib/i386-linux-gnu/libnss_compat-2.15.so
b680f000-b6825000 r-xp 00000000 08:03 49972      /lib/i386-linux-gnu/libnsl-2.15.so
b6825000-b6826000 r-xp 00015000 08:03 49972      /lib/i386-linux-gnu/libnsl-2.15.so
b6826000-b6827000 rwxp 00016000 08:03 49972      /lib/i386-linux-gnu/libnsl-2.15.so
b6827000-b6829000 rwxp 00000000 00:00 0 
b6833000-b6834000 rwxp 00000000 00:00 0 
b6834000-b6836000 r-xs 00009000 08:03 434493     /home/arsread/deferredMethods/build/deferred.jar
b6836000-b683e000 rwxs 00000000 08:03 2130710    /tmp/hsperfdata_arsread/13475
b683e000-b6862000 r-xp 00000000 08:03 2370408    /usr/jdk1.6.0_37/jre/lib/i386/libjava.so
b6862000-b6864000 rwxp 00023000 08:03 2370408    /usr/jdk1.6.0_37/jre/lib/i386/libjava.so
b6864000-b686b000 r-xp 00000000 08:03 49948      /lib/i386-linux-gnu/librt-2.15.so
b686b000-b686c000 r-xp 00006000 08:03 49948      /lib/i386-linux-gnu/librt-2.15.so
b686c000-b686d000 rwxp 00007000 08:03 49948      /lib/i386-linux-gnu/librt-2.15.so
b686d000-b6870000 ---p 00000000 00:00 0 
b6870000-b68be000 rwxp 00000000 00:00 0 
b68be000-b68e8000 r-xp 00000000 08:03 49956      /lib/i386-linux-gnu/libm-2.15.so
b68e8000-b68e9000 r-xp 00029000 08:03 49956      /lib/i386-linux-gnu/libm-2.15.so
b68e9000-b68ea000 rwxp 0002a000 08:03 49956      /lib/i386-linux-gnu/libm-2.15.so
b68ea000-b709f000 r-xp 00000000 08:03 2367697    /usr/jdk1.6.0_37/jre/lib/i386/server/libjvm.so
b709f000-b70f3000 rwxp 007b5000 08:03 2367697    /usr/jdk1.6.0_37/jre/lib/i386/server/libjvm.so
b70f3000-b7512000 rwxp 00000000 00:00 0 
b7512000-b76b5000 r-xp 00000000 08:03 49934      /lib/i386-linux-gnu/libc-2.15.so
b76b5000-b76b6000 ---p 001a3000 08:03 49934      /lib/i386-linux-gnu/libc-2.15.so
b76b6000-b76b8000 r-xp 001a3000 08:03 49934      /lib/i386-linux-gnu/libc-2.15.so
b76b8000-b76b9000 rwxp 001a5000 08:03 49934      /lib/i386-linux-gnu/libc-2.15.so
b76b9000-b76bc000 rwxp 00000000 00:00 0 
b76bc000-b76bf000 r-xp 00000000 08:03 49964      /lib/i386-linux-gnu/libdl-2.15.so
b76bf000-b76c0000 r-xp 00002000 08:03 49964      /lib/i386-linux-gnu/libdl-2.15.so
b76c0000-b76c1000 rwxp 00003000 08:03 49964      /lib/i386-linux-gnu/libdl-2.15.so
b76c1000-b76c8000 r-xp 00000000 08:03 2401495    /usr/jdk1.6.0_37/jre/lib/i386/jli/libjli.so
b76c8000-b76ca000 rwxp 00006000 08:03 2401495    /usr/jdk1.6.0_37/jre/lib/i386/jli/libjli.so
b76ca000-b76cb000 rwxp 00000000 00:00 0 
b76cb000-b76e2000 r-xp 00000000 08:03 49952      /lib/i386-linux-gnu/libpthread-2.15.so
b76e2000-b76e3000 r-xp 00016000 08:03 49952      /lib/i386-linux-gnu/libpthread-2.15.so
b76e3000-b76e4000 rwxp 00017000 08:03 49952      /lib/i386-linux-gnu/libpthread-2.15.so
b76e4000-b76e6000 rwxp 00000000 00:00 0 
b76e6000-b76e8000 r-xs 0000a000 08:03 434344     /home/arsread/deferredMethods/lib/asm-4.0.jar
b76e8000-b76e9000 r-xs 00000000 08:03 434494     /home/arsread/deferredMethods/build/deferred_test.jar
b76e9000-b76ea000 r-xs 00001000 08:03 434460     /home/arsread/deferredMethods/build/deferred_thread.jar
b76ea000-b76eb000 r-xp 00000000 08:03 434346     /home/arsread/deferredMethods/lib/liboverAgent.so
b76eb000-b76ec000 r-xp 00001000 08:03 434346     /home/arsread/deferredMethods/lib/liboverAgent.so
b76ec000-b76ed000 rwxp 00002000 08:03 434346     /home/arsread/deferredMethods/lib/liboverAgent.so
b76ed000-b76ee000 rwxp 00000000 00:00 0 
b76ee000-b76ef000 r-xp 00000000 00:00 0 
b76ef000-b76fa000 r-xp 00000000 08:03 2370407    /usr/jdk1.6.0_37/jre/lib/i386/libverify.so
b76fa000-b76fb000 rwxp 0000b000 08:03 2370407    /usr/jdk1.6.0_37/jre/lib/i386/libverify.so
b76fb000-b76fd000 rwxp 00000000 00:00 0 
b76fd000-b76fe000 r-xp 00000000 00:00 0          [vdso]
b76fe000-b771e000 r-xp 00000000 08:03 49958      /lib/i386-linux-gnu/ld-2.15.so
b771e000-b771f000 r-xp 0001f000 08:03 49958      /lib/i386-linux-gnu/ld-2.15.so
b771f000-b7720000 rwxp 00020000 08:03 49958      /lib/i386-linux-gnu/ld-2.15.so
bfb4f000-bfb70000 rwxp 00000000 00:00 0          [stack]

VM Arguments:
jvm_args: -agentpath:/home/arsread/deferredMethods/lib/liboverAgent.so -Xbootclasspath/p:/home/arsread/deferredMethods/build/deferred_thread.jar 
java_command: newTest.Example
Launcher Type: SUN_STANDARD

Environment Variables:
JAVA_HOME=/usr/jdk1.6.0_37
CLASSPATH=.:/usr/jdk1.6.0_37/lib/dt.jar:/usr/jdk1.6.0_37/lib/tools.jar:
PATH=/usr/jdk1.6.0_37/bin:/usr/lib/lightdm/lightdm:/usr/local/sbin:/usr/local/bin:/usr/sbin:/usr/bin:/sbin:/bin:/usr/games
LD_LIBRARY_PATH=/usr/jdk1.6.0_37/jre/lib/i386/server:/usr/jdk1.6.0_37/jre/lib/i386:/usr/jdk1.6.0_37/jre/../lib/i386
SHELL=/bin/bash
DISPLAY=:0

Signal Handlers:
SIGSEGV: [libjvm.so+0x727e90], sa_mask[0]=0x7ffbfeff, sa_flags=0x10000004
SIGBUS: [libjvm.so+0x727e90], sa_mask[0]=0x7ffbfeff, sa_flags=0x10000004
SIGFPE: [libjvm.so+0x5e1a60], sa_mask[0]=0x7ffbfeff, sa_flags=0x10000004
SIGPIPE: [libjvm.so+0x5e1a60], sa_mask[0]=0x7ffbfeff, sa_flags=0x10000004
SIGXFSZ: [libjvm.so+0x5e1a60], sa_mask[0]=0x7ffbfeff, sa_flags=0x10000004
SIGILL: [libjvm.so+0x5e1a60], sa_mask[0]=0x7ffbfeff, sa_flags=0x10000004
SIGUSR1: SIG_DFL, sa_mask[0]=0x00000000, sa_flags=0x00000000
SIGUSR2: [libjvm.so+0x5e4cc0], sa_mask[0]=0x00000000, sa_flags=0x10000004
SIGHUP: [libjvm.so+0x5e48a0], sa_mask[0]=0x7ffbfeff, sa_flags=0x10000004
SIGINT: [libjvm.so+0x5e48a0], sa_mask[0]=0x7ffbfeff, sa_flags=0x10000004
SIGTERM: [libjvm.so+0x5e48a0], sa_mask[0]=0x7ffbfeff, sa_flags=0x10000004
SIGQUIT: [libjvm.so+0x5e48a0], sa_mask[0]=0x7ffbfeff, sa_flags=0x10000004


---------------  S Y S T E M  ---------------

OS:wheezy/sid

uname:Linux 3.2.0-32-generic-pae #51-Ubuntu SMP Wed Sep 26 21:54:23 UTC 2012 i686
libc:glibc 2.15 NPTL 2.15 
rlimit: STACK 8192k, CORE 0k, NPROC 15953, NOFILE 4096, AS infinity
load average:0.22 0.35 0.38

/proc/meminfo:
MemTotal:        2056660 kB
MemFree:          180340 kB
Buffers:           66956 kB
Cached:           746688 kB
SwapCached:         2020 kB
Active:           913972 kB
Inactive:         728456 kB
Active(anon):     551376 kB
Inactive(anon):   279780 kB
Active(file):     362596 kB
Inactive(file):   448676 kB
Unevictable:           0 kB
Mlocked:               0 kB
HighTotal:       1178876 kB
HighFree:          23412 kB
LowTotal:         877784 kB
LowFree:          156928 kB
SwapTotal:       4088536 kB
SwapFree:        4082400 kB
Dirty:              1112 kB
Writeback:             0 kB
AnonPages:        827148 kB
Mapped:           164996 kB
Shmem:              2376 kB
Slab:              65740 kB
SReclaimable:      48680 kB
SUnreclaim:        17060 kB
KernelStack:        3440 kB
PageTables:        10304 kB
NFS_Unstable:          0 kB
Bounce:                0 kB
WritebackTmp:          0 kB
CommitLimit:     5116864 kB
Committed_AS:    3305928 kB
VmallocTotal:     122880 kB
VmallocUsed:       13844 kB
VmallocChunk:     100340 kB
HardwareCorrupted:     0 kB
AnonHugePages:         0 kB
HugePages_Total:       0
HugePages_Free:        0
HugePages_Rsvd:        0
HugePages_Surp:        0
Hugepagesize:       2048 kB
DirectMap4k:      124920 kB
DirectMap2M:      788480 kB


CPU:total 2 (2 cores per cpu, 1 threads per core) family 6 model 23 stepping 10, cmov, cx8, fxsr, mmx, sse, sse2, sse3, ssse3, sse4.1

/proc/cpuinfo:
processor	: 0
vendor_id	: GenuineIntel
cpu family	: 6
model		: 23
model name	: Intel(R) Core(TM)2 Duo CPU     T6570  @ 2.10GHz
stepping	: 10
microcode	: 0xa07
cpu MHz		: 1200.000
cache size	: 2048 KB
physical id	: 0
siblings	: 2
core id		: 0
cpu cores	: 2
apicid		: 0
initial apicid	: 0
fdiv_bug	: no
hlt_bug		: no
f00f_bug	: no
coma_bug	: no
fpu		: yes
fpu_exception	: yes
cpuid level	: 13
wp		: yes
flags		: fpu vme de pse tsc msr pae mce cx8 apic sep mtrr pge mca cmov pat pse36 clflush dts acpi mmx fxsr sse sse2 ss ht tm pbe nx lm constant_tsc arch_perfmon pebs bts aperfmperf pni dtes64 monitor ds_cpl vmx est tm2 ssse3 cx16 xtpr pdcm sse4_1 xsave lahf_lm ida dtherm tpr_shadow vnmi flexpriority
bogomips	: 4189.63
clflush size	: 64
cache_alignment	: 64
address sizes	: 36 bits physical, 48 bits virtual
power management:

processor	: 1
vendor_id	: GenuineIntel
cpu family	: 6
model		: 23
model name	: Intel(R) Core(TM)2 Duo CPU     T6570  @ 2.10GHz
stepping	: 10
microcode	: 0xa07
cpu MHz		: 2101.000
cache size	: 2048 KB
physical id	: 0
siblings	: 2
core id		: 1
cpu cores	: 2
apicid		: 1
initial apicid	: 1
fdiv_bug	: no
hlt_bug		: no
f00f_bug	: no
coma_bug	: no
fpu		: yes
fpu_exception	: yes
cpuid level	: 13
wp		: yes
flags		: fpu vme de pse tsc msr pae mce cx8 apic sep mtrr pge mca cmov pat pse36 clflush dts acpi mmx fxsr sse sse2 ss ht tm pbe nx lm constant_tsc arch_perfmon pebs bts aperfmperf pni dtes64 monitor ds_cpl vmx est tm2 ssse3 cx16 xtpr pdcm sse4_1 xsave lahf_lm ida dtherm tpr_shadow vnmi flexpriority
bogomips	: 4189.45
clflush size	: 64
cache_alignment	: 64
address sizes	: 36 bits physical, 48 bits virtual
power management:



Memory: 4k page, physical 2056660k(180340k free), swap 4088536k(4082400k free)

vm_info: Java HotSpot(TM) Server VM (20.12-b01) for linux-x86 JRE (1.6.0_37-b06), built on Sep 24 2012 11:48:26 by "java_re" with gcc 3.2.1-7a (J2SE release)

time: Mon Nov  5 20:00:16 2012
elapsed time: 0 seconds

