#
# A fatal error has been detected by the Java Runtime Environment:
#
#  SIGSEGV (0xb) at pc=0xb6d678b0, pid=24617, tid=2402007920
#
# JRE version: 6.0_30-b12
# Java VM: Java HotSpot(TM) Server VM (20.5-b03 mixed mode linux-x86 )
# Problematic frame:
# V  [libjvm.so+0x4038b0]  unsigned+0xe0
#
# If you would like to submit a bug report, please visit:
#   http://java.sun.com/webapps/bugreport/crash.jsp
#

---------------  T H R E A D  ---------------

Current thread (0x0a150000):  JavaThread "SIGINT handler" daemon [_thread_in_vm, id=24633, stack(0x8f26b000,0x8f2bc000)]

siginfo:si_signo=SIGSEGV: si_errno=0, si_code=1 (SEGV_MAPERR), si_addr=0x00000000

Registers:
EAX=0x00000000, EBX=0xb7165d08, ECX=0xa92a7ab8, EDX=0x0a150000
ESP=0x8f2ba990, EBP=0x8f2baa18, ESI=0x8f2ba9a0, EDI=0xa92a7ab8
EIP=0xb6d678b0, EFLAGS=0x00210286, CR2=0x00000000

Top of Stack: (sp=0x8f2ba990)
0x8f2ba990:   0a04c670 b773a2c3 8f2ba9d0 0a150000
0x8f2ba9a0:   00000010 00000010 b7707500 b68a5000
0x8f2ba9b0:   0000000f b75f5af4 b7707500 b773a264
0x8f2ba9c0:   0000000e 00000001 b7706ff4 00000010
0x8f2ba9d0:   0a150000 0a0d7a1c 000000ae b7103420
0x8f2ba9e0:   0a150000 00000005 00000000 b775bbdb
0x8f2ba9f0:   0a150000 00000000 00000001 00000005
0x8f2baa00:   00000000 b773a000 b773a284 b773bff4 

Instructions: (pc=0xb6d678b0)
0xb6d67890:   b8 c7 45 bc 00 00 00 00 8b 78 04 85 ff 0f 85 41
0xb6d678a0:   01 00 00 8b 45 10 8d 75 88 c7 45 a8 0e 00 00 00
0xb6d678b0:   8b 08 8d 7d a8 8b 41 08 8b 51 0c 83 c2 28 66 8b
0xb6d678c0:   40 2a 51 25 ff ff 00 00 8b 04 82 50 8b 45 84 50 

Register to memory mapping:

EAX=0x00000000 is an unknown value
EBX=0xb7165d08: <offset 0x801d08> in /usr/jdk/jdk1.6.0_30/jre/lib/i386/server/libjvm.so at 0xb6964000
ECX=0xa92a7ab8 is an oop
java.lang.NoClassDefFoundError 
 - klass: 'java/lang/NoClassDefFoundError'
EDX=0x0a150000 is a thread
ESP=0x8f2ba990 is pointing into the stack for thread: 0x0a150000
EBP=0x8f2baa18 is pointing into the stack for thread: 0x0a150000
ESI=0x8f2ba9a0 is pointing into the stack for thread: 0x0a150000
EDI=0xa92a7ab8 is an oop
java.lang.NoClassDefFoundError 
 - klass: 'java/lang/NoClassDefFoundError'


Stack: [0x8f26b000,0x8f2bc000],  sp=0x8f2ba990,  free space=318k
Native frames: (J=compiled Java code, j=interpreted, Vv=VM code, C=native code)
V  [libjvm.so+0x4038b0]  unsigned+0xe0
C  [liboverAgent.so+0xbfa]  JNIEnv_::CallStaticVoidMethod(_jclass*, _jmethodID*, ...)+0x2a
V  [libjvm.so+0x3ddb66]  before_exit(JavaThread*)+0x156
V  [libjvm.so+0x43fb0d]  JVM_Halt+0x8d
C  [libjava.so+0xe47f]  Java_java_lang_Shutdown_halt0+0x1f
j  java.lang.Shutdown.halt0(I)V+0
j  java.lang.Shutdown.halt(I)V+7
j  java.lang.Shutdown.exit(I)V+100
j  java.lang.Terminator$1.handle(Lsun/misc/Signal;)V+8
j  sun.misc.Signal$1.run()V+8
j  java.lang.Thread.run()V+11
v  ~StubRoutines::call_stub
V  [libjvm.so+0x3dfd11]  JavaCalls::call_helper(JavaValue*, methodHandle*, JavaCallArguments*, Thread*)+0x1c1
V  [libjvm.so+0x5e12d8]  os::os_exception_wrapper(void (*)(JavaValue*, methodHandle*, JavaCallArguments*, Thread*), JavaValue*, methodHandle*, JavaCallArguments*, Thread*)+0x18
V  [libjvm.so+0x3df585]  JavaCalls::call_virtual(JavaValue*, KlassHandle, symbolHandle, symbolHandle, JavaCallArguments*, Thread*)+0xc5
V  [libjvm.so+0x3df648]  JavaCalls::call_virtual(JavaValue*, Handle, KlassHandle, symbolHandle, symbolHandle, Thread*)+0x58
V  [libjvm.so+0x463fa7]  thread_entry(JavaThread*, Thread*)+0xa7
V  [libjvm.so+0x6e16ff]  JavaThread::run()+0x11f
V  [libjvm.so+0x5e2b2e]  java_start(Thread*)+0x14e
C  [libpthread.so.0+0x6d31]  short+0xd1

Java frames: (J=compiled Java code, j=interpreted, Vv=VM code)
j  java.lang.Shutdown.halt0(I)V+0
j  java.lang.Shutdown.halt(I)V+7
j  java.lang.Shutdown.exit(I)V+100
j  java.lang.Terminator$1.handle(Lsun/misc/Signal;)V+8
j  sun.misc.Signal$1.run()V+8
j  java.lang.Thread.run()V+11
v  ~StubRoutines::call_stub

---------------  P R O C E S S  ---------------

Java Threads: ( => current thread )
=>0x0a150000 JavaThread "SIGINT handler" daemon [_thread_in_vm, id=24633, stack(0x8f26b000,0x8f2bc000)]
  0x8fa86c00 JavaThread "TP_WORKER4" daemon [_thread_blocked, id=24632, stack(0x8f2bc000,0x8f30d000)]
  0x8fa5ec00 JavaThread "TP_WORKER3" daemon [_thread_blocked, id=24631, stack(0x8f30d000,0x8f35e000)]
  0x8f41d000 JavaThread "TP_WORKER2" daemon [_thread_blocked, id=24630, stack(0x8f35e000,0x8f3af000)]
  0x8fa51c00 JavaThread "TP_WORKER1" daemon [_thread_blocked, id=24629, stack(0x8f3af000,0x8f400000)]
  0x8fa2d000 JavaThread "Low Memory Detector" daemon [_thread_blocked, id=24627, stack(0x8f5ab000,0x8f5fc000)]
  0x8fa2b000 JavaThread "C2 CompilerThread1" daemon [_thread_blocked, id=24626, stack(0x8f5fc000,0x8f67d000)]
  0x8fa29000 JavaThread "C2 CompilerThread0" daemon [_thread_blocked, id=24625, stack(0x8fb25000,0x8fba6000)]
  0x8fa0ec00 JavaThread "Signal Dispatcher" daemon [_thread_blocked, id=24624, stack(0x8f67d000,0x8f6ce000)]
  0x8fa00800 JavaThread "Finalizer" daemon [_thread_blocked, id=24623, stack(0x8fba6000,0x8fbf7000)]
  0x0a0d0800 JavaThread "Reference Handler" daemon [_thread_blocked, id=24622, stack(0x8fbf7000,0x8fc48000)]
  0x0a050000 JavaThread "main" [_thread_blocked, id=24618, stack(0xb68e9000,0xb693a000)]

Other Threads:
  0x0a0cc800 VMThread [stack: 0x8fc48000,0x8fcc9000] [id=24621]

VM state:not at safepoint (normal execution)

VM Mutex/Monitor currently owned by a thread: None

Heap
 PSYoungGen      total 9408K, used 2686K [0xa9030000, 0xa9aa0000, 0xb3780000)
  eden space 8128K, 33% used [0xa9030000,0xa92cf850,0xa9820000)
  from space 1280K, 0% used [0xa9960000,0xa9960000,0xa9aa0000)
  to   space 1280K, 0% used [0xa9820000,0xa9820000,0xa9960000)
 PSOldGen        total 21376K, used 0K [0x94180000, 0x95660000, 0xa9030000)
  object space 21376K, 0% used [0x94180000,0x94180000,0x95660000)
 PSPermGen       total 16384K, used 2532K [0x90180000, 0x91180000, 0x94180000)
  object space 16384K, 15% used [0x90180000,0x903f9040,0x91180000)

Code Cache  [0xb384c000, 0xb3a8c000, 0xb684c000)
 total_blobs=111 nmethods=4 adapters=62 free_code_cache=50029824 largest_free_block=13888

Dynamic libraries:
08048000-08052000 r-xp 00000000 08:04 1850868    /usr/jdk/jdk1.6.0_30/bin/java
08052000-08053000 rwxp 00009000 08:04 1850868    /usr/jdk/jdk1.6.0_30/bin/java
0a049000-0a16d000 rwxp 00000000 00:00 0          [heap]
8f26b000-8f26e000 ---p 00000000 00:00 0 
8f26e000-8f2bc000 rwxp 00000000 00:00 0 
8f2bc000-8f2bf000 ---p 00000000 00:00 0 
8f2bf000-8f30d000 rwxp 00000000 00:00 0 
8f30d000-8f310000 ---p 00000000 00:00 0 
8f310000-8f35e000 rwxp 00000000 00:00 0 
8f35e000-8f361000 ---p 00000000 00:00 0 
8f361000-8f3af000 rwxp 00000000 00:00 0 
8f3af000-8f3b2000 ---p 00000000 00:00 0 
8f3b2000-8f400000 rwxp 00000000 00:00 0 
8f400000-8f480000 rwxp 00000000 00:00 0 
8f480000-8f500000 ---p 00000000 00:00 0 
8f52a000-8f52b000 ---p 00000000 00:00 0 
8f52b000-8f5ab000 rwxp 00000000 00:00 0 
8f5ab000-8f5ae000 ---p 00000000 00:00 0 
8f5ae000-8f5fc000 rwxp 00000000 00:00 0 
8f5fc000-8f5ff000 ---p 00000000 00:00 0 
8f5ff000-8f67d000 rwxp 00000000 00:00 0 
8f67d000-8f680000 ---p 00000000 00:00 0 
8f680000-8f6ce000 rwxp 00000000 00:00 0 
8f6ce000-8f6cf000 r-xp 0174a000 08:04 1839527    /usr/lib/locale/locale-archive
8f6cf000-8f800000 r-xp 00188000 08:04 1839527    /usr/lib/locale/locale-archive
8f800000-8fa00000 r-xp 00000000 08:04 1839527    /usr/lib/locale/locale-archive
8fa00000-8fb00000 rwxp 00000000 00:00 0 
8fb25000-8fb28000 ---p 00000000 00:00 0 
8fb28000-8fba6000 rwxp 00000000 00:00 0 
8fba6000-8fba9000 ---p 00000000 00:00 0 
8fba9000-8fbf7000 rwxp 00000000 00:00 0 
8fbf7000-8fbfa000 ---p 00000000 00:00 0 
8fbfa000-8fc48000 rwxp 00000000 00:00 0 
8fc48000-8fc49000 ---p 00000000 00:00 0 
8fc49000-8fcfd000 rwxp 00000000 00:00 0 
8fcfd000-8fe9a000 r-xs 030b8000 08:04 1979638    /usr/jdk/jdk1.6.0_30/jre/lib/rt.jar
8fe9a000-8fe9b000 ---p 00000000 00:00 0 
8fe9b000-8ff1b000 rwxp 00000000 00:00 0 
8ff1b000-8ff1c000 ---p 00000000 00:00 0 
8ff1c000-8ffa4000 rwxp 00000000 00:00 0 
8ffa4000-8ffbc000 rwxp 00000000 00:00 0 
8ffbc000-8ffc7000 rwxp 00000000 00:00 0 
8ffc7000-90064000 rwxp 00000000 00:00 0 
90064000-9006c000 rwxp 00000000 00:00 0 
9006c000-90084000 rwxp 00000000 00:00 0 
90084000-9008f000 rwxp 00000000 00:00 0 
9008f000-9012b000 rwxp 00000000 00:00 0 
9012b000-90131000 rwxp 00000000 00:00 0 
90131000-9017f000 rwxp 00000000 00:00 0 
9017f000-91180000 rwxp 00000000 00:00 0 
91180000-94180000 rwxp 00000000 00:00 0 
94180000-95660000 rwxp 00000000 00:00 0 
95660000-a9030000 rwxp 00000000 00:00 0 
a9030000-a9aa0000 rwxp 00000000 00:00 0 
a9aa0000-b3780000 rwxp 00000000 00:00 0 
b378c000-b3795000 rwxp 00000000 00:00 0 
b3795000-b384c000 rwxp 00000000 00:00 0 
b384c000-b3a8c000 rwxp 00000000 00:00 0 
b3a8c000-b684c000 rwxp 00000000 00:00 0 
b684c000-b685b000 r-xp 00000000 08:04 1979561    /usr/jdk/jdk1.6.0_30/jre/lib/i386/libzip.so
b685b000-b685d000 rwxp 0000e000 08:04 1979561    /usr/jdk/jdk1.6.0_30/jre/lib/i386/libzip.so
b685d000-b6868000 r-xp 00000000 08:04 816126     /lib/i386-linux-gnu/libnss_files-2.13.so
b6868000-b6869000 r-xp 0000a000 08:04 816126     /lib/i386-linux-gnu/libnss_files-2.13.so
b6869000-b686a000 rwxp 0000b000 08:04 816126     /lib/i386-linux-gnu/libnss_files-2.13.so
b686a000-b6874000 r-xp 00000000 08:04 816113     /lib/i386-linux-gnu/libnss_nis-2.13.so
b6874000-b6875000 r-xp 00009000 08:04 816113     /lib/i386-linux-gnu/libnss_nis-2.13.so
b6875000-b6876000 rwxp 0000a000 08:04 816113     /lib/i386-linux-gnu/libnss_nis-2.13.so
b687c000-b687d000 r-xs 00004000 08:04 683665     /home/arsread/workspace/deferredmethods/build/deferred_test.jar
b687d000-b687f000 r-xs 0000a000 08:04 690060     /home/arsread/workspace/deferredmethods/lib/asm-4.0.jar
b687f000-b6884000 r-xs 0004a000 08:04 691588     /home/arsread/workspace/disl/lib/asm-debug-all-4.0.jar
b6884000-b688c000 rwxs 00000000 08:04 538686     /tmp/hsperfdata_arsread/24617
b688c000-b68a1000 r-xp 00000000 08:04 816110     /lib/i386-linux-gnu/libnsl-2.13.so
b68a1000-b68a2000 r-xp 00015000 08:04 816110     /lib/i386-linux-gnu/libnsl-2.13.so
b68a2000-b68a3000 rwxp 00016000 08:04 816110     /lib/i386-linux-gnu/libnsl-2.13.so
b68a3000-b68a6000 rwxp 00000000 00:00 0 
b68a6000-b68a7000 r-xs 00001000 08:04 683921     /home/arsread/workspace/deferredmethods/build/sync_instr.jar
b68a7000-b68af000 r-xp 00000000 08:04 816114     /lib/i386-linux-gnu/libnss_compat-2.13.so
b68af000-b68b0000 r-xp 00007000 08:04 816114     /lib/i386-linux-gnu/libnss_compat-2.13.so
b68b0000-b68b1000 rwxp 00008000 08:04 816114     /lib/i386-linux-gnu/libnss_compat-2.13.so
b68b1000-b68ba000 r-xp 00000000 08:04 1979548    /usr/jdk/jdk1.6.0_30/jre/lib/i386/libinstrument.so
b68ba000-b68bb000 rwxp 00008000 08:04 1979548    /usr/jdk/jdk1.6.0_30/jre/lib/i386/libinstrument.so
b68bb000-b68de000 r-xp 00000000 08:04 1979547    /usr/jdk/jdk1.6.0_30/jre/lib/i386/libjava.so
b68de000-b68e0000 rwxp 00023000 08:04 1979547    /usr/jdk/jdk1.6.0_30/jre/lib/i386/libjava.so
b68e0000-b68e7000 r-xp 00000000 08:04 794712     /lib/i386-linux-gnu/librt-2.13.so
b68e7000-b68e8000 r-xp 00006000 08:04 794712     /lib/i386-linux-gnu/librt-2.13.so
b68e8000-b68e9000 rwxp 00007000 08:04 794712     /lib/i386-linux-gnu/librt-2.13.so
b68e9000-b68ec000 ---p 00000000 00:00 0 
b68ec000-b693a000 rwxp 00000000 00:00 0 
b693a000-b6962000 r-xp 00000000 08:04 816123     /lib/i386-linux-gnu/libm-2.13.so
b6962000-b6963000 r-xp 00028000 08:04 816123     /lib/i386-linux-gnu/libm-2.13.so
b6963000-b6964000 rwxp 00029000 08:04 816123     /lib/i386-linux-gnu/libm-2.13.so
b6964000-b7116000 r-xp 00000000 08:04 1979600    /usr/jdk/jdk1.6.0_30/jre/lib/i386/server/libjvm.so
b7116000-b716a000 rwxp 007b1000 08:04 1979600    /usr/jdk/jdk1.6.0_30/jre/lib/i386/server/libjvm.so
b716a000-b7589000 rwxp 00000000 00:00 0 
b7589000-b7705000 r-xp 00000000 08:04 794710     /lib/i386-linux-gnu/libc-2.13.so
b7705000-b7707000 r-xp 0017c000 08:04 794710     /lib/i386-linux-gnu/libc-2.13.so
b7707000-b7708000 rwxp 0017e000 08:04 794710     /lib/i386-linux-gnu/libc-2.13.so
b7708000-b770b000 rwxp 00000000 00:00 0 
b770b000-b770e000 r-xp 00000000 08:04 816121     /lib/i386-linux-gnu/libdl-2.13.so
b770e000-b770f000 r-xp 00002000 08:04 816121     /lib/i386-linux-gnu/libdl-2.13.so
b770f000-b7710000 rwxp 00003000 08:04 816121     /lib/i386-linux-gnu/libdl-2.13.so
b7710000-b7717000 r-xp 00000000 08:04 1979545    /usr/jdk/jdk1.6.0_30/jre/lib/i386/jli/libjli.so
b7717000-b7719000 rwxp 00006000 08:04 1979545    /usr/jdk/jdk1.6.0_30/jre/lib/i386/jli/libjli.so
b7719000-b771a000 rwxp 00000000 00:00 0 
b771a000-b7731000 r-xp 00000000 08:04 816119     /lib/i386-linux-gnu/libpthread-2.13.so
b7731000-b7732000 r-xp 00016000 08:04 816119     /lib/i386-linux-gnu/libpthread-2.13.so
b7732000-b7733000 rwxp 00017000 08:04 816119     /lib/i386-linux-gnu/libpthread-2.13.so
b7733000-b7735000 rwxp 00000000 00:00 0 
b7735000-b7737000 r-xs 0000e000 08:04 683517     /home/arsread/workspace/deferredmethods/build/deferred.jar
b7737000-b7738000 r-xs 00000000 08:04 683519     /home/arsread/workspace/deferredmethods/build/boot_interface.jar
b7738000-b7739000 r-xs 00001000 08:04 683151     /home/arsread/workspace/deferredmethods/build/deferred_thread.jar
b7739000-b773a000 r-xs 00001000 08:04 683165     /home/arsread/workspace/deferredmethods/build/deferred_lock.jar
b773a000-b773b000 r-xp 00000000 08:04 690063     /home/arsread/workspace/deferredmethods/lib/liboverAgent.so
b773b000-b773c000 r-xp 00001000 08:04 690063     /home/arsread/workspace/deferredmethods/lib/liboverAgent.so
b773c000-b773d000 rwxp 00002000 08:04 690063     /home/arsread/workspace/deferredmethods/lib/liboverAgent.so
b773d000-b773e000 rwxp 00000000 00:00 0 
b773e000-b773f000 r-xp 00000000 00:00 0 
b773f000-b774a000 r-xp 00000000 08:04 1979550    /usr/jdk/jdk1.6.0_30/jre/lib/i386/libverify.so
b774a000-b774b000 rwxp 0000b000 08:04 1979550    /usr/jdk/jdk1.6.0_30/jre/lib/i386/libverify.so
b774b000-b774d000 rwxp 00000000 00:00 0 
b774d000-b774e000 r-xp 00000000 00:00 0          [vdso]
b774e000-b776c000 r-xp 00000000 08:04 816124     /lib/i386-linux-gnu/ld-2.13.so
b776c000-b776d000 r-xp 0001d000 08:04 816124     /lib/i386-linux-gnu/ld-2.13.so
b776d000-b776e000 rwxp 0001e000 08:04 816124     /lib/i386-linux-gnu/ld-2.13.so
bf966000-bf987000 rwxp 00000000 00:00 0          [stack]

VM Arguments:
jvm_args: -agentpath:/home/arsread/workspace/deferredmethods/lib/liboverAgent.so -javaagent:/home/arsread/workspace/deferredmethods/build/sync_instr.jar -Xbootclasspath/p:/home/arsread/workspace/deferredmethods/build/deferred_lock.jar:/home/arsread/workspace/deferredmethods/build/deferred_thread.jar:/home/arsread/workspace/deferredmethods/build/boot_interface.jar 
java_command: newTest.SimpleTest
Launcher Type: SUN_STANDARD

Environment Variables:
JAVA_HOME=/usr/jdk/jdk1.6.0_30
CLASSPATH=.:/usr/jdk/jdk1.6.0_30/lib/dt.jar:/usr/jdk/jdk1.6.0_30/lib/tools.jar:/usr/jdk/jUnit/junit-4.11-SNAPSHOT-20120416-1530.jar:/home/arsread/.vim/autoload
PATH=/usr/jdk/jdk1.6.0_30/bin:/usr/lib/lightdm/lightdm:/usr/local/sbin:/usr/local/bin:/usr/sbin:/usr/bin:/sbin:/bin:/usr/games
USERNAME=arsread
LD_LIBRARY_PATH=/usr/jdk/jdk1.6.0_30/jre/lib/i386/server:/usr/jdk/jdk1.6.0_30/jre/lib/i386:/usr/jdk/jdk1.6.0_30/jre/../lib/i386
SHELL=/bin/bash
DISPLAY=:0

Signal Handlers:
SIGSEGV: [libjvm.so+0x725400], sa_mask[0]=0x7ffbfeff, sa_flags=0x10000004
SIGBUS: [libjvm.so+0x725400], sa_mask[0]=0x7ffbfeff, sa_flags=0x10000004
SIGFPE: [libjvm.so+0x5dff40], sa_mask[0]=0x7ffbfeff, sa_flags=0x10000004
SIGPIPE: [libjvm.so+0x5dff40], sa_mask[0]=0x7ffbfeff, sa_flags=0x10000004
SIGXFSZ: [libjvm.so+0x5dff40], sa_mask[0]=0x7ffbfeff, sa_flags=0x10000004
SIGILL: [libjvm.so+0x5dff40], sa_mask[0]=0x7ffbfeff, sa_flags=0x10000004
SIGUSR1: SIG_DFL, sa_mask[0]=0x00000000, sa_flags=0x00000000
SIGUSR2: [libjvm.so+0x5e31a0], sa_mask[0]=0x00000000, sa_flags=0x10000004
SIGHUP: [libjvm.so+0x5e2d80], sa_mask[0]=0x7ffbfeff, sa_flags=0x10000004
SIGINT: [libjvm.so+0x5e2d80], sa_mask[0]=0x7ffbfeff, sa_flags=0x10000004
SIGTERM: [libjvm.so+0x5e2d80], sa_mask[0]=0x7ffbfeff, sa_flags=0x10000004
SIGQUIT: [libjvm.so+0x5e2d80], sa_mask[0]=0x7ffbfeff, sa_flags=0x10000004


---------------  S Y S T E M  ---------------

OS:wheezy/sid

uname:Linux 3.0.0-32-generic #51-Ubuntu SMP Thu Mar 21 15:51:26 UTC 2013 i686
libc:glibc 2.13 NPTL 2.13 
rlimit: STACK 8192k, CORE 0k, NPROC 15915, NOFILE 4096, AS infinity
load average:0.77 0.80 0.77

/proc/meminfo:
MemTotal:        2051200 kB
MemFree:          324860 kB
Buffers:          173528 kB
Cached:           735188 kB
SwapCached:         5460 kB
Active:           980760 kB
Inactive:         611476 kB
Active(anon):     634400 kB
Inactive(anon):   275900 kB
Active(file):     346360 kB
Inactive(file):   335576 kB
Unevictable:          16 kB
Mlocked:              16 kB
HighTotal:       1176944 kB
HighFree:          66028 kB
LowTotal:         874256 kB
LowFree:          258832 kB
SwapTotal:       1952764 kB
SwapFree:        1904264 kB
Dirty:               860 kB
Writeback:             0 kB
AnonPages:        680088 kB
Mapped:           142704 kB
Shmem:            226776 kB
Slab:              91044 kB
SReclaimable:      76684 kB
SUnreclaim:        14360 kB
KernelStack:        3592 kB
PageTables:         8268 kB
NFS_Unstable:          0 kB
Bounce:                0 kB
WritebackTmp:          0 kB
CommitLimit:     2978364 kB
Committed_AS:    3261876 kB
VmallocTotal:     122880 kB
VmallocUsed:       27384 kB
VmallocChunk:      82424 kB
HardwareCorrupted:     0 kB
AnonHugePages:         0 kB
HugePages_Total:       0
HugePages_Free:        0
HugePages_Rsvd:        0
HugePages_Surp:        0
Hugepagesize:       4096 kB
DirectMap4k:       16376 kB
DirectMap4M:      892928 kB


CPU:total 2 (2 cores per cpu, 1 threads per core) family 6 model 23 stepping 10, cmov, cx8, fxsr, mmx, sse, sse2, sse3, ssse3, sse4.1

/proc/cpuinfo:
processor	: 0
vendor_id	: GenuineIntel
cpu family	: 6
model		: 23
model name	: Intel(R) Core(TM)2 Duo CPU     E7500  @ 2.93GHz
stepping	: 10
cpu MHz		: 1600.000
cache size	: 3072 KB
physical id	: 0
siblings	: 2
core id		: 0
cpu cores	: 2
apicid		: 0
initial apicid	: 0
fdiv_bug	: no
hlt_bug		: no
f00f_bug	: no
coma_bug	: no
fpu		: yes
fpu_exception	: yes
cpuid level	: 13
wp		: yes
flags		: fpu vme de pse tsc msr pae mce cx8 apic mtrr pge mca cmov pat pse36 clflush dts acpi mmx fxsr sse sse2 ss ht tm pbe nx lm constant_tsc arch_perfmon pebs bts aperfmperf pni dtes64 monitor ds_cpl vmx est tm2 ssse3 cx16 xtpr pdcm sse4_1 xsave lahf_lm dtherm tpr_shadow vnmi flexpriority
bogomips	: 5851.08
clflush size	: 64
cache_alignment	: 64
address sizes	: 36 bits physical, 48 bits virtual
power management:

processor	: 1
vendor_id	: GenuineIntel
cpu family	: 6
model		: 23
model name	: Intel(R) Core(TM)2 Duo CPU     E7500  @ 2.93GHz
stepping	: 10
cpu MHz		: 1600.000
cache size	: 3072 KB
physical id	: 0
siblings	: 2
core id		: 1
cpu cores	: 2
apicid		: 1
initial apicid	: 1
fdiv_bug	: no
hlt_bug		: no
f00f_bug	: no
coma_bug	: no
fpu		: yes
fpu_exception	: yes
cpuid level	: 13
wp		: yes
flags		: fpu vme de pse tsc msr pae mce cx8 apic mtrr pge mca cmov pat pse36 clflush dts acpi mmx fxsr sse sse2 ss ht tm pbe nx lm constant_tsc arch_perfmon pebs bts aperfmperf pni dtes64 monitor ds_cpl vmx est tm2 ssse3 cx16 xtpr pdcm sse4_1 xsave lahf_lm dtherm tpr_shadow vnmi flexpriority
bogomips	: 5851.23
clflush size	: 64
cache_alignment	: 64
address sizes	: 36 bits physical, 48 bits virtual
power management:



Memory: 4k page, physical 2051200k(324860k free), swap 1952764k(1904264k free)

vm_info: Java HotSpot(TM) Server VM (20.5-b03) for linux-x86 JRE (1.6.0_30-b12), built on Nov 10 2011 01:04:19 by "java_re" with gcc 3.2.1-7a (J2SE release)

time: Wed May 15 12:18:46 2013
elapsed time: 17 seconds

