#
# A fatal error has been detected by the Java Runtime Environment:
#
#  SIGSEGV (0xb) at pc=0xb6f45214, pid=11202, tid=2408328048
#
# JRE version: 6.0_30-b12
# Java VM: Java HotSpot(TM) Server VM (20.5-b03 mixed mode linux-x86 )
# Problematic frame:
# V  [libjvm.so+0x553214]  PhaseIdealLoop::build_loop_late_post(Node*)+0x114
#
# If you would like to submit a bug report, please visit:
#   http://java.sun.com/webapps/bugreport/crash.jsp
#

---------------  T H R E A D  ---------------

Current thread (0x08732800):  JavaThread "C2 CompilerThread0" daemon [_thread_in_native, id=11210, stack(0x8f842000,0x8f8c3000)]

siginfo:si_signo=SIGSEGV: si_errno=0, si_code=1 (SEGV_MAPERR), si_addr=0x00000004

Registers:
EAX=0x00000000, EBX=0xb71f3d08, ECX=0x0000010d, EDX=0x00000000
ESP=0x8f8bff60, EBP=0x8f8bffa8, ESI=0x8f8c0ec0, EDI=0x0885d150
EIP=0xb6f45214, EFLAGS=0x00210202, CR2=0x00000004

Top of Stack: (sp=0x8f8bff60)
0x8f8bff60:   8f74eee0 08864b70 8f8c0ec0 00000000
0x8f8bff70:   08829cb9 0000004e 0885d150 00000227
0x8f8bff80:   8ef24d38 8f78015c 8f781645 8f781644
0x8f8bff90:   08ab2709 8f8c0ec0 00000001 b71f3d08
0x8f8bffa0:   8f8c01b0 8f781b78 8f8bfff8 b6f44ef4
0x8f8bffb0:   8f8c0eb0 8f781b78 00000002 00000002
0x8f8bffc0:   00000010 b773294b 00000006 00007800
0x8f8bffd0:   00400000 0000000a 8f7821b0 00000002 

Instructions: (pc=0xb6f45214)
0xb6f451f4:   39 45 e4 0f 84 b0 00 00 00 8b 40 1c 89 45 c4 8b
0xb6f45204:   7d 08 8b 87 d0 02 00 00 89 c7 8b 45 c4 8b 14 87
0xb6f45214:   8b 42 04 8b 00 85 c0 75 22 8b 4e 04 8b 52 1c 39
0xb6f45224:   ca 0f 83 86 02 00 00 8b 46 08 8b 04 90 89 c2 83 

Register to memory mapping:

EAX=0x00000000 is an unknown value
EBX=0xb71f3d08: <offset 0x801d08> in /usr/jdk/jdk1.6.0_30/jre/lib/i386/server/libjvm.so at 0xb69f2000
ECX=0x0000010d is an unknown value
EDX=0x00000000 is an unknown value
ESP=0x8f8bff60 is pointing into the stack for thread: 0x08732800
EBP=0x8f8bffa8 is pointing into the stack for thread: 0x08732800
ESI=0x8f8c0ec0 is pointing into the stack for thread: 0x08732800
EDI=0x0885d150 is an unknown value


Stack: [0x8f842000,0x8f8c3000],  sp=0x8f8bff60,  free space=503k
Native frames: (J=compiled Java code, j=interpreted, Vv=VM code, C=native code)
V  [libjvm.so+0x553214]  PhaseIdealLoop::build_loop_late_post(Node*)+0x114
V  [libjvm.so+0x552ef4]  PhaseIdealLoop::build_loop_late(VectorSet&, Node_List&, Node_Stack&)+0x94
V  [libjvm.so+0x5500a9]  PhaseIdealLoop::build_and_optimize(bool, bool)+0x689
V  [libjvm.so+0x2bb948]  Compile::Optimize()+0x2a8
V  [libjvm.so+0x2b8872]  Compile::Compile(ciEnv*, C2Compiler*, ciMethod*, int, bool, bool)+0x8a2
V  [libjvm.so+0x243857]  C2Compiler::compile_method(ciEnv*, ciMethod*, int)+0xe7
V  [libjvm.so+0x2c254c]  CompileBroker::invoke_compiler_on_method(CompileTask*)+0x2dc
V  [libjvm.so+0x2c1dc1]  CompileBroker::compiler_thread_loop()+0x351
V  [libjvm.so+0x6e8536]  compiler_thread_entry(JavaThread*, Thread*)+0x16
V  [libjvm.so+0x6e16ff]  JavaThread::run()+0x11f
V  [libjvm.so+0x5e2b2e]  java_start(Thread*)+0x14e
C  [libpthread.so.0+0x6d31]  short+0xd1


Current CompileTask:
C2:   6878 209  !   java.util.concurrent.ConcurrentHashMap$Segment.put(Ljava/lang/Object;ILjava/lang/Object;Z)Ljava/lang/Object; (176 bytes)


---------------  P R O C E S S  ---------------

Java Threads: ( => current thread )
  0x08736400 JavaThread "Low Memory Detector" daemon [_thread_blocked, id=11212, stack(0x8f62e000,0x8f67f000)]
  0x08734800 JavaThread "C2 CompilerThread1" daemon [_thread_in_native, id=11211, stack(0x8f67f000,0x8f700000)]
=>0x08732800 JavaThread "C2 CompilerThread0" daemon [_thread_in_native, id=11210, stack(0x8f842000,0x8f8c3000)]
  0x0870cc00 JavaThread "Signal Dispatcher" daemon [_thread_blocked, id=11209, stack(0x8f8c3000,0x8f914000)]
  0x086fb400 JavaThread "Finalizer" daemon [_thread_blocked, id=11208, stack(0x8fc46000,0x8fc97000)]
  0x086f9c00 JavaThread "Reference Handler" daemon [_thread_blocked, id=11207, stack(0x8fc97000,0x8fce8000)]
  0x08678800 JavaThread "main" [_thread_in_native, id=11203, stack(0xb6977000,0xb69c8000)]

Other Threads:
  0x086f6000 VMThread [stack: 0x8fce8000,0x8fd69000] [id=11206]
  0x08738000 WatcherThread [stack: 0x8f5ad000,0x8f62e000] [id=11213]

VM state:not at safepoint (normal execution)

VM Mutex/Monitor currently owned by a thread: None

Heap
 PSYoungGen      total 8576K, used 5498K [0xa90d0000, 0xaa0a0000, 0xb3820000)
  eden space 7424K, 58% used [0xa90d0000,0xa950e948,0xa9810000)
  from space 1152K, 100% used [0xa9f00000,0xaa020000,0xaa020000)
  to   space 512K, 0% used [0xaa020000,0xaa020000,0xaa0a0000)
 PSOldGen        total 21376K, used 1325K [0x94220000, 0x95700000, 0xa90d0000)
  object space 21376K, 6% used [0x94220000,0x9436b458,0x95700000)
 PSPermGen       total 16384K, used 6141K [0x90220000, 0x91220000, 0x94220000)
  object space 16384K, 37% used [0x90220000,0x9081f438,0x91220000)

Code Cache  [0xb38eb000, 0xb3b2b000, 0xb68eb000)
 total_blobs=340 nmethods=223 adapters=71 free_code_cache=49202048 largest_free_block=82240

Dynamic libraries:
08048000-08052000 r-xp 00000000 08:04 1850868    /usr/jdk/jdk1.6.0_30/bin/java
08052000-08053000 rwxp 00009000 08:04 1850868    /usr/jdk/jdk1.6.0_30/bin/java
08672000-08bf1000 rwxp 00000000 00:00 0          [heap]
8e500000-8e5f6000 rwxp 00000000 00:00 0 
8e5f6000-8e600000 ---p 00000000 00:00 0 
8e600000-8e6f9000 rwxp 00000000 00:00 0 
8e6f9000-8e700000 ---p 00000000 00:00 0 
8e800000-8e8f1000 rwxp 00000000 00:00 0 
8e8f1000-8e900000 ---p 00000000 00:00 0 
8e900000-8e9f3000 rwxp 00000000 00:00 0 
8e9f3000-8ea00000 ---p 00000000 00:00 0 
8ea00000-8eafc000 rwxp 00000000 00:00 0 
8eafc000-8eb00000 ---p 00000000 00:00 0 
8eb00000-8ebec000 rwxp 00000000 00:00 0 
8ebec000-8ec00000 ---p 00000000 00:00 0 
8ec00000-8ecff000 rwxp 00000000 00:00 0 
8ecff000-8ed00000 ---p 00000000 00:00 0 
8ed00000-8edf9000 rwxp 00000000 00:00 0 
8edf9000-8ee00000 ---p 00000000 00:00 0 
8ee00000-8eef9000 rwxp 00000000 00:00 0 
8eef9000-8ef00000 ---p 00000000 00:00 0 
8ef00000-8efff000 rwxp 00000000 00:00 0 
8efff000-8f000000 ---p 00000000 00:00 0 
8f000000-8f0fb000 rwxp 00000000 00:00 0 
8f0fb000-8f100000 ---p 00000000 00:00 0 
8f100000-8f1fa000 rwxp 00000000 00:00 0 
8f1fa000-8f200000 ---p 00000000 00:00 0 
8f200000-8f400000 rwxp 00000000 00:00 0 
8f400000-8f500000 rwxp 00000000 00:00 0 
8f56a000-8f5ad000 r-xs 0039f000 08:04 683599     /home/arsread/workspace/deferredmethods/scratch/jar/jython.jar
8f5ad000-8f5ae000 ---p 00000000 00:00 0 
8f5ae000-8f62e000 rwxp 00000000 00:00 0 
8f62e000-8f631000 ---p 00000000 00:00 0 
8f631000-8f67f000 rwxp 00000000 00:00 0 
8f67f000-8f682000 ---p 00000000 00:00 0 
8f682000-8f700000 rwxp 00000000 00:00 0 
8f700000-8f800000 rwxp 00000000 00:00 0 
8f827000-8f82a000 r-xs 000c0000 08:04 683779     /home/arsread/workspace/deferredmethods/scratch/jar/jna.jar
8f82a000-8f82d000 r-xs 00029000 08:04 683777     /home/arsread/workspace/deferredmethods/scratch/jar/jna-posix.jar
8f82d000-8f831000 r-xs 0002a000 08:04 683695     /home/arsread/workspace/deferredmethods/scratch/jar/constantine-0.4.jar
8f831000-8f842000 r-xs 00331000 08:04 683677     /home/arsread/workspace/deferredmethods/scratch/jar/antlr-3.1.3.jar
8f842000-8f845000 ---p 00000000 00:00 0 
8f845000-8f8c3000 rwxp 00000000 00:00 0 
8f8c3000-8f8c6000 ---p 00000000 00:00 0 
8f8c6000-8f914000 rwxp 00000000 00:00 0 
8f914000-8f915000 r-xp 0174a000 08:04 1839527    /usr/lib/locale/locale-archive
8f915000-8fa46000 r-xp 00188000 08:04 1839527    /usr/lib/locale/locale-archive
8fa46000-8fc46000 r-xp 00000000 08:04 1839527    /usr/lib/locale/locale-archive
8fc46000-8fc49000 ---p 00000000 00:00 0 
8fc49000-8fc97000 rwxp 00000000 00:00 0 
8fc97000-8fc9a000 ---p 00000000 00:00 0 
8fc9a000-8fce8000 rwxp 00000000 00:00 0 
8fce8000-8fce9000 ---p 00000000 00:00 0 
8fce9000-8fd9d000 rwxp 00000000 00:00 0 
8fd9d000-8ff3a000 r-xs 030b8000 08:04 1979638    /usr/jdk/jdk1.6.0_30/jre/lib/rt.jar
8ff3a000-8ff3b000 ---p 00000000 00:00 0 
8ff3b000-8ffbb000 rwxp 00000000 00:00 0 
8ffbb000-8ffbc000 ---p 00000000 00:00 0 
8ffbc000-90044000 rwxp 00000000 00:00 0 
90044000-9005c000 rwxp 00000000 00:00 0 
9005c000-90067000 rwxp 00000000 00:00 0 
90067000-90104000 rwxp 00000000 00:00 0 
90104000-9010c000 rwxp 00000000 00:00 0 
9010c000-90124000 rwxp 00000000 00:00 0 
90124000-9012f000 rwxp 00000000 00:00 0 
9012f000-901cb000 rwxp 00000000 00:00 0 
901cb000-901d4000 rwxp 00000000 00:00 0 
901d4000-901d5000 ---p 00000000 00:00 0 
901d5000-9021f000 rwxp 00000000 00:00 0 
9021f000-91220000 rwxp 00000000 00:00 0 
91220000-94220000 rwxp 00000000 00:00 0 
94220000-95700000 rwxp 00000000 00:00 0 
95700000-a90d0000 rwxp 00000000 00:00 0 
a90d0000-aa0a0000 rwxp 00000000 00:00 0 
aa0a0000-aa2d0000 ---p 00000000 00:00 0 
aa2d0000-b3820000 rwxp 00000000 00:00 0 
b3823000-b3824000 r-xs 00007000 08:04 683691     /home/arsread/workspace/deferredmethods/scratch/jar/asm-commons-3.1.jar
b3824000-b3825000 r-xs 0000a000 08:04 683679     /home/arsread/workspace/deferredmethods/scratch/jar/asm-3.1.jar
b3825000-b3826000 r-xs 00001000 08:04 683585     /home/arsread/workspace/deferredmethods/build/sync_instr.jar
b3826000-b382b000 r-xs 0004f000 08:04 531318     /home/arsread/Downloads/asm-debug-all-4.1.jar
b382b000-b3834000 rwxp 00000000 00:00 0 
b3834000-b38eb000 rwxp 00000000 00:00 0 
b38eb000-b3b2b000 rwxp 00000000 00:00 0 
b3b2b000-b68eb000 rwxp 00000000 00:00 0 
b68eb000-b68f6000 r-xp 00000000 08:04 816126     /lib/i386-linux-gnu/libnss_files-2.13.so
b68f6000-b68f7000 r-xp 0000a000 08:04 816126     /lib/i386-linux-gnu/libnss_files-2.13.so
b68f7000-b68f8000 rwxp 0000b000 08:04 816126     /lib/i386-linux-gnu/libnss_files-2.13.so
b68f8000-b6902000 r-xp 00000000 08:04 816113     /lib/i386-linux-gnu/libnss_nis-2.13.so
b6902000-b6903000 r-xp 00009000 08:04 816113     /lib/i386-linux-gnu/libnss_nis-2.13.so
b6903000-b6904000 rwxp 0000a000 08:04 816113     /lib/i386-linux-gnu/libnss_nis-2.13.so
b6904000-b6908000 r-xs 09f57000 08:04 275949     /home/arsread/dacapo-9.12-bach.jar
b6908000-b6909000 r-xs 00000000 08:04 683149     /home/arsread/workspace/deferredmethods/build/boot_interface.jar
b6909000-b6918000 r-xp 00000000 08:04 1979561    /usr/jdk/jdk1.6.0_30/jre/lib/i386/libzip.so
b6918000-b691a000 rwxp 0000e000 08:04 1979561    /usr/jdk/jdk1.6.0_30/jre/lib/i386/libzip.so
b691a000-b692f000 r-xp 00000000 08:04 816110     /lib/i386-linux-gnu/libnsl-2.13.so
b692f000-b6930000 r-xp 00015000 08:04 816110     /lib/i386-linux-gnu/libnsl-2.13.so
b6930000-b6931000 rwxp 00016000 08:04 816110     /lib/i386-linux-gnu/libnsl-2.13.so
b6931000-b6933000 rwxp 00000000 00:00 0 
b6933000-b6934000 r-xs 00001000 08:04 681709     /home/arsread/workspace/deferredmethods/build/deferred_thread.jar
b6934000-b6935000 r-xs 00001000 08:04 681773     /home/arsread/workspace/deferredmethods/build/deferred_lock.jar
b6935000-b693d000 r-xp 00000000 08:04 816114     /lib/i386-linux-gnu/libnss_compat-2.13.so
b693d000-b693e000 r-xp 00007000 08:04 816114     /lib/i386-linux-gnu/libnss_compat-2.13.so
b693e000-b693f000 rwxp 00008000 08:04 816114     /lib/i386-linux-gnu/libnss_compat-2.13.so
b693f000-b6948000 r-xp 00000000 08:04 1979548    /usr/jdk/jdk1.6.0_30/jre/lib/i386/libinstrument.so
b6948000-b6949000 rwxp 00008000 08:04 1979548    /usr/jdk/jdk1.6.0_30/jre/lib/i386/libinstrument.so
b6949000-b696c000 r-xp 00000000 08:04 1979547    /usr/jdk/jdk1.6.0_30/jre/lib/i386/libjava.so
b696c000-b696e000 rwxp 00023000 08:04 1979547    /usr/jdk/jdk1.6.0_30/jre/lib/i386/libjava.so
b696e000-b6975000 r-xp 00000000 08:04 794712     /lib/i386-linux-gnu/librt-2.13.so
b6975000-b6976000 r-xp 00006000 08:04 794712     /lib/i386-linux-gnu/librt-2.13.so
b6976000-b6977000 rwxp 00007000 08:04 794712     /lib/i386-linux-gnu/librt-2.13.so
b6977000-b697a000 ---p 00000000 00:00 0 
b697a000-b69c8000 rwxp 00000000 00:00 0 
b69c8000-b69f0000 r-xp 00000000 08:04 816123     /lib/i386-linux-gnu/libm-2.13.so
b69f0000-b69f1000 r-xp 00028000 08:04 816123     /lib/i386-linux-gnu/libm-2.13.so
b69f1000-b69f2000 rwxp 00029000 08:04 816123     /lib/i386-linux-gnu/libm-2.13.so
b69f2000-b71a4000 r-xp 00000000 08:04 1979600    /usr/jdk/jdk1.6.0_30/jre/lib/i386/server/libjvm.so
b71a4000-b71f8000 rwxp 007b1000 08:04 1979600    /usr/jdk/jdk1.6.0_30/jre/lib/i386/server/libjvm.so
b71f8000-b7617000 rwxp 00000000 00:00 0 
b7617000-b7793000 r-xp 00000000 08:04 794710     /lib/i386-linux-gnu/libc-2.13.so
b7793000-b7795000 r-xp 0017c000 08:04 794710     /lib/i386-linux-gnu/libc-2.13.so
b7795000-b7796000 rwxp 0017e000 08:04 794710     /lib/i386-linux-gnu/libc-2.13.so
b7796000-b7799000 rwxp 00000000 00:00 0 
b7799000-b779c000 r-xp 00000000 08:04 816121     /lib/i386-linux-gnu/libdl-2.13.so
b779c000-b779d000 r-xp 00002000 08:04 816121     /lib/i386-linux-gnu/libdl-2.13.so
b779d000-b779e000 rwxp 00003000 08:04 816121     /lib/i386-linux-gnu/libdl-2.13.so
b779e000-b77a5000 r-xp 00000000 08:04 1979545    /usr/jdk/jdk1.6.0_30/jre/lib/i386/jli/libjli.so
b77a5000-b77a7000 rwxp 00006000 08:04 1979545    /usr/jdk/jdk1.6.0_30/jre/lib/i386/jli/libjli.so
b77a7000-b77a8000 rwxp 00000000 00:00 0 
b77a8000-b77bf000 r-xp 00000000 08:04 816119     /lib/i386-linux-gnu/libpthread-2.13.so
b77bf000-b77c0000 r-xp 00016000 08:04 816119     /lib/i386-linux-gnu/libpthread-2.13.so
b77c0000-b77c1000 rwxp 00017000 08:04 816119     /lib/i386-linux-gnu/libpthread-2.13.so
b77c1000-b77c3000 rwxp 00000000 00:00 0 
b77c3000-b77cb000 rwxs 00000000 08:04 533914     /tmp/hsperfdata_arsread/11202
b77cb000-b77cc000 rwxp 00000000 00:00 0 
b77cc000-b77cd000 r-xp 00000000 00:00 0 
b77cd000-b77d8000 r-xp 00000000 08:04 1979550    /usr/jdk/jdk1.6.0_30/jre/lib/i386/libverify.so
b77d8000-b77d9000 rwxp 0000b000 08:04 1979550    /usr/jdk/jdk1.6.0_30/jre/lib/i386/libverify.so
b77d9000-b77db000 rwxp 00000000 00:00 0 
b77db000-b77dc000 r-xp 00000000 00:00 0          [vdso]
b77dc000-b77fa000 r-xp 00000000 08:04 816124     /lib/i386-linux-gnu/ld-2.13.so
b77fa000-b77fb000 r-xp 0001d000 08:04 816124     /lib/i386-linux-gnu/ld-2.13.so
b77fb000-b77fc000 rwxp 0001e000 08:04 816124     /lib/i386-linux-gnu/ld-2.13.so
bfd71000-bfd92000 rwxp 00000000 00:00 0          [stack]

VM Arguments:
jvm_args: -javaagent:/home/arsread/workspace/deferredmethods/build/sync_instr.jar -Xbootclasspath/p:/home/arsread/workspace/deferredmethods/build/deferred_lock.jar:/home/arsread/workspace/deferredmethods/build/deferred_thread.jar:/home/arsread/workspace/deferredmethods/build/boot_interface.jar:/home/arsread/Downloads/asm-debug-all-4.1.jar 
java_command: /home/arsread/dacapo-9.12-bach.jar jython
Launcher Type: SUN_STANDARD

Environment Variables:
JAVA_HOME=/usr/jdk/jdk1.6.0_30
CLASSPATH=.:/usr/jdk/jdk1.6.0_30/lib/dt.jar:/usr/jdk/jdk1.6.0_30/lib/tools.jar:/usr/jdk/jUnit/junit-4.11-SNAPSHOT-20120416-1530.jar:/home/arsread/.vim/autoload
PATH=/usr/jdk/jdk1.6.0_30/bin:/usr/lib/lightdm/lightdm:/usr/local/sbin:/usr/local/bin:/usr/sbin:/usr/bin:/sbin:/bin:/usr/games
USERNAME=arsread
LD_LIBRARY_PATH=/usr/jdk/jdk1.6.0_30/jre/lib/i386/server:/usr/jdk/jdk1.6.0_30/jre/lib/i386:/usr/jdk/jdk1.6.0_30/jre/../lib/i386
SHELL=/bin/bash
DISPLAY=:0

Signal Handlers:
SIGSEGV: [libjvm.so+0x725400], sa_mask[0]=0x7ffbfeff, sa_flags=0x10000004
SIGBUS: [libjvm.so+0x725400], sa_mask[0]=0x7ffbfeff, sa_flags=0x10000004
SIGFPE: [libjvm.so+0x5dff40], sa_mask[0]=0x7ffbfeff, sa_flags=0x10000004
SIGPIPE: [libjvm.so+0x5dff40], sa_mask[0]=0x7ffbfeff, sa_flags=0x10000004
SIGXFSZ: [libjvm.so+0x5dff40], sa_mask[0]=0x7ffbfeff, sa_flags=0x10000004
SIGILL: [libjvm.so+0x5dff40], sa_mask[0]=0x7ffbfeff, sa_flags=0x10000004
SIGUSR1: SIG_DFL, sa_mask[0]=0x00000000, sa_flags=0x00000000
SIGUSR2: [libjvm.so+0x5e31a0], sa_mask[0]=0x00000000, sa_flags=0x10000004
SIGHUP: [libjvm.so+0x5e2d80], sa_mask[0]=0x7ffbfeff, sa_flags=0x10000004
SIGINT: [libjvm.so+0x5e2d80], sa_mask[0]=0x7ffbfeff, sa_flags=0x10000004
SIGTERM: [libjvm.so+0x5e2d80], sa_mask[0]=0x7ffbfeff, sa_flags=0x10000004
SIGQUIT: [libjvm.so+0x5e2d80], sa_mask[0]=0x7ffbfeff, sa_flags=0x10000004


---------------  S Y S T E M  ---------------

OS:wheezy/sid

uname:Linux 3.0.0-32-generic #51-Ubuntu SMP Thu Mar 21 15:51:26 UTC 2013 i686
libc:glibc 2.13 NPTL 2.13 
rlimit: STACK 8192k, CORE 0k, NPROC 15915, NOFILE 4096, AS infinity
load average:2.23 1.60 1.32

/proc/meminfo:
MemTotal:        2051200 kB
MemFree:          201080 kB
Buffers:           51004 kB
Cached:           836760 kB
SwapCached:        10740 kB
Active:           886700 kB
Inactive:         869048 kB
Active(anon):     678768 kB
Inactive(anon):   505508 kB
Active(file):     207932 kB
Inactive(file):   363540 kB
Unevictable:          16 kB
Mlocked:              16 kB
HighTotal:       1176944 kB
HighFree:          14940 kB
LowTotal:         874256 kB
LowFree:          186140 kB
SwapTotal:       1952764 kB
SwapFree:        1872688 kB
Dirty:             34796 kB
Writeback:             0 kB
AnonPages:        859508 kB
Mapped:           129896 kB
Shmem:            316060 kB
Slab:              48956 kB
SReclaimable:      33304 kB
SUnreclaim:        15652 kB
KernelStack:        4136 kB
PageTables:        10212 kB
NFS_Unstable:          0 kB
Bounce:                0 kB
WritebackTmp:          0 kB
CommitLimit:     2978364 kB
Committed_AS:    3959856 kB
VmallocTotal:     122880 kB
VmallocUsed:       27396 kB
VmallocChunk:      63876 kB
HardwareCorrupted:     0 kB
AnonHugePages:         0 kB
HugePages_Total:       0
HugePages_Free:        0
HugePages_Rsvd:        0
HugePages_Surp:        0
Hugepagesize:       4096 kB
DirectMap4k:       16376 kB
DirectMap4M:      892928 kB


CPU:total 2 (2 cores per cpu, 1 threads per core) family 6 model 23 stepping 10, cmov, cx8, fxsr, mmx, sse, sse2, sse3, ssse3, sse4.1

/proc/cpuinfo:
processor	: 0
vendor_id	: GenuineIntel
cpu family	: 6
model		: 23
model name	: Intel(R) Core(TM)2 Duo CPU     E7500  @ 2.93GHz
stepping	: 10
cpu MHz		: 2933.000
cache size	: 3072 KB
physical id	: 0
siblings	: 2
core id		: 0
cpu cores	: 2
apicid		: 0
initial apicid	: 0
fdiv_bug	: no
hlt_bug		: no
f00f_bug	: no
coma_bug	: no
fpu		: yes
fpu_exception	: yes
cpuid level	: 13
wp		: yes
flags		: fpu vme de pse tsc msr pae mce cx8 apic mtrr pge mca cmov pat pse36 clflush dts acpi mmx fxsr sse sse2 ss ht tm pbe nx lm constant_tsc arch_perfmon pebs bts aperfmperf pni dtes64 monitor ds_cpl vmx est tm2 ssse3 cx16 xtpr pdcm sse4_1 xsave lahf_lm dtherm tpr_shadow vnmi flexpriority
bogomips	: 5851.08
clflush size	: 64
cache_alignment	: 64
address sizes	: 36 bits physical, 48 bits virtual
power management:

processor	: 1
vendor_id	: GenuineIntel
cpu family	: 6
model		: 23
model name	: Intel(R) Core(TM)2 Duo CPU     E7500  @ 2.93GHz
stepping	: 10
cpu MHz		: 1600.000
cache size	: 3072 KB
physical id	: 0
siblings	: 2
core id		: 1
cpu cores	: 2
apicid		: 1
initial apicid	: 1
fdiv_bug	: no
hlt_bug		: no
f00f_bug	: no
coma_bug	: no
fpu		: yes
fpu_exception	: yes
cpuid level	: 13
wp		: yes
flags		: fpu vme de pse tsc msr pae mce cx8 apic mtrr pge mca cmov pat pse36 clflush dts acpi mmx fxsr sse sse2 ss ht tm pbe nx lm constant_tsc arch_perfmon pebs bts aperfmperf pni dtes64 monitor ds_cpl vmx est tm2 ssse3 cx16 xtpr pdcm sse4_1 xsave lahf_lm dtherm tpr_shadow vnmi flexpriority
bogomips	: 5851.23
clflush size	: 64
cache_alignment	: 64
address sizes	: 36 bits physical, 48 bits virtual
power management:



Memory: 4k page, physical 2051200k(201080k free), swap 1952764k(1872688k free)

vm_info: Java HotSpot(TM) Server VM (20.5-b03) for linux-x86 JRE (1.6.0_30-b12), built on Nov 10 2011 01:04:19 by "java_re" with gcc 3.2.1-7a (J2SE release)

time: Tue May 14 14:31:20 2013
elapsed time: 6 seconds

