#
# A fatal error has been detected by the Java Runtime Environment:
#
#  SIGSEGV (0xb) at pc=0xb6ce8210, pid=13431, tid=2405747568
#
# JRE version: 6.0_30-b12
# Java VM: Java HotSpot(TM) Server VM (20.5-b03 mixed mode linux-x86 )
# Problematic frame:
# V  [libjvm.so+0x394210]  GraphKit::null_check_common(Node*, BasicType, bool, Node**)+0xb20
#
# If you would like to submit a bug report, please visit:
#   http://java.sun.com/webapps/bugreport/crash.jsp
#

---------------  T H R E A D  ---------------

Current thread (0x8fa2b000):  JavaThread "C2 CompilerThread1" daemon [_thread_in_native, id=13440, stack(0x8f5cc000,0x8f64d000)]

siginfo:si_signo=SIGSEGV: si_errno=0, si_code=1 (SEGV_MAPERR), si_addr=0x0000001c

Registers:
EAX=0x8f64b870, EBX=0xb7155d08, ECX=0x8f64b640, EDX=0x8fa64594
ESP=0x8f64add0, EBP=0x8f64ae68, ESI=0x00000000, EDI=0x8f64b640
EIP=0xb6ce8210, EFLAGS=0x00210246, CR2=0x0000001c

Top of Stack: (sp=0x8f64add0)
0x8f64add0:   8f64c150 09663508 902e7828 8fa2b8c8
0x8f64ade0:   8fa2b8e0 8fa2b8e4 00000001 00000000
0x8f64adf0:   00000034 0000000d 00000000 09664ac8
0x8f64ae00:   8fa2b000 00000000 000000bc 8f64ae10
0x8f64ae10:   b7148a08 00000001 8f64ae58 b6ceaa61
0x8f64ae20:   8fa2b000 8fa64564 8f64ae58 b6bc9b3f
0x8f64ae30:   8fa64564 096634a8 00000000 00155d08
0x8f64ae40:   8f64b6bc 09664ac8 8f64ae78 b6bc9be3 

Instructions: (pc=0xb6ce8210)
0xb6ce81f0:   83 7d 10 0c 74 11 83 7d 10 0d 0f 85 52 f5 ff ff
0xb6ce8200:   c7 45 10 0c 00 00 00 8b 7d 08 8b 75 0c 8b 47 10
0xb6ce8210:   8b 4e 1c 83 c0 1c 8b 40 08 8b 34 88 89 f7 8b 46
0xb6ce8220:   08 83 e8 0b 83 f8 04 19 d2 21 d7 74 14 83 ec 0c 

Register to memory mapping:

EAX=0x8f64b870 is pointing into the stack for thread: 0x8fa2b000
EBX=0xb7155d08: <offset 0x801d08> in /usr/jdk/jdk1.6.0_30/jre/lib/i386/server/libjvm.so at 0xb6954000
ECX=0x8f64b640 is pointing into the stack for thread: 0x8fa2b000
EDX=0x8fa64594 is an unknown value
ESP=0x8f64add0 is pointing into the stack for thread: 0x8fa2b000
EBP=0x8f64ae68 is pointing into the stack for thread: 0x8fa2b000
ESI=0x00000000 is an unknown value
EDI=0x8f64b640 is pointing into the stack for thread: 0x8fa2b000


Stack: [0x8f5cc000,0x8f64d000],  sp=0x8f64add0,  free space=507k
Native frames: (J=compiled Java code, j=interpreted, Vv=VM code, C=native code)
V  [libjvm.so+0x394210]  GraphKit::null_check_common(Node*, BasicType, bool, Node**)+0xb20
V  [libjvm.so+0x60b981]  Parse::do_field_access(bool, bool)+0xe1
V  [libjvm.so+0x60b1ab]  Parse::do_one_bytecode()+0x795b
V  [libjvm.so+0x5fad7e]  Parse::do_one_block()+0x1ae
V  [libjvm.so+0x5f8814]  Parse::do_all_blocks()+0x154
V  [libjvm.so+0x5f8382]  Parse::Parse(JVMState*, ciMethod*, float)+0x562
V  [libjvm.so+0x24426e]  ParseGenerator::generate(JVMState*)+0x7e
V  [libjvm.so+0x2b8708]  Compile::Compile(ciEnv*, C2Compiler*, ciMethod*, int, bool, bool)+0x738
V  [libjvm.so+0x243857]  C2Compiler::compile_method(ciEnv*, ciMethod*, int)+0xe7
V  [libjvm.so+0x2c254c]  CompileBroker::invoke_compiler_on_method(CompileTask*)+0x2dc
V  [libjvm.so+0x2c1dc1]  CompileBroker::compiler_thread_loop()+0x351
V  [libjvm.so+0x6e8536]  compiler_thread_entry(JavaThread*, Thread*)+0x16
V  [libjvm.so+0x6e16ff]  JavaThread::run()+0x11f
V  [libjvm.so+0x5e2b2e]  java_start(Thread*)+0x14e
C  [libpthread.so.0+0x6d31]  short+0xd1


Current CompileTask:
C2:    697  63      java.util.concurrent.locks.ReentrantLock.lock()V (56 bytes)


---------------  P R O C E S S  ---------------

Java Threads: ( => current thread )
  0x8f301000 JavaThread "AP_WORKER4" daemon [_thread_blocked, id=13446, stack(0x8f2af000,0x8f300000)]
  0x8f300400 JavaThread "AP_WORKER3" daemon [_thread_blocked, id=13445, stack(0x8f407000,0x8f458000)]
  0x8fa54000 JavaThread "AP_WORKER2" daemon [_thread_blocked, id=13444, stack(0x8f458000,0x8f4a9000)]
  0x8f303c00 JavaThread "AP_WORKER1" daemon [_thread_blocked, id=13443, stack(0x8f4a9000,0x8f4fa000)]
  0x8fa2d000 JavaThread "Low Memory Detector" daemon [_thread_blocked, id=13441, stack(0x8f57b000,0x8f5cc000)]
=>0x8fa2b000 JavaThread "C2 CompilerThread1" daemon [_thread_in_native, id=13440, stack(0x8f5cc000,0x8f64d000)]
  0x8fa29000 JavaThread "C2 CompilerThread0" daemon [_thread_blocked, id=13439, stack(0x8f64d000,0x8f6ce000)]
  0x8fa0ec00 JavaThread "Signal Dispatcher" daemon [_thread_blocked, id=13438, stack(0x8fb45000,0x8fb96000)]
  0x8fa00800 JavaThread "Finalizer" daemon [_thread_blocked, id=13437, stack(0x8fb96000,0x8fbe7000)]
  0x09529800 JavaThread "Reference Handler" daemon [_thread_blocked, id=13436, stack(0x8fbe7000,0x8fc38000)]
  0x094a9000 JavaThread "main" [_thread_in_native, id=13432, stack(0xb68d9000,0xb692a000)]

Other Threads:
  0x09525800 VMThread [stack: 0x8fc38000,0x8fcb9000] [id=13435]
  0x8fa2ec00 WatcherThread [stack: 0x8f4fa000,0x8f57b000] [id=13442]

VM state:not at safepoint (normal execution)

VM Mutex/Monitor currently owned by a thread: None

Heap
 PSYoungGen      total 9408K, used 7994K [0xa9020000, 0xa9a90000, 0xb3770000)
  eden space 8128K, 98% used [0xa9020000,0xa97eebe0,0xa9810000)
  from space 1280K, 0% used [0xa9950000,0xa9950000,0xa9a90000)
  to   space 1280K, 0% used [0xa9810000,0xa9810000,0xa9950000)
 PSOldGen        total 21376K, used 0K [0x94170000, 0x95650000, 0xa9020000)
  object space 21376K, 0% used [0x94170000,0x94170000,0x95650000)
 PSPermGen       total 16384K, used 2582K [0x90170000, 0x91170000, 0x94170000)
  object space 16384K, 15% used [0x90170000,0x903f5b40,0x91170000)

Code Cache  [0xb383c000, 0xb3a7c000, 0xb683c000)
 total_blobs=176 nmethods=69 adapters=62 free_code_cache=49902016 largest_free_block=5952

Dynamic libraries:
08048000-08052000 r-xp 00000000 08:04 1850868    /usr/jdk/jdk1.6.0_30/bin/java
08052000-08053000 rwxp 00009000 08:04 1850868    /usr/jdk/jdk1.6.0_30/bin/java
094a2000-0974f000 rwxp 00000000 00:00 0          [heap]
8f2af000-8f2b2000 ---p 00000000 00:00 0 
8f2b2000-8f300000 rwxp 00000000 00:00 0 
8f300000-8f380000 rwxp 00000000 00:00 0 
8f380000-8f400000 ---p 00000000 00:00 0 
8f407000-8f40a000 ---p 00000000 00:00 0 
8f40a000-8f458000 rwxp 00000000 00:00 0 
8f458000-8f45b000 ---p 00000000 00:00 0 
8f45b000-8f4a9000 rwxp 00000000 00:00 0 
8f4a9000-8f4ac000 ---p 00000000 00:00 0 
8f4ac000-8f4fa000 rwxp 00000000 00:00 0 
8f4fa000-8f4fb000 ---p 00000000 00:00 0 
8f4fb000-8f57b000 rwxp 00000000 00:00 0 
8f57b000-8f57e000 ---p 00000000 00:00 0 
8f57e000-8f5cc000 rwxp 00000000 00:00 0 
8f5cc000-8f5cf000 ---p 00000000 00:00 0 
8f5cf000-8f64d000 rwxp 00000000 00:00 0 
8f64d000-8f650000 ---p 00000000 00:00 0 
8f650000-8f6ce000 rwxp 00000000 00:00 0 
8f6ce000-8f6cf000 r-xp 0174a000 08:04 1839527    /usr/lib/locale/locale-archive
8f6cf000-8f800000 r-xp 00188000 08:04 1839527    /usr/lib/locale/locale-archive
8f800000-8fa00000 r-xp 00000000 08:04 1839527    /usr/lib/locale/locale-archive
8fa00000-8fb00000 rwxp 00000000 00:00 0 
8fb45000-8fb48000 ---p 00000000 00:00 0 
8fb48000-8fb96000 rwxp 00000000 00:00 0 
8fb96000-8fb99000 ---p 00000000 00:00 0 
8fb99000-8fbe7000 rwxp 00000000 00:00 0 
8fbe7000-8fbea000 ---p 00000000 00:00 0 
8fbea000-8fc38000 rwxp 00000000 00:00 0 
8fc38000-8fc39000 ---p 00000000 00:00 0 
8fc39000-8fced000 rwxp 00000000 00:00 0 
8fced000-8fe8a000 r-xs 030b8000 08:04 1979638    /usr/jdk/jdk1.6.0_30/jre/lib/rt.jar
8fe8a000-8fe8b000 ---p 00000000 00:00 0 
8fe8b000-8ff0b000 rwxp 00000000 00:00 0 
8ff0b000-8ff0c000 ---p 00000000 00:00 0 
8ff0c000-8ff94000 rwxp 00000000 00:00 0 
8ff94000-8ffac000 rwxp 00000000 00:00 0 
8ffac000-8ffb7000 rwxp 00000000 00:00 0 
8ffb7000-90054000 rwxp 00000000 00:00 0 
90054000-9005c000 rwxp 00000000 00:00 0 
9005c000-90074000 rwxp 00000000 00:00 0 
90074000-9007f000 rwxp 00000000 00:00 0 
9007f000-9011b000 rwxp 00000000 00:00 0 
9011b000-90121000 rwxp 00000000 00:00 0 
90121000-9016f000 rwxp 00000000 00:00 0 
9016f000-91170000 rwxp 00000000 00:00 0 
91170000-94170000 rwxp 00000000 00:00 0 
94170000-95650000 rwxp 00000000 00:00 0 
95650000-a9020000 rwxp 00000000 00:00 0 
a9020000-a9a90000 rwxp 00000000 00:00 0 
a9a90000-b3770000 rwxp 00000000 00:00 0 
b377c000-b3785000 rwxp 00000000 00:00 0 
b3785000-b383c000 rwxp 00000000 00:00 0 
b383c000-b3a7c000 rwxp 00000000 00:00 0 
b3a7c000-b683c000 rwxp 00000000 00:00 0 
b683c000-b684b000 r-xp 00000000 08:04 1979561    /usr/jdk/jdk1.6.0_30/jre/lib/i386/libzip.so
b684b000-b684d000 rwxp 0000e000 08:04 1979561    /usr/jdk/jdk1.6.0_30/jre/lib/i386/libzip.so
b684d000-b6858000 r-xp 00000000 08:04 816126     /lib/i386-linux-gnu/libnss_files-2.13.so
b6858000-b6859000 r-xp 0000a000 08:04 816126     /lib/i386-linux-gnu/libnss_files-2.13.so
b6859000-b685a000 rwxp 0000b000 08:04 816126     /lib/i386-linux-gnu/libnss_files-2.13.so
b685a000-b6864000 r-xp 00000000 08:04 816113     /lib/i386-linux-gnu/libnss_nis-2.13.so
b6864000-b6865000 r-xp 00009000 08:04 816113     /lib/i386-linux-gnu/libnss_nis-2.13.so
b6865000-b6866000 rwxp 0000a000 08:04 816113     /lib/i386-linux-gnu/libnss_nis-2.13.so
b686b000-b686d000 r-xs 00004000 08:04 683947     /home/arsread/workspace/deferredmethods/build/deferred_test.jar
b686d000-b686f000 r-xs 0000a000 08:04 690060     /home/arsread/workspace/deferredmethods/lib/asm-4.0.jar
b686f000-b6874000 r-xs 0004a000 08:04 691588     /home/arsread/workspace/disl/lib/asm-debug-all-4.0.jar
b6874000-b687c000 rwxs 00000000 08:04 530718     /tmp/hsperfdata_arsread/13431
b687c000-b6891000 r-xp 00000000 08:04 816110     /lib/i386-linux-gnu/libnsl-2.13.so
b6891000-b6892000 r-xp 00015000 08:04 816110     /lib/i386-linux-gnu/libnsl-2.13.so
b6892000-b6893000 rwxp 00016000 08:04 816110     /lib/i386-linux-gnu/libnsl-2.13.so
b6893000-b6895000 rwxp 00000000 00:00 0 
b6896000-b6897000 r-xs 00001000 08:04 684127     /home/arsread/workspace/deferredmethods/build/sync_instr.jar
b6897000-b689f000 r-xp 00000000 08:04 816114     /lib/i386-linux-gnu/libnss_compat-2.13.so
b689f000-b68a0000 r-xp 00007000 08:04 816114     /lib/i386-linux-gnu/libnss_compat-2.13.so
b68a0000-b68a1000 rwxp 00008000 08:04 816114     /lib/i386-linux-gnu/libnss_compat-2.13.so
b68a1000-b68aa000 r-xp 00000000 08:04 1979548    /usr/jdk/jdk1.6.0_30/jre/lib/i386/libinstrument.so
b68aa000-b68ab000 rwxp 00008000 08:04 1979548    /usr/jdk/jdk1.6.0_30/jre/lib/i386/libinstrument.so
b68ab000-b68ce000 r-xp 00000000 08:04 1979547    /usr/jdk/jdk1.6.0_30/jre/lib/i386/libjava.so
b68ce000-b68d0000 rwxp 00023000 08:04 1979547    /usr/jdk/jdk1.6.0_30/jre/lib/i386/libjava.so
b68d0000-b68d7000 r-xp 00000000 08:04 794712     /lib/i386-linux-gnu/librt-2.13.so
b68d7000-b68d8000 r-xp 00006000 08:04 794712     /lib/i386-linux-gnu/librt-2.13.so
b68d8000-b68d9000 rwxp 00007000 08:04 794712     /lib/i386-linux-gnu/librt-2.13.so
b68d9000-b68dc000 ---p 00000000 00:00 0 
b68dc000-b692a000 rwxp 00000000 00:00 0 
b692a000-b6952000 r-xp 00000000 08:04 816123     /lib/i386-linux-gnu/libm-2.13.so
b6952000-b6953000 r-xp 00028000 08:04 816123     /lib/i386-linux-gnu/libm-2.13.so
b6953000-b6954000 rwxp 00029000 08:04 816123     /lib/i386-linux-gnu/libm-2.13.so
b6954000-b7106000 r-xp 00000000 08:04 1979600    /usr/jdk/jdk1.6.0_30/jre/lib/i386/server/libjvm.so
b7106000-b715a000 rwxp 007b1000 08:04 1979600    /usr/jdk/jdk1.6.0_30/jre/lib/i386/server/libjvm.so
b715a000-b7579000 rwxp 00000000 00:00 0 
b7579000-b76f5000 r-xp 00000000 08:04 794710     /lib/i386-linux-gnu/libc-2.13.so
b76f5000-b76f7000 r-xp 0017c000 08:04 794710     /lib/i386-linux-gnu/libc-2.13.so
b76f7000-b76f8000 rwxp 0017e000 08:04 794710     /lib/i386-linux-gnu/libc-2.13.so
b76f8000-b76fb000 rwxp 00000000 00:00 0 
b76fb000-b76fe000 r-xp 00000000 08:04 816121     /lib/i386-linux-gnu/libdl-2.13.so
b76fe000-b76ff000 r-xp 00002000 08:04 816121     /lib/i386-linux-gnu/libdl-2.13.so
b76ff000-b7700000 rwxp 00003000 08:04 816121     /lib/i386-linux-gnu/libdl-2.13.so
b7700000-b7707000 r-xp 00000000 08:04 1979545    /usr/jdk/jdk1.6.0_30/jre/lib/i386/jli/libjli.so
b7707000-b7709000 rwxp 00006000 08:04 1979545    /usr/jdk/jdk1.6.0_30/jre/lib/i386/jli/libjli.so
b7709000-b770a000 rwxp 00000000 00:00 0 
b770a000-b7721000 r-xp 00000000 08:04 816119     /lib/i386-linux-gnu/libpthread-2.13.so
b7721000-b7722000 r-xp 00016000 08:04 816119     /lib/i386-linux-gnu/libpthread-2.13.so
b7722000-b7723000 rwxp 00017000 08:04 816119     /lib/i386-linux-gnu/libpthread-2.13.so
b7723000-b7725000 rwxp 00000000 00:00 0 
b7725000-b7727000 r-xs 0000e000 08:04 683865     /home/arsread/workspace/deferredmethods/build/deferred.jar
b7727000-b7728000 r-xs 00000000 08:04 683867     /home/arsread/workspace/deferredmethods/build/boot_interface.jar
b7728000-b7729000 r-xs 00001000 08:04 683583     /home/arsread/workspace/deferredmethods/build/deferred_thread.jar
b7729000-b772a000 r-xs 00001000 08:04 683639     /home/arsread/workspace/deferredmethods/build/deferred_lock.jar
b772a000-b772b000 r-xp 00000000 08:04 690063     /home/arsread/workspace/deferredmethods/lib/liboverAgent.so
b772b000-b772c000 r-xp 00001000 08:04 690063     /home/arsread/workspace/deferredmethods/lib/liboverAgent.so
b772c000-b772d000 rwxp 00002000 08:04 690063     /home/arsread/workspace/deferredmethods/lib/liboverAgent.so
b772d000-b772e000 rwxp 00000000 00:00 0 
b772e000-b772f000 r-xp 00000000 00:00 0 
b772f000-b773a000 r-xp 00000000 08:04 1979550    /usr/jdk/jdk1.6.0_30/jre/lib/i386/libverify.so
b773a000-b773b000 rwxp 0000b000 08:04 1979550    /usr/jdk/jdk1.6.0_30/jre/lib/i386/libverify.so
b773b000-b773d000 rwxp 00000000 00:00 0 
b773d000-b773e000 r-xp 00000000 00:00 0          [vdso]
b773e000-b775c000 r-xp 00000000 08:04 816124     /lib/i386-linux-gnu/ld-2.13.so
b775c000-b775d000 r-xp 0001d000 08:04 816124     /lib/i386-linux-gnu/ld-2.13.so
b775d000-b775e000 rwxp 0001e000 08:04 816124     /lib/i386-linux-gnu/ld-2.13.so
bf941000-bf962000 rwxp 00000000 00:00 0          [stack]

VM Arguments:
jvm_args: -agentpath:/home/arsread/workspace/deferredmethods/lib/liboverAgent.so -javaagent:/home/arsread/workspace/deferredmethods/build/sync_instr.jar -Xbootclasspath/p:/home/arsread/workspace/deferredmethods/build/deferred_lock.jar:/home/arsread/workspace/deferredmethods/build/deferred_thread.jar:/home/arsread/workspace/deferredmethods/build/boot_interface.jar 
java_command: newTest.RetTest
Launcher Type: SUN_STANDARD

Environment Variables:
JAVA_HOME=/usr/jdk/jdk1.6.0_30
CLASSPATH=.:/usr/jdk/jdk1.6.0_30/lib/dt.jar:/usr/jdk/jdk1.6.0_30/lib/tools.jar:/usr/jdk/jUnit/junit-4.11-SNAPSHOT-20120416-1530.jar:/home/arsread/.vim/autoload
PATH=/usr/jdk/jdk1.6.0_30/bin:/usr/lib/lightdm/lightdm:/usr/local/sbin:/usr/local/bin:/usr/sbin:/usr/bin:/sbin:/bin:/usr/games
USERNAME=arsread
LD_LIBRARY_PATH=/usr/jdk/jdk1.6.0_30/jre/lib/i386/server:/usr/jdk/jdk1.6.0_30/jre/lib/i386:/usr/jdk/jdk1.6.0_30/jre/../lib/i386
SHELL=/bin/bash
DISPLAY=:0

Signal Handlers:
SIGSEGV: [libjvm.so+0x725400], sa_mask[0]=0x7ffbfeff, sa_flags=0x10000004
SIGBUS: [libjvm.so+0x725400], sa_mask[0]=0x7ffbfeff, sa_flags=0x10000004
SIGFPE: [libjvm.so+0x5dff40], sa_mask[0]=0x7ffbfeff, sa_flags=0x10000004
SIGPIPE: [libjvm.so+0x5dff40], sa_mask[0]=0x7ffbfeff, sa_flags=0x10000004
SIGXFSZ: [libjvm.so+0x5dff40], sa_mask[0]=0x7ffbfeff, sa_flags=0x10000004
SIGILL: [libjvm.so+0x5dff40], sa_mask[0]=0x7ffbfeff, sa_flags=0x10000004
SIGUSR1: SIG_DFL, sa_mask[0]=0x00000000, sa_flags=0x00000000
SIGUSR2: [libjvm.so+0x5e31a0], sa_mask[0]=0x00000000, sa_flags=0x10000004
SIGHUP: [libjvm.so+0x5e2d80], sa_mask[0]=0x7ffbfeff, sa_flags=0x10000004
SIGINT: [libjvm.so+0x5e2d80], sa_mask[0]=0x7ffbfeff, sa_flags=0x10000004
SIGTERM: [libjvm.so+0x5e2d80], sa_mask[0]=0x7ffbfeff, sa_flags=0x10000004
SIGQUIT: [libjvm.so+0x5e2d80], sa_mask[0]=0x7ffbfeff, sa_flags=0x10000004


---------------  S Y S T E M  ---------------

OS:wheezy/sid

uname:Linux 3.0.0-32-generic #51-Ubuntu SMP Thu Mar 21 15:51:26 UTC 2013 i686
libc:glibc 2.13 NPTL 2.13 
rlimit: STACK 8192k, CORE 0k, NPROC 15915, NOFILE 4096, AS infinity
load average:0.68 0.61 0.66

/proc/meminfo:
MemTotal:        2051200 kB
MemFree:          209624 kB
Buffers:           79428 kB
Cached:          1040632 kB
SwapCached:         5260 kB
Active:          1066636 kB
Inactive:         690240 kB
Active(anon):     662328 kB
Inactive(anon):   267192 kB
Active(file):     404308 kB
Inactive(file):   423048 kB
Unevictable:          16 kB
Mlocked:              16 kB
HighTotal:       1176944 kB
HighFree:          17792 kB
LowTotal:         874256 kB
LowFree:          191832 kB
SwapTotal:       1952764 kB
SwapFree:        1907540 kB
Dirty:              1020 kB
Writeback:             0 kB
AnonPages:        632232 kB
Mapped:           139420 kB
Shmem:            292704 kB
Slab:              43956 kB
SReclaimable:      30048 kB
SUnreclaim:        13908 kB
KernelStack:        3528 kB
PageTables:         8316 kB
NFS_Unstable:          0 kB
Bounce:                0 kB
WritebackTmp:          0 kB
CommitLimit:     2978364 kB
Committed_AS:    3289748 kB
VmallocTotal:     122880 kB
VmallocUsed:       27396 kB
VmallocChunk:      91672 kB
HardwareCorrupted:     0 kB
AnonHugePages:         0 kB
HugePages_Total:       0
HugePages_Free:        0
HugePages_Rsvd:        0
HugePages_Surp:        0
Hugepagesize:       4096 kB
DirectMap4k:       16376 kB
DirectMap4M:      892928 kB


CPU:total 2 (2 cores per cpu, 1 threads per core) family 6 model 23 stepping 10, cmov, cx8, fxsr, mmx, sse, sse2, sse3, ssse3, sse4.1

/proc/cpuinfo:
processor	: 0
vendor_id	: GenuineIntel
cpu family	: 6
model		: 23
model name	: Intel(R) Core(TM)2 Duo CPU     E7500  @ 2.93GHz
stepping	: 10
cpu MHz		: 2933.000
cache size	: 3072 KB
physical id	: 0
siblings	: 2
core id		: 0
cpu cores	: 2
apicid		: 0
initial apicid	: 0
fdiv_bug	: no
hlt_bug		: no
f00f_bug	: no
coma_bug	: no
fpu		: yes
fpu_exception	: yes
cpuid level	: 13
wp		: yes
flags		: fpu vme de pse tsc msr pae mce cx8 apic mtrr pge mca cmov pat pse36 clflush dts acpi mmx fxsr sse sse2 ss ht tm pbe nx lm constant_tsc arch_perfmon pebs bts aperfmperf pni dtes64 monitor ds_cpl vmx est tm2 ssse3 cx16 xtpr pdcm sse4_1 xsave lahf_lm dtherm tpr_shadow vnmi flexpriority
bogomips	: 5851.42
clflush size	: 64
cache_alignment	: 64
address sizes	: 36 bits physical, 48 bits virtual
power management:

processor	: 1
vendor_id	: GenuineIntel
cpu family	: 6
model		: 23
model name	: Intel(R) Core(TM)2 Duo CPU     E7500  @ 2.93GHz
stepping	: 10
cpu MHz		: 2933.000
cache size	: 3072 KB
physical id	: 0
siblings	: 2
core id		: 1
cpu cores	: 2
apicid		: 1
initial apicid	: 1
fdiv_bug	: no
hlt_bug		: no
f00f_bug	: no
coma_bug	: no
fpu		: yes
fpu_exception	: yes
cpuid level	: 13
wp		: yes
flags		: fpu vme de pse tsc msr pae mce cx8 apic mtrr pge mca cmov pat pse36 clflush dts acpi mmx fxsr sse sse2 ss ht tm pbe nx lm constant_tsc arch_perfmon pebs bts aperfmperf pni dtes64 monitor ds_cpl vmx est tm2 ssse3 cx16 xtpr pdcm sse4_1 xsave lahf_lm dtherm tpr_shadow vnmi flexpriority
bogomips	: 5851.24
clflush size	: 64
cache_alignment	: 64
address sizes	: 36 bits physical, 48 bits virtual
power management:



Memory: 4k page, physical 2051200k(209624k free), swap 1952764k(1907540k free)

vm_info: Java HotSpot(TM) Server VM (20.5-b03) for linux-x86 JRE (1.6.0_30-b12), built on Nov 10 2011 01:04:19 by "java_re" with gcc 3.2.1-7a (J2SE release)

time: Thu May 16 14:54:40 2013
elapsed time: 0 seconds

