found!!!!!!:org/xml/sax/SAXException
found!!!!!!:org/apache/xerces/jaxp/DocumentBuilderFactoryImpl
found!!!!!!:org/xml/sax/SAXNotRecognizedException
found!!!!!!:org/xml/sax/SAXNotSupportedException
found!!!!!!:org/apache/xerces/jaxp/DocumentBuilderImpl
found!!!!!!:org/apache/xerces/jaxp/JAXPConstants
found!!!!!!:org/apache/xerces/xni/parser/XMLConfigurationException
found!!!!!!:org/apache/xerces/xni/XNIException
found!!!!!!:org/w3c/dom/Document
found!!!!!!:org/w3c/dom/Node
found!!!!!!:org/apache/xerces/parsers/AbstractDOMParser
found!!!!!!:org/apache/xerces/parsers/AbstractXMLDocumentParser
found!!!!!!:org/apache/xerces/xni/XMLDocumentHandler
found!!!!!!:org/apache/xerces/xni/XMLDTDHandler
found!!!!!!:org/apache/xerces/xni/XMLDTDContentModelHandler
found!!!!!!:org/apache/xerces/parsers/XMLParser
found!!!!!!:org/apache/xerces/parsers/DOMParser
found!!!!!!:org/xml/sax/ErrorHandler
found!!!!!!:org/apache/xerces/xni/parser/XMLDTDSource
found!!!!!!:org/apache/xerces/xni/parser/XMLComponentManager
found!!!!!!:org/apache/xerces/impl/xs/XMLSchemaValidator
found!!!!!!:org/apache/xerces/xni/parser/XMLComponent
found!!!!!!:org/apache/xerces/xni/parser/XMLDocumentFilter
found!!!!!!:org/apache/xerces/xni/parser/XMLDocumentSource
found!!!!!!:org/apache/xerces/impl/xs/identity/FieldActivator
found!!!!!!:org/apache/xerces/impl/RevalidationHandler
found!!!!!!:org/apache/xerces/jaxp/JAXPValidatorComponent
found!!!!!!:org/apache/xerces/jaxp/TeeXMLDocumentFilterImpl
found!!!!!!:org/apache/xerces/dom/CoreDocumentImpl
found!!!!!!:org/apache/xerces/dom/ParentNode
found!!!!!!:org/apache/xerces/dom/ChildNode
found!!!!!!:org/apache/xerces/dom/NodeImpl
found!!!!!!:org/w3c/dom/NodeList
found!!!!!!:org/w3c/dom/events/EventTarget
found!!!!!!:org/apache/xerces/dom/DeferredDocumentImpl
found!!!!!!:org/apache/xerces/dom/DeferredNode
found!!!!!!:org/apache/xerces/dom/DocumentImpl
found!!!!!!:org/w3c/dom/traversal/DocumentTraversal
found!!!!!!:org/w3c/dom/events/DocumentEvent
found!!!!!!:org/w3c/dom/ranges/DocumentRange
found!!!!!!:org/w3c/dom/DOMError
found!!!!!!:org/apache/xerces/dom/EntityImpl
found!!!!!!:org/w3c/dom/Entity
found!!!!!!:org/w3c/dom/CharacterData
found!!!!!!:org/apache/xerces/xs/ItemPSVI
found!!!!!!:org/apache/xerces/xs/XSSimpleTypeDefinition
found!!!!!!:org/apache/xerces/xs/XSTypeDefinition
found!!!!!!:org/apache/xerces/xs/XSObject
found!!!!!!:org/w3c/dom/Element
found!!!!!!:org/apache/xerces/dom/EntityReferenceImpl
found!!!!!!:org/w3c/dom/EntityReference
found!!!!!!:org/xml/sax/EntityResolver
found!!!!!!:org/apache/xerces/xni/parser/XMLEntityResolver
found!!!!!!:org/apache/xerces/xni/parser/XMLErrorHandler
found!!!!!!:org/apache/xerces/xni/parser/XMLParseException
found!!!!!!:org/xml/sax/Locator
found!!!!!!:org/xml/sax/SAXParseException
found!!!!!!:org/apache/xerces/parsers/ObjectFactory
found!!!!!!:org/apache/xerces/parsers/ObjectFactory$ConfigurationError
found!!!!!!:org/apache/xerces/parsers/SecuritySupport
found!!!!!!:org/apache/xerces/parsers/SecuritySupport$1
found!!!!!!:org/apache/xerces/parsers/SecuritySupport$2
found!!!!!!:org/apache/xerces/parsers/SecuritySupport$3
found!!!!!!:org/apache/xerces/parsers/SecuritySupport$4
found!!!!!!:org/apache/xerces/parsers/SecuritySupport$7
found!!!!!!:org/apache/xerces/parsers/SecuritySupport$6
found!!!!!!:org/apache/xerces/parsers/XIncludeAwareParserConfiguration
found!!!!!!:org/apache/xerces/parsers/XML11Configuration
found!!!!!!:org/apache/xerces/xni/parser/XMLPullParserConfiguration
found!!!!!!:org/apache/xerces/xni/parser/XMLParserConfiguration
found!!!!!!:org/apache/xerces/parsers/XML11Configurable
found!!!!!!:org/apache/xerces/util/ParserConfigurationSettings
found!!!!!!:org/apache/xerces/xni/parser/XMLDTDScanner
found!!!!!!:org/apache/xerces/xni/parser/XMLDTDContentModelSource
found!!!!!!:org/apache/xerces/impl/XMLDTDScannerImpl
found!!!!!!:org/apache/xerces/impl/XMLEntityHandler
found!!!!!!:org/apache/xerces/impl/XMLScanner
found!!!!!!:org/apache/xerces/impl/XML11DTDScannerImpl
found!!!!!!:org/apache/xerces/impl/dtd/XMLDTDProcessor
found!!!!!!:org/apache/xerces/xni/parser/XMLDTDFilter
found!!!!!!:org/apache/xerces/xni/parser/XMLDTDContentModelFilter
found!!!!!!:org/apache/xerces/impl/dtd/XML11DTDProcessor
found!!!!!!:org/apache/xerces/impl/dtd/XMLDTDLoader
found!!!!!!:org/apache/xerces/xni/grammars/XMLGrammarLoader
found!!!!!!:org/apache/xerces/xni/parser/XMLDocumentScanner
found!!!!!!:org/apache/xerces/impl/dtd/XMLDTDValidatorFilter
found!!!!!!:org/apache/xerces/impl/XMLDocumentFragmentScannerImpl
found!!!!!!:org/apache/xerces/impl/XML11NSDocumentScannerImpl
found!!!!!!:org/apache/xerces/impl/XML11DocumentScannerImpl
found!!!!!!:org/apache/xerces/impl/XMLDocumentScannerImpl
found!!!!!!:org/apache/xerces/impl/dtd/XMLDTDValidator
found!!!!!!:org/apache/xerces/impl/dtd/XML11NSDTDValidator
found!!!!!!:org/apache/xerces/impl/dtd/XML11DTDValidator
found!!!!!!:org/apache/xerces/util/MessageFormatter
found!!!!!!:org/apache/xerces/impl/XMLNSDocumentScannerImpl
found!!!!!!:org/apache/xerces/xni/XMLLocator
found!!!!!!:org/apache/xerces/impl/dtd/XMLNSDTDValidator
found!!!!!!:org/apache/xerces/xni/NamespaceContext
found!!!!!!:org/apache/xerces/util/SymbolTable
found!!!!!!:org/apache/xerces/xni/grammars/XMLGrammarPool
found!!!!!!:org/apache/xerces/util/SymbolTable$Entry
found!!!!!!:org/apache/xerces/impl/XMLEntityManager
found!!!!!!:org/apache/xerces/util/URI$MalformedURIException
